./makeplots.sh 100 
make[1]: Entering directory `/home/rszczers/ParallelMultiplication'
make[1]: Leaving directory `/home/rszczers/ParallelMultiplication'
make cannon NPROC=4 OMP_THREADS=1
9
make[1]: Entering directory `/home/rszczers/ParallelMultiplication'
make[1]: Leaving directory `/home/rszczers/ParallelMultiplication'
make cannon NPROC=9 OMP_THREADS=1
16
make[1]: Entering directory `/home/rszczers/ParallelMultiplication'
make[1]: Leaving directory `/home/rszczers/ParallelMultiplication'
make cannon NPROC=16 OMP_THREADS=1
25
make[1]: Entering directory `/home/rszczers/ParallelMultiplication'
make[1]: Leaving directory `/home/rszczers/ParallelMultiplication'
make cannon NPROC=25 OMP_THREADS=1
36
make[1]: Entering directory `/home/rszczers/ParallelMultiplication'
make[1]: Leaving directory `/home/rszczers/ParallelMultiplication'
make cannon NPROC=36 OMP_THREADS=1
49
make[1]: Entering directory `/home/rszczers/ParallelMultiplication'
make[1]: Leaving directory `/home/rszczers/ParallelMultiplication'
make cannon NPROC=49 OMP_THREADS=1
64
make[1]: Entering directory `/home/rszczers/ParallelMultiplication'
make[1]: Leaving directory `/home/rszczers/ParallelMultiplication'
make cannon NPROC=64 OMP_THREADS=1
81
make[1]: Entering directory `/home/rszczers/ParallelMultiplication'
make[1]: Leaving directory `/home/rszczers/ParallelMultiplication'
make cannon NPROC=81 OMP_THREADS=1
100
make[1]: Entering directory `/home/rszczers/ParallelMultiplication'
make[1]: Leaving directory `/home/rszczers/ParallelMultiplication'
make cannon NPROC=100 OMP_THREADS=1
121
make[1]: Entering directory `/home/rszczers/ParallelMultiplication'
make[1]: Leaving directory `/home/rszczers/ParallelMultiplication'
make cannon_dgemm NPROC=4 OMP_THREADS=1
9
make[1]: Entering directory `/home/rszczers/ParallelMultiplication'
make[1]: Leaving directory `/home/rszczers/ParallelMultiplication'
make cannon_dgemm NPROC=9 OMP_THREADS=2
9
make[1]: Entering directory `/home/rszczers/ParallelMultiplication'
make[1]: Leaving directory `/home/rszczers/ParallelMultiplication'
make cannon_dgemm NPROC=9 OMP_THREADS=3
9
make[1]: Entering directory `/home/rszczers/ParallelMultiplication'
make[1]: Leaving directory `/home/rszczers/ParallelMultiplication'
make cannon_dgemm NPROC=9 OMP_THREADS=4
9
make[1]: Entering directory `/home/rszczers/ParallelMultiplication'
make[1]: Leaving directory `/home/rszczers/ParallelMultiplication'
make cannon_dgemm NPROC=9 OMP_THREADS=5
9
make[1]: Entering directory `/home/rszczers/ParallelMultiplication'
make[1]: Leaving directory `/home/rszczers/ParallelMultiplication'
make cannon_dgemm NPROC=9 OMP_THREADS=6
9
make[1]: Entering directory `/home/rszczers/ParallelMultiplication'
make[1]: Leaving directory `/home/rszczers/ParallelMultiplication'
make cannon_dgemm NPROC=9 OMP_THREADS=7
9
make[1]: Entering directory `/home/rszczers/ParallelMultiplication'
make[1]: Leaving directory `/home/rszczers/ParallelMultiplication'
make cannon_dgemm NPROC=9 OMP_THREADS=8
9
make[1]: Entering directory `/home/rszczers/ParallelMultiplication'
make[1]: Leaving directory `/home/rszczers/ParallelMultiplication'
make cannon_dgemm NPROC=9 OMP_THREADS=9
9
make[1]: Entering directory `/home/rszczers/ParallelMultiplication'
make[1]: Leaving directory `/home/rszczers/ParallelMultiplication'
make cannon_dgemm NPROC=9 OMP_THREADS=10
9
make[1]: Entering directory `/home/rszczers/ParallelMultiplication'
make[1]: Leaving directory `/home/rszczers/ParallelMultiplication'
make cannon_dgemm NPROC=9 OMP_THREADS=11
9
make[1]: Entering directory `/home/rszczers/ParallelMultiplication'
make[1]: Leaving directory `/home/rszczers/ParallelMultiplication'
make cannon_dgemm NPROC=9 OMP_THREADS=12
9
make[1]: Entering directory `/home/rszczers/ParallelMultiplication'
make[1]: Leaving directory `/home/rszczers/ParallelMultiplication'
make cannon_dgemm NPROC=9 OMP_THREADS=13
9
make[1]: Entering directory `/home/rszczers/ParallelMultiplication'
make[1]: Leaving directory `/home/rszczers/ParallelMultiplication'
make cannon_dgemm NPROC=9 OMP_THREADS=14
9
make[1]: Entering directory `/home/rszczers/ParallelMultiplication'
make[1]: Leaving directory `/home/rszczers/ParallelMultiplication'
make cannon_dgemm NPROC=9 OMP_THREADS=15
9
make[1]: Entering directory `/home/rszczers/ParallelMultiplication'
make[1]: Leaving directory `/home/rszczers/ParallelMultiplication'
make cannon_dgemm NPROC=9 OMP_THREADS=16
9
make[1]: Entering directory `/home/rszczers/ParallelMultiplication'
make[1]: Leaving directory `/home/rszczers/ParallelMultiplication'
make cannon_dgemm NPROC=9 OMP_THREADS=17
9
make[1]: Entering directory `/home/rszczers/ParallelMultiplication'
make[1]: Leaving directory `/home/rszczers/ParallelMultiplication'
make cannon_dgemm NPROC=9 OMP_THREADS=18
9
make[1]: Entering directory `/home/rszczers/ParallelMultiplication'
make[1]: Leaving directory `/home/rszczers/ParallelMultiplication'
make cannon_dgemm NPROC=9 OMP_THREADS=19
9
make[1]: Entering directory `/home/rszczers/ParallelMultiplication'
make[1]: Leaving directory `/home/rszczers/ParallelMultiplication'
make cannon_dgemm NPROC=9 OMP_THREADS=20
9
make[1]: Entering directory `/home/rszczers/ParallelMultiplication'
make[1]: Leaving directory `/home/rszczers/ParallelMultiplication'
make cannon_dgemm NPROC=9 OMP_THREADS=21
9
make[1]: Entering directory `/home/rszczers/ParallelMultiplication'
make[1]: Leaving directory `/home/rszczers/ParallelMultiplication'
make cannon_dgemm NPROC=9 OMP_THREADS=22
9
make[1]: Entering directory `/home/rszczers/ParallelMultiplication'
make[1]: Leaving directory `/home/rszczers/ParallelMultiplication'
make cannon_dgemm NPROC=9 OMP_THREADS=23
9
make[1]: Entering directory `/home/rszczers/ParallelMultiplication'
make[1]: Leaving directory `/home/rszczers/ParallelMultiplication'
make cannon_dgemm NPROC=9 OMP_THREADS=24
9
make[1]: Entering directory `/home/rszczers/ParallelMultiplication'
make[1]: Leaving directory `/home/rszczers/ParallelMultiplication'
make cannon_dgemm NPROC=9 OMP_THREADS=1
16
make[1]: Entering directory `/home/rszczers/ParallelMultiplication'
make[1]: Leaving directory `/home/rszczers/ParallelMultiplication'
make cannon_dgemm NPROC=16 OMP_THREADS=2
16
make[1]: Entering directory `/home/rszczers/ParallelMultiplication'
make[1]: Leaving directory `/home/rszczers/ParallelMultiplication'
make cannon_dgemm NPROC=16 OMP_THREADS=3
16
make[1]: Entering directory `/home/rszczers/ParallelMultiplication'
make[1]: Leaving directory `/home/rszczers/ParallelMultiplication'
make cannon_dgemm NPROC=16 OMP_THREADS=4
16
make[1]: Entering directory `/home/rszczers/ParallelMultiplication'
make[1]: Leaving directory `/home/rszczers/ParallelMultiplication'
make cannon_dgemm NPROC=16 OMP_THREADS=5
16
make[1]: Entering directory `/home/rszczers/ParallelMultiplication'
make[1]: Leaving directory `/home/rszczers/ParallelMultiplication'
make cannon_dgemm NPROC=16 OMP_THREADS=6
16
make[1]: Entering directory `/home/rszczers/ParallelMultiplication'
make[1]: Leaving directory `/home/rszczers/ParallelMultiplication'
make cannon_dgemm NPROC=16 OMP_THREADS=7
16
make[1]: Entering directory `/home/rszczers/ParallelMultiplication'
make[1]: Leaving directory `/home/rszczers/ParallelMultiplication'
make cannon_dgemm NPROC=16 OMP_THREADS=8
16
make[1]: Entering directory `/home/rszczers/ParallelMultiplication'
make[1]: Leaving directory `/home/rszczers/ParallelMultiplication'
make cannon_dgemm NPROC=16 OMP_THREADS=9
16
make[1]: Entering directory `/home/rszczers/ParallelMultiplication'
make[1]: Leaving directory `/home/rszczers/ParallelMultiplication'
make cannon_dgemm NPROC=16 OMP_THREADS=10
16
make[1]: Entering directory `/home/rszczers/ParallelMultiplication'
make[1]: Leaving directory `/home/rszczers/ParallelMultiplication'
make cannon_dgemm NPROC=16 OMP_THREADS=11
16
make[1]: Entering directory `/home/rszczers/ParallelMultiplication'
make[1]: Leaving directory `/home/rszczers/ParallelMultiplication'
make cannon_dgemm NPROC=16 OMP_THREADS=12
16
make[1]: Entering directory `/home/rszczers/ParallelMultiplication'
make[1]: Leaving directory `/home/rszczers/ParallelMultiplication'
make cannon_dgemm NPROC=16 OMP_THREADS=13
16
make[1]: Entering directory `/home/rszczers/ParallelMultiplication'
make[1]: Leaving directory `/home/rszczers/ParallelMultiplication'
make cannon_dgemm NPROC=16 OMP_THREADS=14
16
make[1]: Entering directory `/home/rszczers/ParallelMultiplication'
make[1]: Leaving directory `/home/rszczers/ParallelMultiplication'
make cannon_dgemm NPROC=16 OMP_THREADS=15
16
make[1]: Entering directory `/home/rszczers/ParallelMultiplication'
make[1]: Leaving directory `/home/rszczers/ParallelMultiplication'
make cannon_dgemm NPROC=16 OMP_THREADS=16
16
make[1]: Entering directory `/home/rszczers/ParallelMultiplication'
make[1]: Leaving directory `/home/rszczers/ParallelMultiplication'
make cannon_dgemm NPROC=16 OMP_THREADS=17
16
make[1]: Entering directory `/home/rszczers/ParallelMultiplication'
make[1]: Leaving directory `/home/rszczers/ParallelMultiplication'
make cannon_dgemm NPROC=16 OMP_THREADS=18
16
make[1]: Entering directory `/home/rszczers/ParallelMultiplication'
make[1]: Leaving directory `/home/rszczers/ParallelMultiplication'
make cannon_dgemm NPROC=16 OMP_THREADS=19
16
make[1]: Entering directory `/home/rszczers/ParallelMultiplication'
make[1]: Leaving directory `/home/rszczers/ParallelMultiplication'
make cannon_dgemm NPROC=16 OMP_THREADS=20
16
make[1]: Entering directory `/home/rszczers/ParallelMultiplication'
make[1]: Leaving directory `/home/rszczers/ParallelMultiplication'
make cannon_dgemm NPROC=16 OMP_THREADS=21
16
make[1]: Entering directory `/home/rszczers/ParallelMultiplication'
make[1]: Leaving directory `/home/rszczers/ParallelMultiplication'
make cannon_dgemm NPROC=16 OMP_THREADS=22
16
make[1]: Entering directory `/home/rszczers/ParallelMultiplication'
make[1]: Leaving directory `/home/rszczers/ParallelMultiplication'
make cannon_dgemm NPROC=16 OMP_THREADS=23
16
make[1]: Entering directory `/home/rszczers/ParallelMultiplication'
make[1]: Leaving directory `/home/rszczers/ParallelMultiplication'
make cannon_dgemm NPROC=16 OMP_THREADS=24
16
make[1]: Entering directory `/home/rszczers/ParallelMultiplication'
make[1]: Leaving directory `/home/rszczers/ParallelMultiplication'
make cannon_dgemm NPROC=16 OMP_THREADS=1
25
make[1]: Entering directory `/home/rszczers/ParallelMultiplication'
make[1]: Leaving directory `/home/rszczers/ParallelMultiplication'
make cannon_dgemm NPROC=25 OMP_THREADS=2
25
make[1]: Entering directory `/home/rszczers/ParallelMultiplication'
make[1]: Leaving directory `/home/rszczers/ParallelMultiplication'
make cannon_dgemm NPROC=25 OMP_THREADS=3
25
make[1]: Entering directory `/home/rszczers/ParallelMultiplication'
make[1]: Leaving directory `/home/rszczers/ParallelMultiplication'
make cannon_dgemm NPROC=25 OMP_THREADS=4
25
make[1]: Entering directory `/home/rszczers/ParallelMultiplication'
make[1]: Leaving directory `/home/rszczers/ParallelMultiplication'
make cannon_dgemm NPROC=25 OMP_THREADS=5
25
make[1]: Entering directory `/home/rszczers/ParallelMultiplication'
make[1]: Leaving directory `/home/rszczers/ParallelMultiplication'
make cannon_dgemm NPROC=25 OMP_THREADS=6
25
make[1]: Entering directory `/home/rszczers/ParallelMultiplication'
make[1]: Leaving directory `/home/rszczers/ParallelMultiplication'
make cannon_dgemm NPROC=25 OMP_THREADS=7
25
make[1]: Entering directory `/home/rszczers/ParallelMultiplication'
make[1]: Leaving directory `/home/rszczers/ParallelMultiplication'
make cannon_dgemm NPROC=25 OMP_THREADS=8
25
make[1]: Entering directory `/home/rszczers/ParallelMultiplication'
make[1]: Leaving directory `/home/rszczers/ParallelMultiplication'
make cannon_dgemm NPROC=25 OMP_THREADS=9
25
make[1]: Entering directory `/home/rszczers/ParallelMultiplication'
make[1]: Leaving directory `/home/rszczers/ParallelMultiplication'
make cannon_dgemm NPROC=25 OMP_THREADS=10
25
make[1]: Entering directory `/home/rszczers/ParallelMultiplication'
make[1]: Leaving directory `/home/rszczers/ParallelMultiplication'
make cannon_dgemm NPROC=25 OMP_THREADS=11
25
make[1]: Entering directory `/home/rszczers/ParallelMultiplication'
make[1]: Leaving directory `/home/rszczers/ParallelMultiplication'
make cannon_dgemm NPROC=25 OMP_THREADS=12
25
make[1]: Entering directory `/home/rszczers/ParallelMultiplication'
make[1]: Leaving directory `/home/rszczers/ParallelMultiplication'
make cannon_dgemm NPROC=25 OMP_THREADS=13
25
make[1]: Entering directory `/home/rszczers/ParallelMultiplication'
make[1]: Leaving directory `/home/rszczers/ParallelMultiplication'
make cannon_dgemm NPROC=25 OMP_THREADS=14
25
make[1]: Entering directory `/home/rszczers/ParallelMultiplication'
make[1]: Leaving directory `/home/rszczers/ParallelMultiplication'
make cannon_dgemm NPROC=25 OMP_THREADS=15
25
make[1]: Entering directory `/home/rszczers/ParallelMultiplication'
make[1]: Leaving directory `/home/rszczers/ParallelMultiplication'
make cannon_dgemm NPROC=25 OMP_THREADS=16
25
make[1]: Entering directory `/home/rszczers/ParallelMultiplication'
make[1]: Leaving directory `/home/rszczers/ParallelMultiplication'
make cannon_dgemm NPROC=25 OMP_THREADS=17
25
make[1]: Entering directory `/home/rszczers/ParallelMultiplication'
make[1]: Leaving directory `/home/rszczers/ParallelMultiplication'
make cannon_dgemm NPROC=25 OMP_THREADS=18
25
make[1]: Entering directory `/home/rszczers/ParallelMultiplication'
make[1]: Leaving directory `/home/rszczers/ParallelMultiplication'
make cannon_dgemm NPROC=25 OMP_THREADS=19
25
make[1]: Entering directory `/home/rszczers/ParallelMultiplication'
make[1]: Leaving directory `/home/rszczers/ParallelMultiplication'
make cannon_dgemm NPROC=25 OMP_THREADS=20
25
make[1]: Entering directory `/home/rszczers/ParallelMultiplication'
make[1]: Leaving directory `/home/rszczers/ParallelMultiplication'
make cannon_dgemm NPROC=25 OMP_THREADS=21
25
make[1]: Entering directory `/home/rszczers/ParallelMultiplication'
make[1]: Leaving directory `/home/rszczers/ParallelMultiplication'
make cannon_dgemm NPROC=25 OMP_THREADS=22
25
make[1]: Entering directory `/home/rszczers/ParallelMultiplication'
make[1]: Leaving directory `/home/rszczers/ParallelMultiplication'
make cannon_dgemm NPROC=25 OMP_THREADS=23
25
make[1]: Entering directory `/home/rszczers/ParallelMultiplication'
make[1]: Leaving directory `/home/rszczers/ParallelMultiplication'
make cannon_dgemm NPROC=25 OMP_THREADS=24
25
make[1]: Entering directory `/home/rszczers/ParallelMultiplication'
make[1]: Leaving directory `/home/rszczers/ParallelMultiplication'
make cannon_dgemm NPROC=25 OMP_THREADS=1
36
make[1]: Entering directory `/home/rszczers/ParallelMultiplication'
make[1]: Leaving directory `/home/rszczers/ParallelMultiplication'
make cannon_dgemm NPROC=36 OMP_THREADS=2
36
make[1]: Entering directory `/home/rszczers/ParallelMultiplication'
make[1]: Leaving directory `/home/rszczers/ParallelMultiplication'
make cannon_dgemm NPROC=36 OMP_THREADS=3
36
make[1]: Entering directory `/home/rszczers/ParallelMultiplication'
make[1]: Leaving directory `/home/rszczers/ParallelMultiplication'
make cannon_dgemm NPROC=36 OMP_THREADS=4
36
make[1]: Entering directory `/home/rszczers/ParallelMultiplication'
make[1]: Leaving directory `/home/rszczers/ParallelMultiplication'
make cannon_dgemm NPROC=36 OMP_THREADS=5
36
make[1]: Entering directory `/home/rszczers/ParallelMultiplication'
make[1]: Leaving directory `/home/rszczers/ParallelMultiplication'
make cannon_dgemm NPROC=36 OMP_THREADS=6
36
make[1]: Entering directory `/home/rszczers/ParallelMultiplication'
make[1]: Leaving directory `/home/rszczers/ParallelMultiplication'
make cannon_dgemm NPROC=36 OMP_THREADS=7
36
make[1]: Entering directory `/home/rszczers/ParallelMultiplication'
make[1]: Leaving directory `/home/rszczers/ParallelMultiplication'
make cannon_dgemm NPROC=36 OMP_THREADS=8
36
make[1]: Entering directory `/home/rszczers/ParallelMultiplication'
make[1]: Leaving directory `/home/rszczers/ParallelMultiplication'
make cannon_dgemm NPROC=36 OMP_THREADS=9
36
make[1]: Entering directory `/home/rszczers/ParallelMultiplication'
make[1]: Leaving directory `/home/rszczers/ParallelMultiplication'
make cannon_dgemm NPROC=36 OMP_THREADS=10
36
make[1]: Entering directory `/home/rszczers/ParallelMultiplication'
make[1]: Leaving directory `/home/rszczers/ParallelMultiplication'
make cannon_dgemm NPROC=36 OMP_THREADS=11
36
make[1]: Entering directory `/home/rszczers/ParallelMultiplication'
make[1]: Leaving directory `/home/rszczers/ParallelMultiplication'
make cannon_dgemm NPROC=36 OMP_THREADS=12
36
make[1]: Entering directory `/home/rszczers/ParallelMultiplication'
make[1]: Leaving directory `/home/rszczers/ParallelMultiplication'
make cannon_dgemm NPROC=36 OMP_THREADS=13
36
make[1]: Entering directory `/home/rszczers/ParallelMultiplication'
make[1]: Leaving directory `/home/rszczers/ParallelMultiplication'
make cannon_dgemm NPROC=36 OMP_THREADS=14
36
make[1]: Entering directory `/home/rszczers/ParallelMultiplication'
make[1]: Leaving directory `/home/rszczers/ParallelMultiplication'
make cannon_dgemm NPROC=36 OMP_THREADS=15
36
make[1]: Entering directory `/home/rszczers/ParallelMultiplication'
make[1]: Leaving directory `/home/rszczers/ParallelMultiplication'
make cannon_dgemm NPROC=36 OMP_THREADS=16
36
make[1]: Entering directory `/home/rszczers/ParallelMultiplication'
make[1]: Leaving directory `/home/rszczers/ParallelMultiplication'
make cannon_dgemm NPROC=36 OMP_THREADS=17
36
make[1]: Entering directory `/home/rszczers/ParallelMultiplication'
make[1]: Leaving directory `/home/rszczers/ParallelMultiplication'
make cannon_dgemm NPROC=36 OMP_THREADS=18
36
make[1]: Entering directory `/home/rszczers/ParallelMultiplication'
make[1]: Leaving directory `/home/rszczers/ParallelMultiplication'
make cannon_dgemm NPROC=36 OMP_THREADS=19
36
make[1]: Entering directory `/home/rszczers/ParallelMultiplication'
make[1]: Leaving directory `/home/rszczers/ParallelMultiplication'
make cannon_dgemm NPROC=36 OMP_THREADS=20
36
make[1]: Entering directory `/home/rszczers/ParallelMultiplication'
make[1]: Leaving directory `/home/rszczers/ParallelMultiplication'
make cannon_dgemm NPROC=36 OMP_THREADS=21
36
make[1]: Entering directory `/home/rszczers/ParallelMultiplication'
make[1]: Leaving directory `/home/rszczers/ParallelMultiplication'
make cannon_dgemm NPROC=36 OMP_THREADS=22
36
make[1]: Entering directory `/home/rszczers/ParallelMultiplication'
make[1]: Leaving directory `/home/rszczers/ParallelMultiplication'
make cannon_dgemm NPROC=36 OMP_THREADS=23
36
make[1]: Entering directory `/home/rszczers/ParallelMultiplication'
make[1]: Leaving directory `/home/rszczers/ParallelMultiplication'
make cannon_dgemm NPROC=36 OMP_THREADS=24
36
make[1]: Entering directory `/home/rszczers/ParallelMultiplication'
make[1]: Leaving directory `/home/rszczers/ParallelMultiplication'
make cannon_dgemm NPROC=36 OMP_THREADS=1
49
make[1]: Entering directory `/home/rszczers/ParallelMultiplication'
make[1]: Leaving directory `/home/rszczers/ParallelMultiplication'
make cannon_dgemm NPROC=49 OMP_THREADS=2
49
make[1]: Entering directory `/home/rszczers/ParallelMultiplication'
make[1]: Leaving directory `/home/rszczers/ParallelMultiplication'
make cannon_dgemm NPROC=49 OMP_THREADS=3
49
make[1]: Entering directory `/home/rszczers/ParallelMultiplication'
make[1]: Leaving directory `/home/rszczers/ParallelMultiplication'
make cannon_dgemm NPROC=49 OMP_THREADS=4
49
make[1]: Entering directory `/home/rszczers/ParallelMultiplication'
make[1]: Leaving directory `/home/rszczers/ParallelMultiplication'
make cannon_dgemm NPROC=49 OMP_THREADS=5
49
make[1]: Entering directory `/home/rszczers/ParallelMultiplication'
make[1]: Leaving directory `/home/rszczers/ParallelMultiplication'
make cannon_dgemm NPROC=49 OMP_THREADS=6
49
make[1]: Entering directory `/home/rszczers/ParallelMultiplication'
make[1]: Leaving directory `/home/rszczers/ParallelMultiplication'
make cannon_dgemm NPROC=49 OMP_THREADS=7
49
make[1]: Entering directory `/home/rszczers/ParallelMultiplication'
make[1]: Leaving directory `/home/rszczers/ParallelMultiplication'
make cannon_dgemm NPROC=49 OMP_THREADS=8
49
make[1]: Entering directory `/home/rszczers/ParallelMultiplication'
make[1]: Leaving directory `/home/rszczers/ParallelMultiplication'
make cannon_dgemm NPROC=49 OMP_THREADS=9
49
make[1]: Entering directory `/home/rszczers/ParallelMultiplication'
make[1]: Leaving directory `/home/rszczers/ParallelMultiplication'
make cannon_dgemm NPROC=49 OMP_THREADS=10
49
make[1]: Entering directory `/home/rszczers/ParallelMultiplication'
make[1]: Leaving directory `/home/rszczers/ParallelMultiplication'
make cannon_dgemm NPROC=49 OMP_THREADS=11
49
make[1]: Entering directory `/home/rszczers/ParallelMultiplication'
make[1]: Leaving directory `/home/rszczers/ParallelMultiplication'
make cannon_dgemm NPROC=49 OMP_THREADS=12
49
make[1]: Entering directory `/home/rszczers/ParallelMultiplication'
make[1]: Leaving directory `/home/rszczers/ParallelMultiplication'
make cannon_dgemm NPROC=49 OMP_THREADS=13
49
make[1]: Entering directory `/home/rszczers/ParallelMultiplication'
make[1]: Leaving directory `/home/rszczers/ParallelMultiplication'
make cannon_dgemm NPROC=49 OMP_THREADS=14
49
make[1]: Entering directory `/home/rszczers/ParallelMultiplication'
make[1]: Leaving directory `/home/rszczers/ParallelMultiplication'
make cannon_dgemm NPROC=49 OMP_THREADS=15
49
make[1]: Entering directory `/home/rszczers/ParallelMultiplication'
make[1]: Leaving directory `/home/rszczers/ParallelMultiplication'
make cannon_dgemm NPROC=49 OMP_THREADS=16
49
make[1]: Entering directory `/home/rszczers/ParallelMultiplication'
make[1]: Leaving directory `/home/rszczers/ParallelMultiplication'
make cannon_dgemm NPROC=49 OMP_THREADS=17
49
make[1]: Entering directory `/home/rszczers/ParallelMultiplication'
make[1]: Leaving directory `/home/rszczers/ParallelMultiplication'
make cannon_dgemm NPROC=49 OMP_THREADS=18
49
make[1]: Entering directory `/home/rszczers/ParallelMultiplication'
make[1]: Leaving directory `/home/rszczers/ParallelMultiplication'
make cannon_dgemm NPROC=49 OMP_THREADS=19
49
make[1]: Entering directory `/home/rszczers/ParallelMultiplication'
make[1]: Leaving directory `/home/rszczers/ParallelMultiplication'
make cannon_dgemm NPROC=49 OMP_THREADS=20
49
make[1]: Entering directory `/home/rszczers/ParallelMultiplication'
make[1]: Leaving directory `/home/rszczers/ParallelMultiplication'
make cannon_dgemm NPROC=49 OMP_THREADS=21
49
make[1]: Entering directory `/home/rszczers/ParallelMultiplication'
make[1]: Leaving directory `/home/rszczers/ParallelMultiplication'
make cannon_dgemm NPROC=49 OMP_THREADS=22
49
make[1]: Entering directory `/home/rszczers/ParallelMultiplication'
make[1]: Leaving directory `/home/rszczers/ParallelMultiplication'
make cannon_dgemm NPROC=49 OMP_THREADS=23
49
make[1]: Entering directory `/home/rszczers/ParallelMultiplication'
make[1]: Leaving directory `/home/rszczers/ParallelMultiplication'
make cannon_dgemm NPROC=49 OMP_THREADS=24
49
make[1]: Entering directory `/home/rszczers/ParallelMultiplication'
make[1]: Leaving directory `/home/rszczers/ParallelMultiplication'
make cannon_dgemm NPROC=49 OMP_THREADS=1
64
make[1]: Entering directory `/home/rszczers/ParallelMultiplication'
make[1]: Leaving directory `/home/rszczers/ParallelMultiplication'
make cannon_dgemm NPROC=64 OMP_THREADS=2
64
make[1]: Entering directory `/home/rszczers/ParallelMultiplication'
make[1]: Leaving directory `/home/rszczers/ParallelMultiplication'
make cannon_dgemm NPROC=64 OMP_THREADS=3
64
make[1]: Entering directory `/home/rszczers/ParallelMultiplication'
make[1]: Leaving directory `/home/rszczers/ParallelMultiplication'
make cannon_dgemm NPROC=64 OMP_THREADS=4
64
make[1]: Entering directory `/home/rszczers/ParallelMultiplication'
make[1]: Leaving directory `/home/rszczers/ParallelMultiplication'
make cannon_dgemm NPROC=64 OMP_THREADS=5
64
make[1]: Entering directory `/home/rszczers/ParallelMultiplication'
make[1]: Leaving directory `/home/rszczers/ParallelMultiplication'
make cannon_dgemm NPROC=64 OMP_THREADS=6
64
make[1]: Entering directory `/home/rszczers/ParallelMultiplication'
make[1]: Leaving directory `/home/rszczers/ParallelMultiplication'
make cannon_dgemm NPROC=64 OMP_THREADS=7
64
make[1]: Entering directory `/home/rszczers/ParallelMultiplication'
make[1]: Leaving directory `/home/rszczers/ParallelMultiplication'
make cannon_dgemm NPROC=64 OMP_THREADS=8
64
make[1]: Entering directory `/home/rszczers/ParallelMultiplication'
make[1]: Leaving directory `/home/rszczers/ParallelMultiplication'
make cannon_dgemm NPROC=64 OMP_THREADS=9
64
make[1]: Entering directory `/home/rszczers/ParallelMultiplication'
make[1]: Leaving directory `/home/rszczers/ParallelMultiplication'
make cannon_dgemm NPROC=64 OMP_THREADS=10
64
make[1]: Entering directory `/home/rszczers/ParallelMultiplication'
make[1]: Leaving directory `/home/rszczers/ParallelMultiplication'
make cannon_dgemm NPROC=64 OMP_THREADS=11
64
make[1]: Entering directory `/home/rszczers/ParallelMultiplication'
make[1]: Leaving directory `/home/rszczers/ParallelMultiplication'
make cannon_dgemm NPROC=64 OMP_THREADS=12
64
make[1]: Entering directory `/home/rszczers/ParallelMultiplication'
make[1]: Leaving directory `/home/rszczers/ParallelMultiplication'
make cannon_dgemm NPROC=64 OMP_THREADS=13
64
make[1]: Entering directory `/home/rszczers/ParallelMultiplication'
make[1]: Leaving directory `/home/rszczers/ParallelMultiplication'
make cannon_dgemm NPROC=64 OMP_THREADS=14
64
make[1]: Entering directory `/home/rszczers/ParallelMultiplication'
make[1]: Leaving directory `/home/rszczers/ParallelMultiplication'
make cannon_dgemm NPROC=64 OMP_THREADS=15
64
make[1]: Entering directory `/home/rszczers/ParallelMultiplication'
make[1]: Leaving directory `/home/rszczers/ParallelMultiplication'
make cannon_dgemm NPROC=64 OMP_THREADS=16
64
make[1]: Entering directory `/home/rszczers/ParallelMultiplication'
make[1]: Leaving directory `/home/rszczers/ParallelMultiplication'
make cannon_dgemm NPROC=64 OMP_THREADS=17
64
make[1]: Entering directory `/home/rszczers/ParallelMultiplication'
make[1]: Leaving directory `/home/rszczers/ParallelMultiplication'
make cannon_dgemm NPROC=64 OMP_THREADS=18
64
make[1]: Entering directory `/home/rszczers/ParallelMultiplication'
make[1]: Leaving directory `/home/rszczers/ParallelMultiplication'
make cannon_dgemm NPROC=64 OMP_THREADS=19
64
make[1]: Entering directory `/home/rszczers/ParallelMultiplication'
make[1]: Leaving directory `/home/rszczers/ParallelMultiplication'
make cannon_dgemm NPROC=64 OMP_THREADS=20
64
make[1]: Entering directory `/home/rszczers/ParallelMultiplication'
make[1]: Leaving directory `/home/rszczers/ParallelMultiplication'
make cannon_dgemm NPROC=64 OMP_THREADS=21
64
make[1]: Entering directory `/home/rszczers/ParallelMultiplication'
make[1]: Leaving directory `/home/rszczers/ParallelMultiplication'
make cannon_dgemm NPROC=64 OMP_THREADS=22
64
make[1]: Entering directory `/home/rszczers/ParallelMultiplication'
make[1]: Leaving directory `/home/rszczers/ParallelMultiplication'
make cannon_dgemm NPROC=64 OMP_THREADS=23
64
make[1]: Entering directory `/home/rszczers/ParallelMultiplication'
make[1]: Leaving directory `/home/rszczers/ParallelMultiplication'
make cannon_dgemm NPROC=64 OMP_THREADS=24
64
make[1]: Entering directory `/home/rszczers/ParallelMultiplication'
make[1]: Leaving directory `/home/rszczers/ParallelMultiplication'
make cannon_dgemm NPROC=64 OMP_THREADS=1
81
make[1]: Entering directory `/home/rszczers/ParallelMultiplication'
make[1]: Leaving directory `/home/rszczers/ParallelMultiplication'
make cannon_dgemm NPROC=81 OMP_THREADS=2
81
make[1]: Entering directory `/home/rszczers/ParallelMultiplication'
make[1]: Leaving directory `/home/rszczers/ParallelMultiplication'
make cannon_dgemm NPROC=81 OMP_THREADS=3
81
make[1]: Entering directory `/home/rszczers/ParallelMultiplication'
make[1]: Leaving directory `/home/rszczers/ParallelMultiplication'
make cannon_dgemm NPROC=81 OMP_THREADS=4
81
make[1]: Entering directory `/home/rszczers/ParallelMultiplication'
make[1]: Leaving directory `/home/rszczers/ParallelMultiplication'
make cannon_dgemm NPROC=81 OMP_THREADS=5
81
make[1]: Entering directory `/home/rszczers/ParallelMultiplication'
make[1]: Leaving directory `/home/rszczers/ParallelMultiplication'
make cannon_dgemm NPROC=81 OMP_THREADS=6
81
make[1]: Entering directory `/home/rszczers/ParallelMultiplication'
make[1]: Leaving directory `/home/rszczers/ParallelMultiplication'
make cannon_dgemm NPROC=81 OMP_THREADS=7
81
make[1]: Entering directory `/home/rszczers/ParallelMultiplication'
make[1]: Leaving directory `/home/rszczers/ParallelMultiplication'
make cannon_dgemm NPROC=81 OMP_THREADS=8
81
make[1]: Entering directory `/home/rszczers/ParallelMultiplication'
make[1]: Leaving directory `/home/rszczers/ParallelMultiplication'
make cannon_dgemm NPROC=81 OMP_THREADS=9
81
make[1]: Entering directory `/home/rszczers/ParallelMultiplication'
make[1]: Leaving directory `/home/rszczers/ParallelMultiplication'
make cannon_dgemm NPROC=81 OMP_THREADS=10
81
make[1]: Entering directory `/home/rszczers/ParallelMultiplication'
make[1]: Leaving directory `/home/rszczers/ParallelMultiplication'
make cannon_dgemm NPROC=81 OMP_THREADS=11
81
make[1]: Entering directory `/home/rszczers/ParallelMultiplication'
make[1]: Leaving directory `/home/rszczers/ParallelMultiplication'
make cannon_dgemm NPROC=81 OMP_THREADS=12
81
make[1]: Entering directory `/home/rszczers/ParallelMultiplication'
make[1]: Leaving directory `/home/rszczers/ParallelMultiplication'
make cannon_dgemm NPROC=81 OMP_THREADS=13
81
make[1]: Entering directory `/home/rszczers/ParallelMultiplication'
make[1]: Leaving directory `/home/rszczers/ParallelMultiplication'
make cannon_dgemm NPROC=81 OMP_THREADS=14
81
make[1]: Entering directory `/home/rszczers/ParallelMultiplication'
make[1]: Leaving directory `/home/rszczers/ParallelMultiplication'
make cannon_dgemm NPROC=81 OMP_THREADS=15
81
make[1]: Entering directory `/home/rszczers/ParallelMultiplication'
make[1]: Leaving directory `/home/rszczers/ParallelMultiplication'
make cannon_dgemm NPROC=81 OMP_THREADS=16
81
make[1]: Entering directory `/home/rszczers/ParallelMultiplication'
make[1]: Leaving directory `/home/rszczers/ParallelMultiplication'
make cannon_dgemm NPROC=81 OMP_THREADS=17
81
make[1]: Entering directory `/home/rszczers/ParallelMultiplication'
make[1]: Leaving directory `/home/rszczers/ParallelMultiplication'
make cannon_dgemm NPROC=81 OMP_THREADS=18
81
make[1]: Entering directory `/home/rszczers/ParallelMultiplication'
make[1]: Leaving directory `/home/rszczers/ParallelMultiplication'
make cannon_dgemm NPROC=81 OMP_THREADS=19
81
make[1]: Entering directory `/home/rszczers/ParallelMultiplication'
make[1]: Leaving directory `/home/rszczers/ParallelMultiplication'
make cannon_dgemm NPROC=81 OMP_THREADS=20
81
make[1]: Entering directory `/home/rszczers/ParallelMultiplication'
make[1]: Leaving directory `/home/rszczers/ParallelMultiplication'
make cannon_dgemm NPROC=81 OMP_THREADS=21
81
make[1]: Entering directory `/home/rszczers/ParallelMultiplication'
make[1]: Leaving directory `/home/rszczers/ParallelMultiplication'
make cannon_dgemm NPROC=81 OMP_THREADS=22
81
make[1]: Entering directory `/home/rszczers/ParallelMultiplication'
make[1]: Leaving directory `/home/rszczers/ParallelMultiplication'
make cannon_dgemm NPROC=81 OMP_THREADS=23
81
make[1]: Entering directory `/home/rszczers/ParallelMultiplication'
make[1]: Leaving directory `/home/rszczers/ParallelMultiplication'
make cannon_dgemm NPROC=81 OMP_THREADS=24
81
make[1]: Entering directory `/home/rszczers/ParallelMultiplication'
make[1]: Leaving directory `/home/rszczers/ParallelMultiplication'
make cannon_dgemm NPROC=81 OMP_THREADS=1
100
make[1]: Entering directory `/home/rszczers/ParallelMultiplication'
make[1]: Leaving directory `/home/rszczers/ParallelMultiplication'
make cannon_dgemm NPROC=100 OMP_THREADS=2
100
make[1]: Entering directory `/home/rszczers/ParallelMultiplication'
make[1]: Leaving directory `/home/rszczers/ParallelMultiplication'
make cannon_dgemm NPROC=100 OMP_THREADS=3
100
make[1]: Entering directory `/home/rszczers/ParallelMultiplication'
make[1]: Leaving directory `/home/rszczers/ParallelMultiplication'
make cannon_dgemm NPROC=100 OMP_THREADS=4
100
make[1]: Entering directory `/home/rszczers/ParallelMultiplication'
make[1]: Leaving directory `/home/rszczers/ParallelMultiplication'
make cannon_dgemm NPROC=100 OMP_THREADS=5
100
make[1]: Entering directory `/home/rszczers/ParallelMultiplication'
make[1]: Leaving directory `/home/rszczers/ParallelMultiplication'
make cannon_dgemm NPROC=100 OMP_THREADS=6
100
make[1]: Entering directory `/home/rszczers/ParallelMultiplication'
make[1]: Leaving directory `/home/rszczers/ParallelMultiplication'
make cannon_dgemm NPROC=100 OMP_THREADS=7
100
make[1]: Entering directory `/home/rszczers/ParallelMultiplication'
make[1]: Leaving directory `/home/rszczers/ParallelMultiplication'
make cannon_dgemm NPROC=100 OMP_THREADS=8
100
make[1]: Entering directory `/home/rszczers/ParallelMultiplication'
make[1]: Leaving directory `/home/rszczers/ParallelMultiplication'
make cannon_dgemm NPROC=100 OMP_THREADS=9
100
make[1]: Entering directory `/home/rszczers/ParallelMultiplication'
make[1]: Leaving directory `/home/rszczers/ParallelMultiplication'
make cannon_dgemm NPROC=100 OMP_THREADS=10
100
make[1]: Entering directory `/home/rszczers/ParallelMultiplication'
make[1]: Leaving directory `/home/rszczers/ParallelMultiplication'
make cannon_dgemm NPROC=100 OMP_THREADS=11
100
make[1]: Entering directory `/home/rszczers/ParallelMultiplication'
make[1]: Leaving directory `/home/rszczers/ParallelMultiplication'
make cannon_dgemm NPROC=100 OMP_THREADS=12
100
make[1]: Entering directory `/home/rszczers/ParallelMultiplication'
make[1]: Leaving directory `/home/rszczers/ParallelMultiplication'
make cannon_dgemm NPROC=100 OMP_THREADS=13
100
make[1]: Entering directory `/home/rszczers/ParallelMultiplication'
make[1]: Leaving directory `/home/rszczers/ParallelMultiplication'
make cannon_dgemm NPROC=100 OMP_THREADS=14
100
make[1]: Entering directory `/home/rszczers/ParallelMultiplication'
make[1]: Leaving directory `/home/rszczers/ParallelMultiplication'
make cannon_dgemm NPROC=100 OMP_THREADS=15
100
make[1]: Entering directory `/home/rszczers/ParallelMultiplication'
make[1]: Leaving directory `/home/rszczers/ParallelMultiplication'
make cannon_dgemm NPROC=100 OMP_THREADS=16
100
make[1]: Entering directory `/home/rszczers/ParallelMultiplication'
make[1]: Leaving directory `/home/rszczers/ParallelMultiplication'
make cannon_dgemm NPROC=100 OMP_THREADS=17
100
make[1]: Entering directory `/home/rszczers/ParallelMultiplication'
make[1]: Leaving directory `/home/rszczers/ParallelMultiplication'
make cannon_dgemm NPROC=100 OMP_THREADS=18
100
make[1]: Entering directory `/home/rszczers/ParallelMultiplication'
make[1]: Leaving directory `/home/rszczers/ParallelMultiplication'
make cannon_dgemm NPROC=100 OMP_THREADS=19
100
make[1]: Entering directory `/home/rszczers/ParallelMultiplication'
make[1]: Leaving directory `/home/rszczers/ParallelMultiplication'
make cannon_dgemm NPROC=100 OMP_THREADS=20
100
make[1]: Entering directory `/home/rszczers/ParallelMultiplication'
make[1]: Leaving directory `/home/rszczers/ParallelMultiplication'
make cannon_dgemm NPROC=100 OMP_THREADS=21
100
make[1]: Entering directory `/home/rszczers/ParallelMultiplication'
make[1]: Leaving directory `/home/rszczers/ParallelMultiplication'
make cannon_dgemm NPROC=100 OMP_THREADS=22
100
make[1]: Entering directory `/home/rszczers/ParallelMultiplication'
make[1]: Leaving directory `/home/rszczers/ParallelMultiplication'
make cannon_dgemm NPROC=100 OMP_THREADS=23
100
make[1]: Entering directory `/home/rszczers/ParallelMultiplication'
make[1]: Leaving directory `/home/rszczers/ParallelMultiplication'
make cannon_dgemm NPROC=100 OMP_THREADS=24
100
make[1]: Entering directory `/home/rszczers/ParallelMultiplication'
make[1]: Leaving directory `/home/rszczers/ParallelMultiplication'
make cannon_dgemm NPROC=100 OMP_THREADS=1
121
make[1]: Entering directory `/home/rszczers/ParallelMultiplication'
make[1]: Leaving directory `/home/rszczers/ParallelMultiplication'
make cannon_dgemm NPROC=121 OMP_THREADS=2
121
make[1]: Entering directory `/home/rszczers/ParallelMultiplication'
make[1]: Leaving directory `/home/rszczers/ParallelMultiplication'
make cannon_dgemm NPROC=121 OMP_THREADS=3
121
make[1]: Entering directory `/home/rszczers/ParallelMultiplication'
make[1]: Leaving directory `/home/rszczers/ParallelMultiplication'
make cannon_dgemm NPROC=121 OMP_THREADS=4
121
make[1]: Entering directory `/home/rszczers/ParallelMultiplication'
make[1]: Leaving directory `/home/rszczers/ParallelMultiplication'
make cannon_dgemm NPROC=121 OMP_THREADS=5
121
make[1]: Entering directory `/home/rszczers/ParallelMultiplication'
make[1]: Leaving directory `/home/rszczers/ParallelMultiplication'
make cannon_dgemm NPROC=121 OMP_THREADS=6
121
make[1]: Entering directory `/home/rszczers/ParallelMultiplication'
make[1]: Leaving directory `/home/rszczers/ParallelMultiplication'
make cannon_dgemm NPROC=121 OMP_THREADS=7
121
make[1]: Entering directory `/home/rszczers/ParallelMultiplication'
make[1]: Leaving directory `/home/rszczers/ParallelMultiplication'
make cannon_dgemm NPROC=121 OMP_THREADS=8
121
make[1]: Entering directory `/home/rszczers/ParallelMultiplication'
make[1]: Leaving directory `/home/rszczers/ParallelMultiplication'
make cannon_dgemm NPROC=121 OMP_THREADS=9
121
make[1]: Entering directory `/home/rszczers/ParallelMultiplication'
make[1]: Leaving directory `/home/rszczers/ParallelMultiplication'
make cannon_dgemm NPROC=121 OMP_THREADS=10
121
make[1]: Entering directory `/home/rszczers/ParallelMultiplication'
make[1]: Leaving directory `/home/rszczers/ParallelMultiplication'
make cannon_dgemm NPROC=121 OMP_THREADS=11
121
make[1]: Entering directory `/home/rszczers/ParallelMultiplication'
make[1]: Leaving directory `/home/rszczers/ParallelMultiplication'
make cannon_dgemm NPROC=121 OMP_THREADS=12
121
make[1]: Entering directory `/home/rszczers/ParallelMultiplication'
make[1]: Leaving directory `/home/rszczers/ParallelMultiplication'
make cannon_dgemm NPROC=121 OMP_THREADS=13
121
make[1]: Entering directory `/home/rszczers/ParallelMultiplication'
make[1]: Leaving directory `/home/rszczers/ParallelMultiplication'
make cannon_dgemm NPROC=121 OMP_THREADS=14
121
make[1]: Entering directory `/home/rszczers/ParallelMultiplication'
make[1]: Leaving directory `/home/rszczers/ParallelMultiplication'
make cannon_dgemm NPROC=121 OMP_THREADS=15
121
make[1]: Entering directory `/home/rszczers/ParallelMultiplication'
make[1]: Leaving directory `/home/rszczers/ParallelMultiplication'
make cannon_dgemm NPROC=121 OMP_THREADS=16
121
make[1]: Entering directory `/home/rszczers/ParallelMultiplication'
make[1]: Leaving directory `/home/rszczers/ParallelMultiplication'
make cannon_dgemm NPROC=121 OMP_THREADS=17
121
make[1]: Entering directory `/home/rszczers/ParallelMultiplication'
make[1]: Leaving directory `/home/rszczers/ParallelMultiplication'
make cannon_dgemm NPROC=121 OMP_THREADS=18
121
make[1]: Entering directory `/home/rszczers/ParallelMultiplication'
make[1]: Leaving directory `/home/rszczers/ParallelMultiplication'
make cannon_dgemm NPROC=121 OMP_THREADS=19
121
make[1]: Entering directory `/home/rszczers/ParallelMultiplication'
make[1]: Leaving directory `/home/rszczers/ParallelMultiplication'
make cannon_dgemm NPROC=121 OMP_THREADS=20
121
make[1]: Entering directory `/home/rszczers/ParallelMultiplication'
make[1]: Leaving directory `/home/rszczers/ParallelMultiplication'
make cannon_dgemm NPROC=121 OMP_THREADS=21
121
make[1]: Entering directory `/home/rszczers/ParallelMultiplication'
make[1]: Leaving directory `/home/rszczers/ParallelMultiplication'
make cannon_dgemm NPROC=121 OMP_THREADS=22
121
make[1]: Entering directory `/home/rszczers/ParallelMultiplication'
make[1]: Leaving directory `/home/rszczers/ParallelMultiplication'
make cannon_dgemm NPROC=121 OMP_THREADS=23
121
make[1]: Entering directory `/home/rszczers/ParallelMultiplication'
make[1]: Leaving directory `/home/rszczers/ParallelMultiplication'
make cannon_dgemm NPROC=121 OMP_THREADS=24
121
make[1]: Entering directory `/home/rszczers/ParallelMultiplication'
make[1]: Leaving directory `/home/rszczers/ParallelMultiplication'
make cannon_omp NPROC=4 OMP_THREADS=1
9
make[1]: Entering directory `/home/rszczers/ParallelMultiplication'
make[1]: Leaving directory `/home/rszczers/ParallelMultiplication'
make cannon_omp NPROC=9 OMP_THREADS=2
9
make[1]: Entering directory `/home/rszczers/ParallelMultiplication'
make[1]: Leaving directory `/home/rszczers/ParallelMultiplication'
make cannon_omp NPROC=9 OMP_THREADS=3
9
make[1]: Entering directory `/home/rszczers/ParallelMultiplication'
make[1]: Leaving directory `/home/rszczers/ParallelMultiplication'
make cannon_omp NPROC=9 OMP_THREADS=4
9
make[1]: Entering directory `/home/rszczers/ParallelMultiplication'
make[1]: Leaving directory `/home/rszczers/ParallelMultiplication'
make cannon_omp NPROC=9 OMP_THREADS=5
9
make[1]: Entering directory `/home/rszczers/ParallelMultiplication'
make[1]: Leaving directory `/home/rszczers/ParallelMultiplication'
make cannon_omp NPROC=9 OMP_THREADS=6
9
make[1]: Entering directory `/home/rszczers/ParallelMultiplication'
make[1]: Leaving directory `/home/rszczers/ParallelMultiplication'
make cannon_omp NPROC=9 OMP_THREADS=7
9
make[1]: Entering directory `/home/rszczers/ParallelMultiplication'
make[1]: Leaving directory `/home/rszczers/ParallelMultiplication'
make cannon_omp NPROC=9 OMP_THREADS=8
9
make[1]: Entering directory `/home/rszczers/ParallelMultiplication'
make[1]: Leaving directory `/home/rszczers/ParallelMultiplication'
make cannon_omp NPROC=9 OMP_THREADS=9
9
make[1]: Entering directory `/home/rszczers/ParallelMultiplication'
make[1]: Leaving directory `/home/rszczers/ParallelMultiplication'
make cannon_omp NPROC=9 OMP_THREADS=10
9
make[1]: Entering directory `/home/rszczers/ParallelMultiplication'
make[1]: Leaving directory `/home/rszczers/ParallelMultiplication'
make cannon_omp NPROC=9 OMP_THREADS=11
9
make[1]: Entering directory `/home/rszczers/ParallelMultiplication'
make[1]: Leaving directory `/home/rszczers/ParallelMultiplication'
make cannon_omp NPROC=9 OMP_THREADS=12
9
make[1]: Entering directory `/home/rszczers/ParallelMultiplication'
make[1]: Leaving directory `/home/rszczers/ParallelMultiplication'
make cannon_omp NPROC=9 OMP_THREADS=13
9
make[1]: Entering directory `/home/rszczers/ParallelMultiplication'
make[1]: Leaving directory `/home/rszczers/ParallelMultiplication'
make cannon_omp NPROC=9 OMP_THREADS=14
9
make[1]: Entering directory `/home/rszczers/ParallelMultiplication'
make[1]: Leaving directory `/home/rszczers/ParallelMultiplication'
make cannon_omp NPROC=9 OMP_THREADS=15
9
make[1]: Entering directory `/home/rszczers/ParallelMultiplication'
make[1]: Leaving directory `/home/rszczers/ParallelMultiplication'
make cannon_omp NPROC=9 OMP_THREADS=16
9
make[1]: Entering directory `/home/rszczers/ParallelMultiplication'
make[1]: Leaving directory `/home/rszczers/ParallelMultiplication'
make cannon_omp NPROC=9 OMP_THREADS=17
9
make[1]: Entering directory `/home/rszczers/ParallelMultiplication'
make[1]: Leaving directory `/home/rszczers/ParallelMultiplication'
make cannon_omp NPROC=9 OMP_THREADS=18
9
make[1]: Entering directory `/home/rszczers/ParallelMultiplication'
make[1]: Leaving directory `/home/rszczers/ParallelMultiplication'
make cannon_omp NPROC=9 OMP_THREADS=19
9
make[1]: Entering directory `/home/rszczers/ParallelMultiplication'
make[1]: Leaving directory `/home/rszczers/ParallelMultiplication'
make cannon_omp NPROC=9 OMP_THREADS=20
9
make[1]: Entering directory `/home/rszczers/ParallelMultiplication'
make[1]: Leaving directory `/home/rszczers/ParallelMultiplication'
make cannon_omp NPROC=9 OMP_THREADS=21
9
make[1]: Entering directory `/home/rszczers/ParallelMultiplication'
make[1]: Leaving directory `/home/rszczers/ParallelMultiplication'
make cannon_omp NPROC=9 OMP_THREADS=22
9
make[1]: Entering directory `/home/rszczers/ParallelMultiplication'
make[1]: Leaving directory `/home/rszczers/ParallelMultiplication'
make cannon_omp NPROC=9 OMP_THREADS=23
9
make[1]: Entering directory `/home/rszczers/ParallelMultiplication'
make[1]: Leaving directory `/home/rszczers/ParallelMultiplication'
make cannon_omp NPROC=9 OMP_THREADS=24
9
make[1]: Entering directory `/home/rszczers/ParallelMultiplication'
make[1]: Leaving directory `/home/rszczers/ParallelMultiplication'
make cannon_omp NPROC=9 OMP_THREADS=1
16
make[1]: Entering directory `/home/rszczers/ParallelMultiplication'
make[1]: Leaving directory `/home/rszczers/ParallelMultiplication'
make cannon_omp NPROC=16 OMP_THREADS=2
16
make[1]: Entering directory `/home/rszczers/ParallelMultiplication'
make[1]: Leaving directory `/home/rszczers/ParallelMultiplication'
make cannon_omp NPROC=16 OMP_THREADS=3
16
make[1]: Entering directory `/home/rszczers/ParallelMultiplication'
make[1]: Leaving directory `/home/rszczers/ParallelMultiplication'
make cannon_omp NPROC=16 OMP_THREADS=4
16
make[1]: Entering directory `/home/rszczers/ParallelMultiplication'
make[1]: Leaving directory `/home/rszczers/ParallelMultiplication'
make cannon_omp NPROC=16 OMP_THREADS=5
16
make[1]: Entering directory `/home/rszczers/ParallelMultiplication'
make[1]: Leaving directory `/home/rszczers/ParallelMultiplication'
make cannon_omp NPROC=16 OMP_THREADS=6
16
make[1]: Entering directory `/home/rszczers/ParallelMultiplication'
make[1]: Leaving directory `/home/rszczers/ParallelMultiplication'
make cannon_omp NPROC=16 OMP_THREADS=7
16
make[1]: Entering directory `/home/rszczers/ParallelMultiplication'
make[1]: Leaving directory `/home/rszczers/ParallelMultiplication'
make cannon_omp NPROC=16 OMP_THREADS=8
16
make[1]: Entering directory `/home/rszczers/ParallelMultiplication'
make[1]: Leaving directory `/home/rszczers/ParallelMultiplication'
make cannon_omp NPROC=16 OMP_THREADS=9
16
make[1]: Entering directory `/home/rszczers/ParallelMultiplication'
make[1]: Leaving directory `/home/rszczers/ParallelMultiplication'
make cannon_omp NPROC=16 OMP_THREADS=10
16
make[1]: Entering directory `/home/rszczers/ParallelMultiplication'
make[1]: Leaving directory `/home/rszczers/ParallelMultiplication'
make cannon_omp NPROC=16 OMP_THREADS=11
16
make[1]: Entering directory `/home/rszczers/ParallelMultiplication'
make[1]: Leaving directory `/home/rszczers/ParallelMultiplication'
make cannon_omp NPROC=16 OMP_THREADS=12
16
make[1]: Entering directory `/home/rszczers/ParallelMultiplication'
make[1]: Leaving directory `/home/rszczers/ParallelMultiplication'
make cannon_omp NPROC=16 OMP_THREADS=13
16
make[1]: Entering directory `/home/rszczers/ParallelMultiplication'
make[1]: Leaving directory `/home/rszczers/ParallelMultiplication'
make cannon_omp NPROC=16 OMP_THREADS=14
16
make[1]: Entering directory `/home/rszczers/ParallelMultiplication'
make[1]: Leaving directory `/home/rszczers/ParallelMultiplication'
make cannon_omp NPROC=16 OMP_THREADS=15
16
make[1]: Entering directory `/home/rszczers/ParallelMultiplication'
make[1]: Leaving directory `/home/rszczers/ParallelMultiplication'
make cannon_omp NPROC=16 OMP_THREADS=16
16
make[1]: Entering directory `/home/rszczers/ParallelMultiplication'
make[1]: Leaving directory `/home/rszczers/ParallelMultiplication'
make cannon_omp NPROC=16 OMP_THREADS=17
16
make[1]: Entering directory `/home/rszczers/ParallelMultiplication'
make[1]: Leaving directory `/home/rszczers/ParallelMultiplication'
make cannon_omp NPROC=16 OMP_THREADS=18
16
make[1]: Entering directory `/home/rszczers/ParallelMultiplication'
make[1]: Leaving directory `/home/rszczers/ParallelMultiplication'
make cannon_omp NPROC=16 OMP_THREADS=19
16
make[1]: Entering directory `/home/rszczers/ParallelMultiplication'
make[1]: Leaving directory `/home/rszczers/ParallelMultiplication'
make cannon_omp NPROC=16 OMP_THREADS=20
16
make[1]: Entering directory `/home/rszczers/ParallelMultiplication'
make[1]: Leaving directory `/home/rszczers/ParallelMultiplication'
make cannon_omp NPROC=16 OMP_THREADS=21
16
make[1]: Entering directory `/home/rszczers/ParallelMultiplication'
make[1]: Leaving directory `/home/rszczers/ParallelMultiplication'
make cannon_omp NPROC=16 OMP_THREADS=22
16
make[1]: Entering directory `/home/rszczers/ParallelMultiplication'
make[1]: Leaving directory `/home/rszczers/ParallelMultiplication'
make cannon_omp NPROC=16 OMP_THREADS=23
16
make[1]: Entering directory `/home/rszczers/ParallelMultiplication'
make[1]: Leaving directory `/home/rszczers/ParallelMultiplication'
make cannon_omp NPROC=16 OMP_THREADS=24
16
make[1]: Entering directory `/home/rszczers/ParallelMultiplication'
make[1]: Leaving directory `/home/rszczers/ParallelMultiplication'
make cannon_omp NPROC=16 OMP_THREADS=1
25
make[1]: Entering directory `/home/rszczers/ParallelMultiplication'
make[1]: Leaving directory `/home/rszczers/ParallelMultiplication'
make cannon_omp NPROC=25 OMP_THREADS=2
25
make[1]: Entering directory `/home/rszczers/ParallelMultiplication'
make[1]: Leaving directory `/home/rszczers/ParallelMultiplication'
make cannon_omp NPROC=25 OMP_THREADS=3
25
make[1]: Entering directory `/home/rszczers/ParallelMultiplication'
make[1]: Leaving directory `/home/rszczers/ParallelMultiplication'
make cannon_omp NPROC=25 OMP_THREADS=4
25
make[1]: Entering directory `/home/rszczers/ParallelMultiplication'
make[1]: Leaving directory `/home/rszczers/ParallelMultiplication'
make cannon_omp NPROC=25 OMP_THREADS=5
25
make[1]: Entering directory `/home/rszczers/ParallelMultiplication'
make[1]: Leaving directory `/home/rszczers/ParallelMultiplication'
make cannon_omp NPROC=25 OMP_THREADS=6
25
make[1]: Entering directory `/home/rszczers/ParallelMultiplication'
make[1]: Leaving directory `/home/rszczers/ParallelMultiplication'
make cannon_omp NPROC=25 OMP_THREADS=7
25
make[1]: Entering directory `/home/rszczers/ParallelMultiplication'
make[1]: Leaving directory `/home/rszczers/ParallelMultiplication'
make cannon_omp NPROC=25 OMP_THREADS=8
25
make[1]: Entering directory `/home/rszczers/ParallelMultiplication'
make[1]: Leaving directory `/home/rszczers/ParallelMultiplication'
make cannon_omp NPROC=25 OMP_THREADS=9
25
make[1]: Entering directory `/home/rszczers/ParallelMultiplication'
make[1]: Leaving directory `/home/rszczers/ParallelMultiplication'
make cannon_omp NPROC=25 OMP_THREADS=10
25
make[1]: Entering directory `/home/rszczers/ParallelMultiplication'
make[1]: Leaving directory `/home/rszczers/ParallelMultiplication'
make cannon_omp NPROC=25 OMP_THREADS=11
25
make[1]: Entering directory `/home/rszczers/ParallelMultiplication'
make[1]: Leaving directory `/home/rszczers/ParallelMultiplication'
make cannon_omp NPROC=25 OMP_THREADS=12
25
make[1]: Entering directory `/home/rszczers/ParallelMultiplication'
make[1]: Leaving directory `/home/rszczers/ParallelMultiplication'
make cannon_omp NPROC=25 OMP_THREADS=13
25
make[1]: Entering directory `/home/rszczers/ParallelMultiplication'
make[1]: Leaving directory `/home/rszczers/ParallelMultiplication'
make cannon_omp NPROC=25 OMP_THREADS=14
25
make[1]: Entering directory `/home/rszczers/ParallelMultiplication'
make[1]: Leaving directory `/home/rszczers/ParallelMultiplication'
make cannon_omp NPROC=25 OMP_THREADS=15
25
make[1]: Entering directory `/home/rszczers/ParallelMultiplication'
make[1]: Leaving directory `/home/rszczers/ParallelMultiplication'
make cannon_omp NPROC=25 OMP_THREADS=16
25
make[1]: Entering directory `/home/rszczers/ParallelMultiplication'
make[1]: Leaving directory `/home/rszczers/ParallelMultiplication'
make cannon_omp NPROC=25 OMP_THREADS=17
25
make[1]: Entering directory `/home/rszczers/ParallelMultiplication'
make[1]: Leaving directory `/home/rszczers/ParallelMultiplication'
make cannon_omp NPROC=25 OMP_THREADS=18
25
make[1]: Entering directory `/home/rszczers/ParallelMultiplication'
make[1]: Leaving directory `/home/rszczers/ParallelMultiplication'
make cannon_omp NPROC=25 OMP_THREADS=19
25
make[1]: Entering directory `/home/rszczers/ParallelMultiplication'
make[1]: Leaving directory `/home/rszczers/ParallelMultiplication'
make cannon_omp NPROC=25 OMP_THREADS=20
25
make[1]: Entering directory `/home/rszczers/ParallelMultiplication'
make[1]: Leaving directory `/home/rszczers/ParallelMultiplication'
make cannon_omp NPROC=25 OMP_THREADS=21
25
make[1]: Entering directory `/home/rszczers/ParallelMultiplication'
make[1]: Leaving directory `/home/rszczers/ParallelMultiplication'
make cannon_omp NPROC=25 OMP_THREADS=22
25
make[1]: Entering directory `/home/rszczers/ParallelMultiplication'
make[1]: Leaving directory `/home/rszczers/ParallelMultiplication'
make cannon_omp NPROC=25 OMP_THREADS=23
25
make[1]: Entering directory `/home/rszczers/ParallelMultiplication'
make[1]: Leaving directory `/home/rszczers/ParallelMultiplication'
make cannon_omp NPROC=25 OMP_THREADS=24
25
make[1]: Entering directory `/home/rszczers/ParallelMultiplication'
make[1]: Leaving directory `/home/rszczers/ParallelMultiplication'
make cannon_omp NPROC=25 OMP_THREADS=1
36
make[1]: Entering directory `/home/rszczers/ParallelMultiplication'
make[1]: Leaving directory `/home/rszczers/ParallelMultiplication'
make cannon_omp NPROC=36 OMP_THREADS=2
36
make[1]: Entering directory `/home/rszczers/ParallelMultiplication'
make[1]: Leaving directory `/home/rszczers/ParallelMultiplication'
make cannon_omp NPROC=36 OMP_THREADS=3
36
make[1]: Entering directory `/home/rszczers/ParallelMultiplication'
make[1]: Leaving directory `/home/rszczers/ParallelMultiplication'
make cannon_omp NPROC=36 OMP_THREADS=4
36
make[1]: Entering directory `/home/rszczers/ParallelMultiplication'
make[1]: Leaving directory `/home/rszczers/ParallelMultiplication'
make cannon_omp NPROC=36 OMP_THREADS=5
36
make[1]: Entering directory `/home/rszczers/ParallelMultiplication'
make[1]: Leaving directory `/home/rszczers/ParallelMultiplication'
make cannon_omp NPROC=36 OMP_THREADS=6
36
make[1]: Entering directory `/home/rszczers/ParallelMultiplication'
make[1]: Leaving directory `/home/rszczers/ParallelMultiplication'
make cannon_omp NPROC=36 OMP_THREADS=7
36
make[1]: Entering directory `/home/rszczers/ParallelMultiplication'
make[1]: Leaving directory `/home/rszczers/ParallelMultiplication'
make cannon_omp NPROC=36 OMP_THREADS=8
36
make[1]: Entering directory `/home/rszczers/ParallelMultiplication'
make[1]: Leaving directory `/home/rszczers/ParallelMultiplication'
make cannon_omp NPROC=36 OMP_THREADS=9
36
make[1]: Entering directory `/home/rszczers/ParallelMultiplication'
make[1]: Leaving directory `/home/rszczers/ParallelMultiplication'
make cannon_omp NPROC=36 OMP_THREADS=10
36
make[1]: Entering directory `/home/rszczers/ParallelMultiplication'
make[1]: Leaving directory `/home/rszczers/ParallelMultiplication'
make cannon_omp NPROC=36 OMP_THREADS=11
36
make[1]: Entering directory `/home/rszczers/ParallelMultiplication'
make[1]: Leaving directory `/home/rszczers/ParallelMultiplication'
make cannon_omp NPROC=36 OMP_THREADS=12
36
make[1]: Entering directory `/home/rszczers/ParallelMultiplication'
make[1]: Leaving directory `/home/rszczers/ParallelMultiplication'
make cannon_omp NPROC=36 OMP_THREADS=13
36
make[1]: Entering directory `/home/rszczers/ParallelMultiplication'
make[1]: Leaving directory `/home/rszczers/ParallelMultiplication'
make cannon_omp NPROC=36 OMP_THREADS=14
36
make[1]: Entering directory `/home/rszczers/ParallelMultiplication'
make[1]: Leaving directory `/home/rszczers/ParallelMultiplication'
make cannon_omp NPROC=36 OMP_THREADS=15
36
make[1]: Entering directory `/home/rszczers/ParallelMultiplication'
make[1]: Leaving directory `/home/rszczers/ParallelMultiplication'
make cannon_omp NPROC=36 OMP_THREADS=16
36
make[1]: Entering directory `/home/rszczers/ParallelMultiplication'
make[1]: Leaving directory `/home/rszczers/ParallelMultiplication'
make cannon_omp NPROC=36 OMP_THREADS=17
36
make[1]: Entering directory `/home/rszczers/ParallelMultiplication'
make[1]: Leaving directory `/home/rszczers/ParallelMultiplication'
make cannon_omp NPROC=36 OMP_THREADS=18
36
make[1]: Entering directory `/home/rszczers/ParallelMultiplication'
make[1]: Leaving directory `/home/rszczers/ParallelMultiplication'
make cannon_omp NPROC=36 OMP_THREADS=19
36
make[1]: Entering directory `/home/rszczers/ParallelMultiplication'
make[1]: Leaving directory `/home/rszczers/ParallelMultiplication'
make cannon_omp NPROC=36 OMP_THREADS=20
36
make[1]: Entering directory `/home/rszczers/ParallelMultiplication'
make[1]: Leaving directory `/home/rszczers/ParallelMultiplication'
make cannon_omp NPROC=36 OMP_THREADS=21
36
make[1]: Entering directory `/home/rszczers/ParallelMultiplication'
make[1]: Leaving directory `/home/rszczers/ParallelMultiplication'
make cannon_omp NPROC=36 OMP_THREADS=22
36
make[1]: Entering directory `/home/rszczers/ParallelMultiplication'
make[1]: Leaving directory `/home/rszczers/ParallelMultiplication'
make cannon_omp NPROC=36 OMP_THREADS=23
36
make[1]: Entering directory `/home/rszczers/ParallelMultiplication'
make[1]: Leaving directory `/home/rszczers/ParallelMultiplication'
make cannon_omp NPROC=36 OMP_THREADS=24
36
make[1]: Entering directory `/home/rszczers/ParallelMultiplication'
make[1]: Leaving directory `/home/rszczers/ParallelMultiplication'
make cannon_omp NPROC=36 OMP_THREADS=1
49
make[1]: Entering directory `/home/rszczers/ParallelMultiplication'
make[1]: Leaving directory `/home/rszczers/ParallelMultiplication'
make cannon_omp NPROC=49 OMP_THREADS=2
49
make[1]: Entering directory `/home/rszczers/ParallelMultiplication'
make[1]: Leaving directory `/home/rszczers/ParallelMultiplication'
make cannon_omp NPROC=49 OMP_THREADS=3
49
make[1]: Entering directory `/home/rszczers/ParallelMultiplication'
make[1]: Leaving directory `/home/rszczers/ParallelMultiplication'
make cannon_omp NPROC=49 OMP_THREADS=4
49
make[1]: Entering directory `/home/rszczers/ParallelMultiplication'
make[1]: Leaving directory `/home/rszczers/ParallelMultiplication'
make cannon_omp NPROC=49 OMP_THREADS=5
49
make[1]: Entering directory `/home/rszczers/ParallelMultiplication'
make[1]: Leaving directory `/home/rszczers/ParallelMultiplication'
make cannon_omp NPROC=49 OMP_THREADS=6
49
make[1]: Entering directory `/home/rszczers/ParallelMultiplication'
make[1]: Leaving directory `/home/rszczers/ParallelMultiplication'
make cannon_omp NPROC=49 OMP_THREADS=7
49
make[1]: Entering directory `/home/rszczers/ParallelMultiplication'
make[1]: Leaving directory `/home/rszczers/ParallelMultiplication'
make cannon_omp NPROC=49 OMP_THREADS=8
49
make[1]: Entering directory `/home/rszczers/ParallelMultiplication'
make[1]: Leaving directory `/home/rszczers/ParallelMultiplication'
make cannon_omp NPROC=49 OMP_THREADS=9
49
make[1]: Entering directory `/home/rszczers/ParallelMultiplication'
make[1]: Leaving directory `/home/rszczers/ParallelMultiplication'
make cannon_omp NPROC=49 OMP_THREADS=10
49
make[1]: Entering directory `/home/rszczers/ParallelMultiplication'
make[1]: Leaving directory `/home/rszczers/ParallelMultiplication'
make cannon_omp NPROC=49 OMP_THREADS=11
49
make[1]: Entering directory `/home/rszczers/ParallelMultiplication'
make[1]: Leaving directory `/home/rszczers/ParallelMultiplication'
make cannon_omp NPROC=49 OMP_THREADS=12
49
make[1]: Entering directory `/home/rszczers/ParallelMultiplication'
make[1]: Leaving directory `/home/rszczers/ParallelMultiplication'
make cannon_omp NPROC=49 OMP_THREADS=13
49
make[1]: Entering directory `/home/rszczers/ParallelMultiplication'
make[1]: Leaving directory `/home/rszczers/ParallelMultiplication'
make cannon_omp NPROC=49 OMP_THREADS=14
49
make[1]: Entering directory `/home/rszczers/ParallelMultiplication'
make[1]: Leaving directory `/home/rszczers/ParallelMultiplication'
make cannon_omp NPROC=49 OMP_THREADS=15
49
make[1]: Entering directory `/home/rszczers/ParallelMultiplication'
make[1]: Leaving directory `/home/rszczers/ParallelMultiplication'
make cannon_omp NPROC=49 OMP_THREADS=16
49
make[1]: Entering directory `/home/rszczers/ParallelMultiplication'
make[1]: Leaving directory `/home/rszczers/ParallelMultiplication'
make cannon_omp NPROC=49 OMP_THREADS=17
49
make[1]: Entering directory `/home/rszczers/ParallelMultiplication'
make[1]: Leaving directory `/home/rszczers/ParallelMultiplication'
make cannon_omp NPROC=49 OMP_THREADS=18
49
make[1]: Entering directory `/home/rszczers/ParallelMultiplication'
make[1]: Leaving directory `/home/rszczers/ParallelMultiplication'
make cannon_omp NPROC=49 OMP_THREADS=19
49
make[1]: Entering directory `/home/rszczers/ParallelMultiplication'
make[1]: Leaving directory `/home/rszczers/ParallelMultiplication'
make cannon_omp NPROC=49 OMP_THREADS=20
49
make[1]: Entering directory `/home/rszczers/ParallelMultiplication'
make[1]: Leaving directory `/home/rszczers/ParallelMultiplication'
make cannon_omp NPROC=49 OMP_THREADS=21
49
make[1]: Entering directory `/home/rszczers/ParallelMultiplication'
make[1]: Leaving directory `/home/rszczers/ParallelMultiplication'
make cannon_omp NPROC=49 OMP_THREADS=22
49
make[1]: Entering directory `/home/rszczers/ParallelMultiplication'
make[1]: Leaving directory `/home/rszczers/ParallelMultiplication'
make cannon_omp NPROC=49 OMP_THREADS=23
49
make[1]: Entering directory `/home/rszczers/ParallelMultiplication'
make[1]: Leaving directory `/home/rszczers/ParallelMultiplication'
make cannon_omp NPROC=49 OMP_THREADS=24
49
make[1]: Entering directory `/home/rszczers/ParallelMultiplication'
make[1]: Leaving directory `/home/rszczers/ParallelMultiplication'
make cannon_omp NPROC=49 OMP_THREADS=1
64
make[1]: Entering directory `/home/rszczers/ParallelMultiplication'
make[1]: Leaving directory `/home/rszczers/ParallelMultiplication'
make cannon_omp NPROC=64 OMP_THREADS=2
64
make[1]: Entering directory `/home/rszczers/ParallelMultiplication'
make[1]: Leaving directory `/home/rszczers/ParallelMultiplication'
make cannon_omp NPROC=64 OMP_THREADS=3
64
make[1]: Entering directory `/home/rszczers/ParallelMultiplication'
make[1]: Leaving directory `/home/rszczers/ParallelMultiplication'
make cannon_omp NPROC=64 OMP_THREADS=4
64
make[1]: Entering directory `/home/rszczers/ParallelMultiplication'
make[1]: Leaving directory `/home/rszczers/ParallelMultiplication'
make cannon_omp NPROC=64 OMP_THREADS=5
64
make[1]: Entering directory `/home/rszczers/ParallelMultiplication'
make[1]: Leaving directory `/home/rszczers/ParallelMultiplication'
make cannon_omp NPROC=64 OMP_THREADS=6
64
make[1]: Entering directory `/home/rszczers/ParallelMultiplication'
make[1]: Leaving directory `/home/rszczers/ParallelMultiplication'
make cannon_omp NPROC=64 OMP_THREADS=7
64
make[1]: Entering directory `/home/rszczers/ParallelMultiplication'
make[1]: Leaving directory `/home/rszczers/ParallelMultiplication'
make cannon_omp NPROC=64 OMP_THREADS=8
64
make[1]: Entering directory `/home/rszczers/ParallelMultiplication'
make[1]: Leaving directory `/home/rszczers/ParallelMultiplication'
make cannon_omp NPROC=64 OMP_THREADS=9
64
make[1]: Entering directory `/home/rszczers/ParallelMultiplication'
make[1]: Leaving directory `/home/rszczers/ParallelMultiplication'
make cannon_omp NPROC=64 OMP_THREADS=10
64
make[1]: Entering directory `/home/rszczers/ParallelMultiplication'
make[1]: Leaving directory `/home/rszczers/ParallelMultiplication'
make cannon_omp NPROC=64 OMP_THREADS=11
64
make[1]: Entering directory `/home/rszczers/ParallelMultiplication'
make[1]: Leaving directory `/home/rszczers/ParallelMultiplication'
make cannon_omp NPROC=64 OMP_THREADS=12
64
make[1]: Entering directory `/home/rszczers/ParallelMultiplication'
make[1]: Leaving directory `/home/rszczers/ParallelMultiplication'
make cannon_omp NPROC=64 OMP_THREADS=13
64
make[1]: Entering directory `/home/rszczers/ParallelMultiplication'
make[1]: Leaving directory `/home/rszczers/ParallelMultiplication'
make cannon_omp NPROC=64 OMP_THREADS=14
64
make[1]: Entering directory `/home/rszczers/ParallelMultiplication'
make[1]: Leaving directory `/home/rszczers/ParallelMultiplication'
make cannon_omp NPROC=64 OMP_THREADS=15
64
make[1]: Entering directory `/home/rszczers/ParallelMultiplication'
make[1]: Leaving directory `/home/rszczers/ParallelMultiplication'
make cannon_omp NPROC=64 OMP_THREADS=16
64
make[1]: Entering directory `/home/rszczers/ParallelMultiplication'
make[1]: Leaving directory `/home/rszczers/ParallelMultiplication'
make cannon_omp NPROC=64 OMP_THREADS=17
64
make[1]: Entering directory `/home/rszczers/ParallelMultiplication'
make[1]: Leaving directory `/home/rszczers/ParallelMultiplication'
make cannon_omp NPROC=64 OMP_THREADS=18
64
make[1]: Entering directory `/home/rszczers/ParallelMultiplication'
make[1]: Leaving directory `/home/rszczers/ParallelMultiplication'
make cannon_omp NPROC=64 OMP_THREADS=19
64
make[1]: Entering directory `/home/rszczers/ParallelMultiplication'
make[1]: Leaving directory `/home/rszczers/ParallelMultiplication'
make cannon_omp NPROC=64 OMP_THREADS=20
64
make[1]: Entering directory `/home/rszczers/ParallelMultiplication'
make[1]: Leaving directory `/home/rszczers/ParallelMultiplication'
make cannon_omp NPROC=64 OMP_THREADS=21
64
make[1]: Entering directory `/home/rszczers/ParallelMultiplication'
make[1]: Leaving directory `/home/rszczers/ParallelMultiplication'
make cannon_omp NPROC=64 OMP_THREADS=22
64
make[1]: Entering directory `/home/rszczers/ParallelMultiplication'
make[1]: Leaving directory `/home/rszczers/ParallelMultiplication'
make cannon_omp NPROC=64 OMP_THREADS=23
64
make[1]: Entering directory `/home/rszczers/ParallelMultiplication'
make[1]: Leaving directory `/home/rszczers/ParallelMultiplication'
make cannon_omp NPROC=64 OMP_THREADS=24
64
make[1]: Entering directory `/home/rszczers/ParallelMultiplication'
make[1]: Leaving directory `/home/rszczers/ParallelMultiplication'
make cannon_omp NPROC=64 OMP_THREADS=1
81
make[1]: Entering directory `/home/rszczers/ParallelMultiplication'
make[1]: Leaving directory `/home/rszczers/ParallelMultiplication'
make cannon_omp NPROC=81 OMP_THREADS=2
81
make[1]: Entering directory `/home/rszczers/ParallelMultiplication'
make[1]: Leaving directory `/home/rszczers/ParallelMultiplication'
make cannon_omp NPROC=81 OMP_THREADS=3
81
make[1]: Entering directory `/home/rszczers/ParallelMultiplication'
make[1]: Leaving directory `/home/rszczers/ParallelMultiplication'
make cannon_omp NPROC=81 OMP_THREADS=4
81
make[1]: Entering directory `/home/rszczers/ParallelMultiplication'
make[1]: Leaving directory `/home/rszczers/ParallelMultiplication'
make cannon_omp NPROC=81 OMP_THREADS=5
81
make[1]: Entering directory `/home/rszczers/ParallelMultiplication'
make[1]: Leaving directory `/home/rszczers/ParallelMultiplication'
make cannon_omp NPROC=81 OMP_THREADS=6
81
make[1]: Entering directory `/home/rszczers/ParallelMultiplication'
make[1]: Leaving directory `/home/rszczers/ParallelMultiplication'
make cannon_omp NPROC=81 OMP_THREADS=7
81
make[1]: Entering directory `/home/rszczers/ParallelMultiplication'
make[1]: Leaving directory `/home/rszczers/ParallelMultiplication'
make cannon_omp NPROC=81 OMP_THREADS=8
81
make[1]: Entering directory `/home/rszczers/ParallelMultiplication'
make[1]: Leaving directory `/home/rszczers/ParallelMultiplication'
make cannon_omp NPROC=81 OMP_THREADS=9
81
make[1]: Entering directory `/home/rszczers/ParallelMultiplication'
make[1]: Leaving directory `/home/rszczers/ParallelMultiplication'
make cannon_omp NPROC=81 OMP_THREADS=10
81
make[1]: Entering directory `/home/rszczers/ParallelMultiplication'
APPLICATION TERMINATED WITH THE EXIT STRING: Terminated (signal 15)
make[1]: Leaving directory `/home/rszczers/ParallelMultiplication'
make cannon_omp NPROC=81 OMP_THREADS=11
81
make[1]: Entering directory `/home/rszczers/ParallelMultiplication'
make[1]: Leaving directory `/home/rszczers/ParallelMultiplication'
make cannon_omp NPROC=81 OMP_THREADS=12
81
make[1]: Entering directory `/home/rszczers/ParallelMultiplication'
make[1]: Leaving directory `/home/rszczers/ParallelMultiplication'
make cannon_omp NPROC=81 OMP_THREADS=13
81
make[1]: Entering directory `/home/rszczers/ParallelMultiplication'
make[1]: Leaving directory `/home/rszczers/ParallelMultiplication'
make cannon_omp NPROC=81 OMP_THREADS=14
81
make[1]: Entering directory `/home/rszczers/ParallelMultiplication'
make[1]: Leaving directory `/home/rszczers/ParallelMultiplication'
make cannon_omp NPROC=81 OMP_THREADS=15
81
make[1]: Entering directory `/home/rszczers/ParallelMultiplication'
make[1]: Leaving directory `/home/rszczers/ParallelMultiplication'
make cannon_omp NPROC=81 OMP_THREADS=16
81
make[1]: Entering directory `/home/rszczers/ParallelMultiplication'
make[1]: Leaving directory `/home/rszczers/ParallelMultiplication'
make cannon_omp NPROC=81 OMP_THREADS=17
81
make[1]: Entering directory `/home/rszczers/ParallelMultiplication'
make[1]: Leaving directory `/home/rszczers/ParallelMultiplication'
make cannon_omp NPROC=81 OMP_THREADS=18
81
make[1]: Entering directory `/home/rszczers/ParallelMultiplication'
make[1]: Leaving directory `/home/rszczers/ParallelMultiplication'
make cannon_omp NPROC=81 OMP_THREADS=19
81
make[1]: Entering directory `/home/rszczers/ParallelMultiplication'
make[1]: Leaving directory `/home/rszczers/ParallelMultiplication'
make cannon_omp NPROC=81 OMP_THREADS=20
81
make[1]: Entering directory `/home/rszczers/ParallelMultiplication'
APPLICATION TERMINATED WITH THE EXIT STRING: Terminated (signal 15)
make[1]: Leaving directory `/home/rszczers/ParallelMultiplication'
make cannon_omp NPROC=81 OMP_THREADS=21
81
make[1]: Entering directory `/home/rszczers/ParallelMultiplication'
make[1]: Leaving directory `/home/rszczers/ParallelMultiplication'
make cannon_omp NPROC=81 OMP_THREADS=22
81
make[1]: Entering directory `/home/rszczers/ParallelMultiplication'
make[1]: Leaving directory `/home/rszczers/ParallelMultiplication'
make cannon_omp NPROC=81 OMP_THREADS=23
81
make[1]: Entering directory `/home/rszczers/ParallelMultiplication'
make[1]: Leaving directory `/home/rszczers/ParallelMultiplication'
make cannon_omp NPROC=81 OMP_THREADS=24
81
make[1]: Entering directory `/home/rszczers/ParallelMultiplication'
make[1]: Leaving directory `/home/rszczers/ParallelMultiplication'
make cannon_omp NPROC=81 OMP_THREADS=1
100
make[1]: Entering directory `/home/rszczers/ParallelMultiplication'
make[1]: Leaving directory `/home/rszczers/ParallelMultiplication'
make cannon_omp NPROC=100 OMP_THREADS=2
100
make[1]: Entering directory `/home/rszczers/ParallelMultiplication'
make[1]: Leaving directory `/home/rszczers/ParallelMultiplication'
make cannon_omp NPROC=100 OMP_THREADS=3
100
make[1]: Entering directory `/home/rszczers/ParallelMultiplication'
make[1]: Leaving directory `/home/rszczers/ParallelMultiplication'
make cannon_omp NPROC=100 OMP_THREADS=4
100
make[1]: Entering directory `/home/rszczers/ParallelMultiplication'
make[1]: Leaving directory `/home/rszczers/ParallelMultiplication'
make cannon_omp NPROC=100 OMP_THREADS=5
100
make[1]: Entering directory `/home/rszczers/ParallelMultiplication'
make[1]: Leaving directory `/home/rszczers/ParallelMultiplication'
make cannon_omp NPROC=100 OMP_THREADS=6
100
make[1]: Entering directory `/home/rszczers/ParallelMultiplication'
make[1]: Leaving directory `/home/rszczers/ParallelMultiplication'
make cannon_omp NPROC=100 OMP_THREADS=7
100
make[1]: Entering directory `/home/rszczers/ParallelMultiplication'
make[1]: Leaving directory `/home/rszczers/ParallelMultiplication'
make cannon_omp NPROC=100 OMP_THREADS=8
100
make[1]: Entering directory `/home/rszczers/ParallelMultiplication'
make[1]: Leaving directory `/home/rszczers/ParallelMultiplication'
make cannon_omp NPROC=100 OMP_THREADS=9
100
make[1]: Entering directory `/home/rszczers/ParallelMultiplication'
make[1]: Leaving directory `/home/rszczers/ParallelMultiplication'
make cannon_omp NPROC=100 OMP_THREADS=10
100
make[1]: Entering directory `/home/rszczers/ParallelMultiplication'
make[1]: Leaving directory `/home/rszczers/ParallelMultiplication'
make cannon_omp NPROC=100 OMP_THREADS=11
100
make[1]: Entering directory `/home/rszczers/ParallelMultiplication'
make[1]: Leaving directory `/home/rszczers/ParallelMultiplication'
make cannon_omp NPROC=100 OMP_THREADS=12
100
make[1]: Entering directory `/home/rszczers/ParallelMultiplication'
make[1]: Leaving directory `/home/rszczers/ParallelMultiplication'
make cannon_omp NPROC=100 OMP_THREADS=13
100
make[1]: Entering directory `/home/rszczers/ParallelMultiplication'
make[1]: Leaving directory `/home/rszczers/ParallelMultiplication'
make cannon_omp NPROC=100 OMP_THREADS=14
100
make[1]: Entering directory `/home/rszczers/ParallelMultiplication'
make[1]: Leaving directory `/home/rszczers/ParallelMultiplication'
make cannon_omp NPROC=100 OMP_THREADS=15
100
make[1]: Entering directory `/home/rszczers/ParallelMultiplication'
make[1]: Leaving directory `/home/rszczers/ParallelMultiplication'
make cannon_omp NPROC=100 OMP_THREADS=16
100
make[1]: Entering directory `/home/rszczers/ParallelMultiplication'
make[1]: Leaving directory `/home/rszczers/ParallelMultiplication'
make cannon_omp NPROC=100 OMP_THREADS=17
100
make[1]: Entering directory `/home/rszczers/ParallelMultiplication'
make[1]: Leaving directory `/home/rszczers/ParallelMultiplication'
make cannon_omp NPROC=100 OMP_THREADS=18
100
make[1]: Entering directory `/home/rszczers/ParallelMultiplication'
make[1]: Leaving directory `/home/rszczers/ParallelMultiplication'
make cannon_omp NPROC=100 OMP_THREADS=19
100
make[1]: Entering directory `/home/rszczers/ParallelMultiplication'
make[1]: Leaving directory `/home/rszczers/ParallelMultiplication'
make cannon_omp NPROC=100 OMP_THREADS=20
100
make[1]: Entering directory `/home/rszczers/ParallelMultiplication'
make[1]: Leaving directory `/home/rszczers/ParallelMultiplication'
make cannon_omp NPROC=100 OMP_THREADS=21
100
make[1]: Entering directory `/home/rszczers/ParallelMultiplication'
make[1]: Leaving directory `/home/rszczers/ParallelMultiplication'
make cannon_omp NPROC=100 OMP_THREADS=22
100
make[1]: Entering directory `/home/rszczers/ParallelMultiplication'
make[1]: Leaving directory `/home/rszczers/ParallelMultiplication'
make cannon_omp NPROC=100 OMP_THREADS=23
100
make[1]: Entering directory `/home/rszczers/ParallelMultiplication'
make[1]: Leaving directory `/home/rszczers/ParallelMultiplication'
make cannon_omp NPROC=100 OMP_THREADS=24
100
make[1]: Entering directory `/home/rszczers/ParallelMultiplication'
make[1]: Leaving directory `/home/rszczers/ParallelMultiplication'
make cannon_omp NPROC=100 OMP_THREADS=1
121
make[1]: Entering directory `/home/rszczers/ParallelMultiplication'
make[1]: Leaving directory `/home/rszczers/ParallelMultiplication'
make cannon_omp NPROC=121 OMP_THREADS=2
121
make[1]: Entering directory `/home/rszczers/ParallelMultiplication'
make[1]: Leaving directory `/home/rszczers/ParallelMultiplication'
make cannon_omp NPROC=121 OMP_THREADS=3
121
make[1]: Entering directory `/home/rszczers/ParallelMultiplication'
make[1]: Leaving directory `/home/rszczers/ParallelMultiplication'
make cannon_omp NPROC=121 OMP_THREADS=4
121
make[1]: Entering directory `/home/rszczers/ParallelMultiplication'
make[1]: Leaving directory `/home/rszczers/ParallelMultiplication'
make cannon_omp NPROC=121 OMP_THREADS=5
121
make[1]: Entering directory `/home/rszczers/ParallelMultiplication'
make[1]: Leaving directory `/home/rszczers/ParallelMultiplication'
make cannon_omp NPROC=121 OMP_THREADS=6
121
make[1]: Entering directory `/home/rszczers/ParallelMultiplication'
make[1]: Leaving directory `/home/rszczers/ParallelMultiplication'
make cannon_omp NPROC=121 OMP_THREADS=7
121
make[1]: Entering directory `/home/rszczers/ParallelMultiplication'
make[1]: Leaving directory `/home/rszczers/ParallelMultiplication'
make cannon_omp NPROC=121 OMP_THREADS=8
121
make[1]: Entering directory `/home/rszczers/ParallelMultiplication'
make[1]: Leaving directory `/home/rszczers/ParallelMultiplication'
make cannon_omp NPROC=121 OMP_THREADS=9
121
make[1]: Entering directory `/home/rszczers/ParallelMultiplication'
make[1]: Leaving directory `/home/rszczers/ParallelMultiplication'
make cannon_omp NPROC=121 OMP_THREADS=10
121
make[1]: Entering directory `/home/rszczers/ParallelMultiplication'
make[1]: Leaving directory `/home/rszczers/ParallelMultiplication'
make cannon_omp NPROC=121 OMP_THREADS=11
121
make[1]: Entering directory `/home/rszczers/ParallelMultiplication'
make[1]: Leaving directory `/home/rszczers/ParallelMultiplication'
make cannon_omp NPROC=121 OMP_THREADS=12
121
make[1]: Entering directory `/home/rszczers/ParallelMultiplication'
make[1]: Leaving directory `/home/rszczers/ParallelMultiplication'
make cannon_omp NPROC=121 OMP_THREADS=13
121
make[1]: Entering directory `/home/rszczers/ParallelMultiplication'
make[1]: Leaving directory `/home/rszczers/ParallelMultiplication'
make cannon_omp NPROC=121 OMP_THREADS=14
121
make[1]: Entering directory `/home/rszczers/ParallelMultiplication'
make[1]: Leaving directory `/home/rszczers/ParallelMultiplication'
make cannon_omp NPROC=121 OMP_THREADS=15
121
make[1]: Entering directory `/home/rszczers/ParallelMultiplication'
make[1]: Leaving directory `/home/rszczers/ParallelMultiplication'
make cannon_omp NPROC=121 OMP_THREADS=16
121
make[1]: Entering directory `/home/rszczers/ParallelMultiplication'
make[1]: Leaving directory `/home/rszczers/ParallelMultiplication'
make cannon_omp NPROC=121 OMP_THREADS=17
121
make[1]: Entering directory `/home/rszczers/ParallelMultiplication'
make[1]: Leaving directory `/home/rszczers/ParallelMultiplication'
make cannon_omp NPROC=121 OMP_THREADS=18
121
make[1]: Entering directory `/home/rszczers/ParallelMultiplication'
make[1]: Leaving directory `/home/rszczers/ParallelMultiplication'
make cannon_omp NPROC=121 OMP_THREADS=19
121
make[1]: Entering directory `/home/rszczers/ParallelMultiplication'
make[1]: Leaving directory `/home/rszczers/ParallelMultiplication'
make cannon_omp NPROC=121 OMP_THREADS=20
121
make[1]: Entering directory `/home/rszczers/ParallelMultiplication'
make[1]: Leaving directory `/home/rszczers/ParallelMultiplication'
make cannon_omp NPROC=121 OMP_THREADS=21
121
make[1]: Entering directory `/home/rszczers/ParallelMultiplication'
make[1]: Leaving directory `/home/rszczers/ParallelMultiplication'
make cannon_omp NPROC=121 OMP_THREADS=22
121
make[1]: Entering directory `/home/rszczers/ParallelMultiplication'
make[1]: Leaving directory `/home/rszczers/ParallelMultiplication'
make cannon_omp NPROC=121 OMP_THREADS=23
121
make[1]: Entering directory `/home/rszczers/ParallelMultiplication'
make[1]: Leaving directory `/home/rszczers/ParallelMultiplication'
make cannon_omp NPROC=121 OMP_THREADS=24
121
make[1]: Entering directory `/home/rszczers/ParallelMultiplication'
make[1]: Leaving directory `/home/rszczers/ParallelMultiplication'
make seq OMP_THREADS=1
make[1]: Entering directory `/home/rszczers/ParallelMultiplication'
make[1]: Leaving directory `/home/rszczers/ParallelMultiplication'
make seq OMP_THREADS=1
make[1]: Entering directory `/home/rszczers/ParallelMultiplication'
make[1]: Leaving directory `/home/rszczers/ParallelMultiplication'
make seq OMP_THREADS=1
make[1]: Entering directory `/home/rszczers/ParallelMultiplication'
make[1]: Leaving directory `/home/rszczers/ParallelMultiplication'
make mkl OMP_THREADS=1
make[1]: Entering directory `/home/rszczers/ParallelMultiplication'
make[1]: Leaving directory `/home/rszczers/ParallelMultiplication'
make mkl OMP_THREADS=2
make[1]: Entering directory `/home/rszczers/ParallelMultiplication'
make[1]: Leaving directory `/home/rszczers/ParallelMultiplication'
make mkl OMP_THREADS=3
make[1]: Entering directory `/home/rszczers/ParallelMultiplication'
make[1]: Leaving directory `/home/rszczers/ParallelMultiplication'
make mkl OMP_THREADS=4
make[1]: Entering directory `/home/rszczers/ParallelMultiplication'
make[1]: Leaving directory `/home/rszczers/ParallelMultiplication'
make mkl OMP_THREADS=5
make[1]: Entering directory `/home/rszczers/ParallelMultiplication'
make[1]: Leaving directory `/home/rszczers/ParallelMultiplication'
make mkl OMP_THREADS=6
make[1]: Entering directory `/home/rszczers/ParallelMultiplication'
make[1]: Leaving directory `/home/rszczers/ParallelMultiplication'
make mkl OMP_THREADS=7
make[1]: Entering directory `/home/rszczers/ParallelMultiplication'
make[1]: Leaving directory `/home/rszczers/ParallelMultiplication'
make mkl OMP_THREADS=8
make[1]: Entering directory `/home/rszczers/ParallelMultiplication'
make[1]: Leaving directory `/home/rszczers/ParallelMultiplication'
make mkl OMP_THREADS=9
make[1]: Entering directory `/home/rszczers/ParallelMultiplication'
make[1]: Leaving directory `/home/rszczers/ParallelMultiplication'
make mkl OMP_THREADS=10
make[1]: Entering directory `/home/rszczers/ParallelMultiplication'
make[1]: Leaving directory `/home/rszczers/ParallelMultiplication'
make mkl OMP_THREADS=11
make[1]: Entering directory `/home/rszczers/ParallelMultiplication'
make[1]: Leaving directory `/home/rszczers/ParallelMultiplication'
make mkl OMP_THREADS=12
make[1]: Entering directory `/home/rszczers/ParallelMultiplication'
make[1]: Leaving directory `/home/rszczers/ParallelMultiplication'
make mkl OMP_THREADS=13
make[1]: Entering directory `/home/rszczers/ParallelMultiplication'
make[1]: Leaving directory `/home/rszczers/ParallelMultiplication'
make mkl OMP_THREADS=14
make[1]: Entering directory `/home/rszczers/ParallelMultiplication'
make[1]: Leaving directory `/home/rszczers/ParallelMultiplication'
make mkl OMP_THREADS=15
make[1]: Entering directory `/home/rszczers/ParallelMultiplication'
make[1]: Leaving directory `/home/rszczers/ParallelMultiplication'
make mkl OMP_THREADS=16
make[1]: Entering directory `/home/rszczers/ParallelMultiplication'
make[1]: Leaving directory `/home/rszczers/ParallelMultiplication'
make mkl OMP_THREADS=17
make[1]: Entering directory `/home/rszczers/ParallelMultiplication'
make[1]: Leaving directory `/home/rszczers/ParallelMultiplication'
make mkl OMP_THREADS=18
make[1]: Entering directory `/home/rszczers/ParallelMultiplication'
make[1]: Leaving directory `/home/rszczers/ParallelMultiplication'
make mkl OMP_THREADS=19
make[1]: Entering directory `/home/rszczers/ParallelMultiplication'
make[1]: Leaving directory `/home/rszczers/ParallelMultiplication'
make mkl OMP_THREADS=20
make[1]: Entering directory `/home/rszczers/ParallelMultiplication'
make[1]: Leaving directory `/home/rszczers/ParallelMultiplication'
make mkl OMP_THREADS=21
make[1]: Entering directory `/home/rszczers/ParallelMultiplication'
make[1]: Leaving directory `/home/rszczers/ParallelMultiplication'
make mkl OMP_THREADS=22
make[1]: Entering directory `/home/rszczers/ParallelMultiplication'
make[1]: Leaving directory `/home/rszczers/ParallelMultiplication'
make mkl OMP_THREADS=23
make[1]: Entering directory `/home/rszczers/ParallelMultiplication'
make[1]: Leaving directory `/home/rszczers/ParallelMultiplication'
make mkl OMP_THREADS=24
make[1]: Entering directory `/home/rszczers/ParallelMultiplication'
make[1]: Leaving directory `/home/rszczers/ParallelMultiplication'
make omp OMP_THREADS=1
make[1]: Entering directory `/home/rszczers/ParallelMultiplication'
make[1]: Leaving directory `/home/rszczers/ParallelMultiplication'
make omp OMP_THREADS=2
make[1]: Entering directory `/home/rszczers/ParallelMultiplication'
make[1]: Leaving directory `/home/rszczers/ParallelMultiplication'
make omp OMP_THREADS=3
make[1]: Entering directory `/home/rszczers/ParallelMultiplication'
make[1]: Leaving directory `/home/rszczers/ParallelMultiplication'
make omp OMP_THREADS=4
make[1]: Entering directory `/home/rszczers/ParallelMultiplication'
make[1]: Leaving directory `/home/rszczers/ParallelMultiplication'
make omp OMP_THREADS=5
make[1]: Entering directory `/home/rszczers/ParallelMultiplication'
make[1]: Leaving directory `/home/rszczers/ParallelMultiplication'
make omp OMP_THREADS=6
make[1]: Entering directory `/home/rszczers/ParallelMultiplication'
make[1]: Leaving directory `/home/rszczers/ParallelMultiplication'
make omp OMP_THREADS=7
make[1]: Entering directory `/home/rszczers/ParallelMultiplication'
make[1]: Leaving directory `/home/rszczers/ParallelMultiplication'
make omp OMP_THREADS=8
make[1]: Entering directory `/home/rszczers/ParallelMultiplication'
make[1]: Leaving directory `/home/rszczers/ParallelMultiplication'
make omp OMP_THREADS=9
make[1]: Entering directory `/home/rszczers/ParallelMultiplication'
make[1]: Leaving directory `/home/rszczers/ParallelMultiplication'
make omp OMP_THREADS=10
make[1]: Entering directory `/home/rszczers/ParallelMultiplication'
make[1]: Leaving directory `/home/rszczers/ParallelMultiplication'
make omp OMP_THREADS=11
make[1]: Entering directory `/home/rszczers/ParallelMultiplication'
make[1]: Leaving directory `/home/rszczers/ParallelMultiplication'
make omp OMP_THREADS=12
make[1]: Entering directory `/home/rszczers/ParallelMultiplication'
make[1]: Leaving directory `/home/rszczers/ParallelMultiplication'
make omp OMP_THREADS=13
make[1]: Entering directory `/home/rszczers/ParallelMultiplication'
make[1]: Leaving directory `/home/rszczers/ParallelMultiplication'
make omp OMP_THREADS=14
make[1]: Entering directory `/home/rszczers/ParallelMultiplication'
make[1]: Leaving directory `/home/rszczers/ParallelMultiplication'
make omp OMP_THREADS=15
make[1]: Entering directory `/home/rszczers/ParallelMultiplication'
make[1]: Leaving directory `/home/rszczers/ParallelMultiplication'
make omp OMP_THREADS=16
make[1]: Entering directory `/home/rszczers/ParallelMultiplication'
make[1]: Leaving directory `/home/rszczers/ParallelMultiplication'
make omp OMP_THREADS=17
make[1]: Entering directory `/home/rszczers/ParallelMultiplication'
make[1]: Leaving directory `/home/rszczers/ParallelMultiplication'
make omp OMP_THREADS=18
make[1]: Entering directory `/home/rszczers/ParallelMultiplication'
make[1]: Leaving directory `/home/rszczers/ParallelMultiplication'
make omp OMP_THREADS=19
make[1]: Entering directory `/home/rszczers/ParallelMultiplication'
make[1]: Leaving directory `/home/rszczers/ParallelMultiplication'
make omp OMP_THREADS=20
make[1]: Entering directory `/home/rszczers/ParallelMultiplication'
make[1]: Leaving directory `/home/rszczers/ParallelMultiplication'
make omp OMP_THREADS=21
make[1]: Entering directory `/home/rszczers/ParallelMultiplication'
make[1]: Leaving directory `/home/rszczers/ParallelMultiplication'
make omp OMP_THREADS=22
make[1]: Entering directory `/home/rszczers/ParallelMultiplication'
make[1]: Leaving directory `/home/rszczers/ParallelMultiplication'
make omp OMP_THREADS=23
make[1]: Entering directory `/home/rszczers/ParallelMultiplication'
make[1]: Leaving directory `/home/rszczers/ParallelMultiplication'
make omp OMP_THREADS=24
