./makeplots.sh 256	
make[1]: Entering directory `/home/rszczers/ParallelMultiplication'
make[1]: Leaving directory `/home/rszczers/ParallelMultiplication'
make cannon NPROC=4
make[1]: Entering directory `/home/rszczers/ParallelMultiplication'
make[1]: Leaving directory `/home/rszczers/ParallelMultiplication'
make cannon NPROC=9
make[1]: Entering directory `/home/rszczers/ParallelMultiplication'
make[1]: Leaving directory `/home/rszczers/ParallelMultiplication'
make cannon NPROC=16
make[1]: Entering directory `/home/rszczers/ParallelMultiplication'
make[1]: Leaving directory `/home/rszczers/ParallelMultiplication'
make cannon NPROC=25
make[1]: Entering directory `/home/rszczers/ParallelMultiplication'
make[1]: Leaving directory `/home/rszczers/ParallelMultiplication'
make cannon NPROC=36
make[1]: Entering directory `/home/rszczers/ParallelMultiplication'
make[1]: Leaving directory `/home/rszczers/ParallelMultiplication'
make cannon NPROC=49
make[1]: Entering directory `/home/rszczers/ParallelMultiplication'
make[1]: Leaving directory `/home/rszczers/ParallelMultiplication'
make cannon NPROC=64
make[1]: Entering directory `/home/rszczers/ParallelMultiplication'
make[1]: Leaving directory `/home/rszczers/ParallelMultiplication'
make cannon NPROC=81
make[1]: Entering directory `/home/rszczers/ParallelMultiplication'
make[1]: Leaving directory `/home/rszczers/ParallelMultiplication'
make cannon NPROC=100
make[1]: Entering directory `/home/rszczers/ParallelMultiplication'
make[1]: Leaving directory `/home/rszczers/ParallelMultiplication'
make cannon NPROC=121
make[1]: Entering directory `/home/rszczers/ParallelMultiplication'
make[1]: Leaving directory `/home/rszczers/ParallelMultiplication'
make cannon NPROC=144
make[1]: Entering directory `/home/rszczers/ParallelMultiplication'
make[1]: Leaving directory `/home/rszczers/ParallelMultiplication'
make cannon NPROC=169
make[1]: Entering directory `/home/rszczers/ParallelMultiplication'
make[1]: Leaving directory `/home/rszczers/ParallelMultiplication'
make cannon NPROC=196
make[1]: Entering directory `/home/rszczers/ParallelMultiplication'
make[1]: Leaving directory `/home/rszczers/ParallelMultiplication'
make cannon NPROC=225
make[1]: Entering directory `/home/rszczers/ParallelMultiplication'
make[1]: Leaving directory `/home/rszczers/ParallelMultiplication'
make cannon NPROC=256
make[1]: Entering directory `/home/rszczers/ParallelMultiplication'
make[1]: Leaving directory `/home/rszczers/ParallelMultiplication'
make mkl
make[1]: Entering directory `/home/rszczers/ParallelMultiplication'
make[1]: Leaving directory `/home/rszczers/ParallelMultiplication'
make mkl
make[1]: Entering directory `/home/rszczers/ParallelMultiplication'
make[1]: Leaving directory `/home/rszczers/ParallelMultiplication'
make mkl
