This is pdfTeX, Version 3.1415926-2.5-1.40.14 (TeX Live 2013/Debian) (format=pdflatex 2015.2.15)  9 SEP 2015 22:51
entering extended mode
 \write18 enabled.
 %&-line parsing enabled.
**main.tex
(./main.tex
LaTeX2e <2011/06/27>
Babel <3.9h> and hyphenation patterns for 78 languages loaded.
(/usr/share/texlive/texmf-dist/tex/latex/base/book.cls
Document Class: book 2007/10/19 v1.4h Standard LaTeX document class
(/usr/share/texlive/texmf-dist/tex/latex/base/leqno.clo
File: leqno.clo 1998/08/17 v1.1c Standard LaTeX option (left equation numbers)
)
(/usr/share/texlive/texmf-dist/tex/latex/base/bk12.clo
File: bk12.clo 2007/10/19 v1.4h Standard LaTeX file (size option)
)
\c@part=\count79
\c@chapter=\count80
\c@section=\count81
\c@subsection=\count82
\c@subsubsection=\count83
\c@paragraph=\count84
\c@subparagraph=\count85
\c@figure=\count86
\c@table=\count87
\abovecaptionskip=\skip41
\belowcaptionskip=\skip42
\bibindent=\dimen102
)
(/usr/share/texlive/texmf-dist/tex/latex/geometry/geometry.sty
Package: geometry 2010/09/12 v5.6 Page Geometry

(/usr/share/texlive/texmf-dist/tex/latex/graphics/keyval.sty
Package: keyval 1999/03/16 v1.13 key=value parser (DPC)
\KV@toks@=\toks14
)
(/usr/share/texlive/texmf-dist/tex/generic/oberdiek/ifpdf.sty
Package: ifpdf 2011/01/30 v2.3 Provides the ifpdf switch (HO)
Package ifpdf Info: pdfTeX in PDF mode is detected.
)
(/usr/share/texlive/texmf-dist/tex/generic/oberdiek/ifvtex.sty
Package: ifvtex 2010/03/01 v1.5 Detect VTeX and its facilities (HO)
Package ifvtex Info: VTeX not detected.
)
(/usr/share/texlive/texmf-dist/tex/generic/ifxetex/ifxetex.sty
Package: ifxetex 2010/09/12 v0.6 Provides ifxetex conditional
)
\Gm@cnth=\count88
\Gm@cntv=\count89
\c@Gm@tempcnt=\count90
\Gm@bindingoffset=\dimen103
\Gm@wd@mp=\dimen104
\Gm@odd@mp=\dimen105
\Gm@even@mp=\dimen106
\Gm@layoutwidth=\dimen107
\Gm@layoutheight=\dimen108
\Gm@layouthoffset=\dimen109
\Gm@layoutvoffset=\dimen110
\Gm@dimlist=\toks15
)
(/usr/share/texlive/texmf-dist/tex/latex/base/inputenc.sty
Package: inputenc 2008/03/30 v1.1d Input encoding file
\inpenc@prehook=\toks16
\inpenc@posthook=\toks17

(/usr/share/texlive/texmf-dist/tex/latex/base/utf8.def
File: utf8.def 2008/04/05 v1.1m UTF-8 support for inputenc
Now handling font encoding OML ...
... no UTF-8 mapping file for font encoding OML
Now handling font encoding T1 ...
... processing UTF-8 mapping file for font encoding T1

(/usr/share/texlive/texmf-dist/tex/latex/base/t1enc.dfu
File: t1enc.dfu 2008/04/05 v1.1m UTF-8 support for inputenc
   defining Unicode char U+00A1 (decimal 161)
   defining Unicode char U+00A3 (decimal 163)
   defining Unicode char U+00AB (decimal 171)
   defining Unicode char U+00BB (decimal 187)
   defining Unicode char U+00BF (decimal 191)
   defining Unicode char U+00C0 (decimal 192)
   defining Unicode char U+00C1 (decimal 193)
   defining Unicode char U+00C2 (decimal 194)
   defining Unicode char U+00C3 (decimal 195)
   defining Unicode char U+00C4 (decimal 196)
   defining Unicode char U+00C5 (decimal 197)
   defining Unicode char U+00C6 (decimal 198)
   defining Unicode char U+00C7 (decimal 199)
   defining Unicode char U+00C8 (decimal 200)
   defining Unicode char U+00C9 (decimal 201)
   defining Unicode char U+00CA (decimal 202)
   defining Unicode char U+00CB (decimal 203)
   defining Unicode char U+00CC (decimal 204)
   defining Unicode char U+00CD (decimal 205)
   defining Unicode char U+00CE (decimal 206)
   defining Unicode char U+00CF (decimal 207)
   defining Unicode char U+00D0 (decimal 208)
   defining Unicode char U+00D1 (decimal 209)
   defining Unicode char U+00D2 (decimal 210)
   defining Unicode char U+00D3 (decimal 211)
   defining Unicode char U+00D4 (decimal 212)
   defining Unicode char U+00D5 (decimal 213)
   defining Unicode char U+00D6 (decimal 214)
   defining Unicode char U+00D8 (decimal 216)
   defining Unicode char U+00D9 (decimal 217)
   defining Unicode char U+00DA (decimal 218)
   defining Unicode char U+00DB (decimal 219)
   defining Unicode char U+00DC (decimal 220)
   defining Unicode char U+00DD (decimal 221)
   defining Unicode char U+00DE (decimal 222)
   defining Unicode char U+00DF (decimal 223)
   defining Unicode char U+00E0 (decimal 224)
   defining Unicode char U+00E1 (decimal 225)
   defining Unicode char U+00E2 (decimal 226)
   defining Unicode char U+00E3 (decimal 227)
   defining Unicode char U+00E4 (decimal 228)
   defining Unicode char U+00E5 (decimal 229)
   defining Unicode char U+00E6 (decimal 230)
   defining Unicode char U+00E7 (decimal 231)
   defining Unicode char U+00E8 (decimal 232)
   defining Unicode char U+00E9 (decimal 233)
   defining Unicode char U+00EA (decimal 234)
   defining Unicode char U+00EB (decimal 235)
   defining Unicode char U+00EC (decimal 236)
   defining Unicode char U+00ED (decimal 237)
   defining Unicode char U+00EE (decimal 238)
   defining Unicode char U+00EF (decimal 239)
   defining Unicode char U+00F0 (decimal 240)
   defining Unicode char U+00F1 (decimal 241)
   defining Unicode char U+00F2 (decimal 242)
   defining Unicode char U+00F3 (decimal 243)
   defining Unicode char U+00F4 (decimal 244)
   defining Unicode char U+00F5 (decimal 245)
   defining Unicode char U+00F6 (decimal 246)
   defining Unicode char U+00F8 (decimal 248)
   defining Unicode char U+00F9 (decimal 249)
   defining Unicode char U+00FA (decimal 250)
   defining Unicode char U+00FB (decimal 251)
   defining Unicode char U+00FC (decimal 252)
   defining Unicode char U+00FD (decimal 253)
   defining Unicode char U+00FE (decimal 254)
   defining Unicode char U+00FF (decimal 255)
   defining Unicode char U+0102 (decimal 258)
   defining Unicode char U+0103 (decimal 259)
   defining Unicode char U+0104 (decimal 260)
   defining Unicode char U+0105 (decimal 261)
   defining Unicode char U+0106 (decimal 262)
   defining Unicode char U+0107 (decimal 263)
   defining Unicode char U+010C (decimal 268)
   defining Unicode char U+010D (decimal 269)
   defining Unicode char U+010E (decimal 270)
   defining Unicode char U+010F (decimal 271)
   defining Unicode char U+0110 (decimal 272)
   defining Unicode char U+0111 (decimal 273)
   defining Unicode char U+0118 (decimal 280)
   defining Unicode char U+0119 (decimal 281)
   defining Unicode char U+011A (decimal 282)
   defining Unicode char U+011B (decimal 283)
   defining Unicode char U+011E (decimal 286)
   defining Unicode char U+011F (decimal 287)
   defining Unicode char U+0130 (decimal 304)
   defining Unicode char U+0131 (decimal 305)
   defining Unicode char U+0132 (decimal 306)
   defining Unicode char U+0133 (decimal 307)
   defining Unicode char U+0139 (decimal 313)
   defining Unicode char U+013A (decimal 314)
   defining Unicode char U+013D (decimal 317)
   defining Unicode char U+013E (decimal 318)
   defining Unicode char U+0141 (decimal 321)
   defining Unicode char U+0142 (decimal 322)
   defining Unicode char U+0143 (decimal 323)
   defining Unicode char U+0144 (decimal 324)
   defining Unicode char U+0147 (decimal 327)
   defining Unicode char U+0148 (decimal 328)
   defining Unicode char U+014A (decimal 330)
   defining Unicode char U+014B (decimal 331)
   defining Unicode char U+0150 (decimal 336)
   defining Unicode char U+0151 (decimal 337)
   defining Unicode char U+0152 (decimal 338)
   defining Unicode char U+0153 (decimal 339)
   defining Unicode char U+0154 (decimal 340)
   defining Unicode char U+0155 (decimal 341)
   defining Unicode char U+0158 (decimal 344)
   defining Unicode char U+0159 (decimal 345)
   defining Unicode char U+015A (decimal 346)
   defining Unicode char U+015B (decimal 347)
   defining Unicode char U+015E (decimal 350)
   defining Unicode char U+015F (decimal 351)
   defining Unicode char U+0160 (decimal 352)
   defining Unicode char U+0161 (decimal 353)
   defining Unicode char U+0162 (decimal 354)
   defining Unicode char U+0163 (decimal 355)
   defining Unicode char U+0164 (decimal 356)
   defining Unicode char U+0165 (decimal 357)
   defining Unicode char U+016E (decimal 366)
   defining Unicode char U+016F (decimal 367)
   defining Unicode char U+0170 (decimal 368)
   defining Unicode char U+0171 (decimal 369)
   defining Unicode char U+0178 (decimal 376)
   defining Unicode char U+0179 (decimal 377)
   defining Unicode char U+017A (decimal 378)
   defining Unicode char U+017B (decimal 379)
   defining Unicode char U+017C (decimal 380)
   defining Unicode char U+017D (decimal 381)
   defining Unicode char U+017E (decimal 382)
   defining Unicode char U+200C (decimal 8204)
   defining Unicode char U+2013 (decimal 8211)
   defining Unicode char U+2014 (decimal 8212)
   defining Unicode char U+2018 (decimal 8216)
   defining Unicode char U+2019 (decimal 8217)
   defining Unicode char U+201A (decimal 8218)
   defining Unicode char U+201C (decimal 8220)
   defining Unicode char U+201D (decimal 8221)
   defining Unicode char U+201E (decimal 8222)
   defining Unicode char U+2030 (decimal 8240)
   defining Unicode char U+2031 (decimal 8241)
   defining Unicode char U+2039 (decimal 8249)
   defining Unicode char U+203A (decimal 8250)
   defining Unicode char U+2423 (decimal 9251)
)
Now handling font encoding OT1 ...
... processing UTF-8 mapping file for font encoding OT1

(/usr/share/texlive/texmf-dist/tex/latex/base/ot1enc.dfu
File: ot1enc.dfu 2008/04/05 v1.1m UTF-8 support for inputenc
   defining Unicode char U+00A1 (decimal 161)
   defining Unicode char U+00A3 (decimal 163)
   defining Unicode char U+00B8 (decimal 184)
   defining Unicode char U+00BF (decimal 191)
   defining Unicode char U+00C5 (decimal 197)
   defining Unicode char U+00C6 (decimal 198)
   defining Unicode char U+00D8 (decimal 216)
   defining Unicode char U+00DF (decimal 223)
   defining Unicode char U+00E6 (decimal 230)
   defining Unicode char U+00EC (decimal 236)
   defining Unicode char U+00ED (decimal 237)
   defining Unicode char U+00EE (decimal 238)
   defining Unicode char U+00EF (decimal 239)
   defining Unicode char U+00F8 (decimal 248)
   defining Unicode char U+0131 (decimal 305)
   defining Unicode char U+0141 (decimal 321)
   defining Unicode char U+0142 (decimal 322)
   defining Unicode char U+0152 (decimal 338)
   defining Unicode char U+0153 (decimal 339)
   defining Unicode char U+2013 (decimal 8211)
   defining Unicode char U+2014 (decimal 8212)
   defining Unicode char U+2018 (decimal 8216)
   defining Unicode char U+2019 (decimal 8217)
   defining Unicode char U+201C (decimal 8220)
   defining Unicode char U+201D (decimal 8221)
)
Now handling font encoding OMS ...
... processing UTF-8 mapping file for font encoding OMS

(/usr/share/texlive/texmf-dist/tex/latex/base/omsenc.dfu
File: omsenc.dfu 2008/04/05 v1.1m UTF-8 support for inputenc
   defining Unicode char U+00A7 (decimal 167)
   defining Unicode char U+00B6 (decimal 182)
   defining Unicode char U+00B7 (decimal 183)
   defining Unicode char U+2020 (decimal 8224)
   defining Unicode char U+2021 (decimal 8225)
   defining Unicode char U+2022 (decimal 8226)
)
Now handling font encoding OMX ...
... no UTF-8 mapping file for font encoding OMX
Now handling font encoding U ...
... no UTF-8 mapping file for font encoding U
   defining Unicode char U+00A9 (decimal 169)
   defining Unicode char U+00AA (decimal 170)
   defining Unicode char U+00AE (decimal 174)
   defining Unicode char U+00BA (decimal 186)
   defining Unicode char U+02C6 (decimal 710)
   defining Unicode char U+02DC (decimal 732)
   defining Unicode char U+200C (decimal 8204)
   defining Unicode char U+2026 (decimal 8230)
   defining Unicode char U+2122 (decimal 8482)
   defining Unicode char U+2423 (decimal 9251)
))
(/usr/share/texlive/texmf-dist/tex/latex/base/fontenc.sty
Package: fontenc 2005/09/27 v1.99g Standard LaTeX package

(/usr/share/texlive/texmf-dist/tex/latex/base/t1enc.def
File: t1enc.def 2005/09/27 v1.99g Standard LaTeX file
LaTeX Font Info:    Redeclaring font encoding T1 on input line 43.
))
(/usr/share/texlive/texmf-dist/tex/latex/amsmath/amsmath.sty
Package: amsmath 2013/01/14 v2.14 AMS math features
\@mathmargin=\skip43

For additional information on amsmath, use the `?' option.
(/usr/share/texlive/texmf-dist/tex/latex/amsmath/amstext.sty
Package: amstext 2000/06/29 v2.01

(/usr/share/texlive/texmf-dist/tex/latex/amsmath/amsgen.sty
File: amsgen.sty 1999/11/30 v2.0
\@emptytoks=\toks18
\ex@=\dimen111
))
(/usr/share/texlive/texmf-dist/tex/latex/amsmath/amsbsy.sty
Package: amsbsy 1999/11/29 v1.2d
\pmbraise@=\dimen112
)
(/usr/share/texlive/texmf-dist/tex/latex/amsmath/amsopn.sty
Package: amsopn 1999/12/14 v2.01 operator names
)
\inf@bad=\count91
LaTeX Info: Redefining \frac on input line 210.
\uproot@=\count92
\leftroot@=\count93
LaTeX Info: Redefining \overline on input line 306.
\classnum@=\count94
\DOTSCASE@=\count95
LaTeX Info: Redefining \ldots on input line 378.
LaTeX Info: Redefining \dots on input line 381.
LaTeX Info: Redefining \cdots on input line 466.
\Mathstrutbox@=\box26
\strutbox@=\box27
\big@size=\dimen113
LaTeX Font Info:    Redeclaring font encoding OML on input line 566.
LaTeX Font Info:    Redeclaring font encoding OMS on input line 567.
\macc@depth=\count96
\c@MaxMatrixCols=\count97
\dotsspace@=\muskip10
\c@parentequation=\count98
\dspbrk@lvl=\count99
\tag@help=\toks19
\row@=\count100
\column@=\count101
\maxfields@=\count102
\andhelp@=\toks20
\eqnshift@=\dimen114
\alignsep@=\dimen115
\tagshift@=\dimen116
\tagwidth@=\dimen117
\totwidth@=\dimen118
\lineht@=\dimen119
\@envbody=\toks21
\multlinegap=\skip44
\multlinetaggap=\skip45
\mathdisplay@stack=\toks22
LaTeX Info: Redefining \[ on input line 2665.
LaTeX Info: Redefining \] on input line 2666.
)
(/usr/share/texlive/texmf-dist/tex/latex/amsfonts/amssymb.sty
Package: amssymb 2013/01/14 v3.01 AMS font symbols

(/usr/share/texlive/texmf-dist/tex/latex/amsfonts/amsfonts.sty
Package: amsfonts 2013/01/14 v3.01 Basic AMSFonts support
\symAMSa=\mathgroup4
\symAMSb=\mathgroup5
LaTeX Font Info:    Overwriting math alphabet `\mathfrak' in version `bold'
(Font)                  U/euf/m/n --> U/euf/b/n on input line 106.
))
(/usr/share/texlive/texmf-dist/tex/latex/amscls/amsthm.sty
Package: amsthm 2004/08/06 v2.20
\thm@style=\toks23
\thm@bodyfont=\toks24
\thm@headfont=\toks25
\thm@notefont=\toks26
\thm@headpunct=\toks27
\thm@preskip=\skip46
\thm@postskip=\skip47
\thm@headsep=\skip48
\dth@everypar=\toks28
)
(/usr/share/texlive/texmf-dist/tex/latex/graphics/graphicx.sty
Package: graphicx 1999/02/16 v1.0f Enhanced LaTeX Graphics (DPC,SPQR)

(/usr/share/texlive/texmf-dist/tex/latex/graphics/graphics.sty
Package: graphics 2009/02/05 v1.0o Standard LaTeX Graphics (DPC,SPQR)

(/usr/share/texlive/texmf-dist/tex/latex/graphics/trig.sty
Package: trig 1999/03/16 v1.09 sin cos tan (DPC)
)
(/usr/share/texlive/texmf-dist/tex/latex/latexconfig/graphics.cfg
File: graphics.cfg 2010/04/23 v1.9 graphics configuration of TeX Live
)
Package graphics Info: Driver file: pdftex.def on input line 91.

(/usr/share/texlive/texmf-dist/tex/latex/pdftex-def/pdftex.def
File: pdftex.def 2011/05/27 v0.06d Graphics/color for pdfTeX

(/usr/share/texlive/texmf-dist/tex/generic/oberdiek/infwarerr.sty
Package: infwarerr 2010/04/08 v1.3 Providing info/warning/error messages (HO)
)
(/usr/share/texlive/texmf-dist/tex/generic/oberdiek/ltxcmds.sty
Package: ltxcmds 2011/11/09 v1.22 LaTeX kernel commands for general use (HO)
)
\Gread@gobject=\count103
))
\Gin@req@height=\dimen120
\Gin@req@width=\dimen121
)
(/usr/share/texlive/texmf-dist/tex/latex/oberdiek/epstopdf.sty
Package: epstopdf 2010/02/09 v2.5 Conversion with epstopdf on the fly (HO)

(/usr/share/texlive/texmf-dist/tex/latex/oberdiek/epstopdf-base.sty
Package: epstopdf-base 2010/02/09 v2.5 Base part for package epstopdf

(/usr/share/texlive/texmf-dist/tex/latex/oberdiek/grfext.sty
Package: grfext 2010/08/19 v1.1 Manage graphics extensions (HO)

(/usr/share/texlive/texmf-dist/tex/generic/oberdiek/kvdefinekeys.sty
Package: kvdefinekeys 2011/04/07 v1.3 Define keys (HO)
))
(/usr/share/texlive/texmf-dist/tex/latex/oberdiek/kvoptions.sty
Package: kvoptions 2011/06/30 v3.11 Key value format for package options (HO)

(/usr/share/texlive/texmf-dist/tex/generic/oberdiek/kvsetkeys.sty
Package: kvsetkeys 2012/04/25 v1.16 Key value parser (HO)

(/usr/share/texlive/texmf-dist/tex/generic/oberdiek/etexcmds.sty
Package: etexcmds 2011/02/16 v1.5 Avoid name clashes with e-TeX commands (HO)

(/usr/share/texlive/texmf-dist/tex/generic/oberdiek/ifluatex.sty
Package: ifluatex 2010/03/01 v1.3 Provides the ifluatex switch (HO)
Package ifluatex Info: LuaTeX not detected.
)
Package etexcmds Info: Could not find \expanded.
(etexcmds)             That can mean that you are not using pdfTeX 1.50 or
(etexcmds)             that some package has redefined \expanded.
(etexcmds)             In the latter case, load this package earlier.
)))
(/usr/share/texlive/texmf-dist/tex/generic/oberdiek/pdftexcmds.sty
Package: pdftexcmds 2011/11/29 v0.20 Utility functions of pdfTeX for LuaTeX (HO
)
Package pdftexcmds Info: LuaTeX not detected.
Package pdftexcmds Info: \pdf@primitive is available.
Package pdftexcmds Info: \pdf@ifprimitive is available.
Package pdftexcmds Info: \pdfdraftmode found.
)
Package grfext Info: Graphics extension search list:
(grfext)             [.png,.pdf,.jpg,.mps,.jpeg,.jbig2,.jb2,.PNG,.PDF,.JPG,.JPE
G,.JBIG2,.JB2,.eps]
(grfext)             \AppendGraphicsExtensions on input line 452.

(/usr/share/texlive/texmf-dist/tex/latex/latexconfig/epstopdf-sys.cfg
File: epstopdf-sys.cfg 2010/07/13 v1.3 Configuration of (r)epstopdf for TeX Liv
e
)))
(/usr/share/texlive/texmf-dist/tex/latex/mh/mathtools.sty
Package: mathtools 2013/02/12 v1.13 mathematical typesetting tools

(/usr/share/texlive/texmf-dist/tex/latex/tools/calc.sty
Package: calc 2007/08/22 v4.3 Infix arithmetic (KKT,FJ)
\calc@Acount=\count104
\calc@Bcount=\count105
\calc@Adimen=\dimen122
\calc@Bdimen=\dimen123
\calc@Askip=\skip49
\calc@Bskip=\skip50
LaTeX Info: Redefining \setlength on input line 76.
LaTeX Info: Redefining \addtolength on input line 77.
\calc@Ccount=\count106
\calc@Cskip=\skip51
)
(/usr/share/texlive/texmf-dist/tex/latex/mh/mhsetup.sty
Package: mhsetup 2010/01/21 v1.2a programming setup (MH)
)
LaTeX Info: Thecontrolsequence`\['isalreadyrobust on input line 129.
LaTeX Info: Thecontrolsequence`\]'isalreadyrobust on input line 129.
\g_MT_multlinerow_int=\count107
\l_MT_multwidth_dim=\dimen124
\origjot=\skip52
\l_MT_shortvdotswithinadjustabove_dim=\dimen125
\l_MT_shortvdotswithinadjustbelow_dim=\dimen126
\l_MT_above_intertext_sep=\dimen127
\l_MT_below_intertext_sep=\dimen128
\l_MT_above_shortintertext_sep=\dimen129
\l_MT_below_shortintertext_sep=\dimen130
)
(/usr/share/texlive/texmf-dist/tex/latex/polski/polski.sty
Package: polski 2008/02/24 v1.3.3 Polish language package

Document language package `polski' v1.3.3 <2008/02/24>
   Inputenc package detected. Catcodes not changed.
) (/usr/share/texlive/texmf-dist/tex/latex/float/float.sty
Package: float 2001/11/08 v1.3d Float enhancements (AL)
\c@float@type=\count108
\float@exts=\toks29
\float@box=\box28
\@float@everytoks=\toks30
\@floatcapt=\box29
)
(/usr/share/texlive/texmf-dist/tex/latex/caption/caption.sty
Package: caption 2013/05/02 v3.3-89 Customizing captions (AR)

(/usr/share/texlive/texmf-dist/tex/latex/caption/caption3.sty
Package: caption3 2013/05/02 v1.6-88 caption3 kernel (AR)
Package caption3 Info: TeX engine: e-TeX on input line 57.
\captionmargin=\dimen131
\captionmargin@=\dimen132
\captionwidth=\dimen133
\caption@tempdima=\dimen134
\caption@indent=\dimen135
\caption@parindent=\dimen136
\caption@hangindent=\dimen137
)
\c@ContinuedFloat=\count109
Package caption Info: float package is loaded.
)
(/usr/share/texlive/texmf-dist/tex/latex/caption/subcaption.sty
Package: subcaption 2013/02/03 v1.1-62 Sub-captions (AR)
\c@subfigure=\count110
\c@subtable=\count111
)
(/usr/share/texlive/texmf-dist/tex/latex/graphics/color.sty
Package: color 2005/11/14 v1.0j Standard LaTeX Color (DPC)

(/usr/share/texlive/texmf-dist/tex/latex/latexconfig/color.cfg
File: color.cfg 2007/01/18 v1.5 color configuration of teTeX/TeXLive
)
Package color Info: Driver file: pdftex.def on input line 130.
)
(/usr/share/texlive/texmf-dist/tex/latex/url/url.sty
\Urlmuskip=\muskip11
Package: url 2013/09/16  ver 3.4  Verb mode for urls, etc.
)
(/usr/share/texlive/texmf-dist/tex/latex/enumitem/enumitem.sty
Package: enumitem 2011/09/28 v3.5.2 Customized lists
\labelindent=\skip53
\enit@outerparindent=\dimen138
\enit@toks=\toks31
\enit@inbox=\box30
\enitdp@description=\count112
)
(/usr/share/texlive/texmf-dist/tex/latex/tools/multicol.sty
Package: multicol 2011/06/27 v1.7a multicolumn formatting (FMi)
\c@tracingmulticols=\count113
\mult@box=\box31
\multicol@leftmargin=\dimen139
\c@unbalance=\count114
\c@collectmore=\count115
\doublecol@number=\count116
\multicoltolerance=\count117
\multicolpretolerance=\count118
\full@width=\dimen140
\page@free=\dimen141
\premulticols=\dimen142
\postmulticols=\dimen143
\multicolsep=\skip54
\multicolbaselineskip=\skip55
\partial@page=\box32
\last@line=\box33
\mult@rightbox=\box34
\mult@grightbox=\box35
\mult@gfirstbox=\box36
\mult@firstbox=\box37
\@tempa=\box38
\@tempa=\box39
\@tempa=\box40
\@tempa=\box41
\@tempa=\box42
\@tempa=\box43
\@tempa=\box44
\@tempa=\box45
\@tempa=\box46
\@tempa=\box47
\@tempa=\box48
\@tempa=\box49
\@tempa=\box50
\@tempa=\box51
\@tempa=\box52
\@tempa=\box53
\@tempa=\box54
\c@columnbadness=\count119
\c@finalcolumnbadness=\count120
\last@try=\dimen144
\multicolovershoot=\dimen145
\multicolundershoot=\dimen146
\mult@nat@firstbox=\box55
\colbreak@box=\box56
\multicol@sort@counter=\count121
)
(/usr/share/texlive/texmf-dist/tex/latex/pdfpages/pdfpages.sty
Package: pdfpages 2013/08/25 v0.4v Insert pages of external PDF documents (AM)

(/usr/share/texlive/texmf-dist/tex/latex/base/ifthen.sty
Package: ifthen 2001/05/26 v1.1c Standard LaTeX ifthen package (DPC)
)
(/usr/share/texlive/texmf-dist/tex/latex/eso-pic/eso-pic.sty
Package: eso-pic 2013/10/06 v2.0d eso-pic (RN)

(/usr/share/texlive/texmf-dist/tex/generic/oberdiek/atbegshi.sty
Package: atbegshi 2011/10/05 v1.16 At begin shipout hook (HO)
))
(/usr/share/texlive/texmf-dist/tex/latex/pdfpages/pppdftex.def
File: pppdftex.def 2013/08/25 v0.4v Pdfpages driver for pdfTeX (AM)
)
\AM@pagebox=\box57
\AM@toc@title=\toks32
\c@AM@survey=\count122
\AM@templatesizebox=\box58
)
(/usr/share/texlive/texmf-dist/tex/latex/import/import.sty
Package: import 2009/03/23  v 5.1
)
(/usr/share/texlive/texmf-dist/tex/latex/algorithms/algorithm.sty
Package: algorithm 2009/08/24 v0.1 Document Style `algorithm' - floating enviro
nment
\@float@every@algorithm=\toks33
\c@algorithm=\count123
)
(/usr/share/texlive/texmf-dist/tex/latex/algorithmicx/algpseudocode.sty
Package: algpseudocode 

(/usr/share/texlive/texmf-dist/tex/latex/algorithmicx/algorithmicx.sty
Package: algorithmicx 2005/04/27 v1.2 Algorithmicx

Document Style algorithmicx 1.2 - a greatly improved `algorithmic' style
\c@ALG@line=\count124
\c@ALG@rem=\count125
\c@ALG@nested=\count126
\ALG@tlm=\skip56
\ALG@thistlm=\skip57
\c@ALG@Lnr=\count127
\c@ALG@blocknr=\count128
\c@ALG@storecount=\count129
\c@ALG@tmpcounter=\count130
\ALG@tmplength=\skip58
)
Document Style - pseudocode environments for use with the `algorithmicx' style
) (/usr/share/texlive/texmf-dist/tex/latex/pbox/pbox.sty
Package: pbox 2011/12/07 v1.2 Dynamic parboxes
\pb@xlen=\skip59
)
(/usr/share/texlive/texmf-dist/tex/latex/tools/array.sty
Package: array 2008/09/09 v2.4c Tabular extension package (FMi)
\col@sep=\dimen147
\extrarowheight=\dimen148
\NC@list=\toks34
\extratabsurround=\skip60
\backup@length=\skip61
)
(/home/rszczers/texmf/tex/latex/minted/minted.sty
Package: minted 2015/01/31 v2.0 Yet another Pygments shim for LaTeX

(/usr/share/texlive/texmf-dist/tex/latex/fancyvrb/fancyvrb.sty
Package: fancyvrb 2008/02/07

Style option: `fancyvrb' v2.7a, with DG/SPQR fixes, and firstline=lastline fix 
<2008/02/07> (tvz)
\FV@CodeLineNo=\count131
\FV@InFile=\read1
\FV@TabBox=\box59
\c@FancyVerbLine=\count132
\FV@StepNumber=\count133
\FV@OutFile=\write3
)
(/usr/share/texlive/texmf-dist/tex/latex/ifplatform/ifplatform.sty
Package: ifplatform 2010/10/22 v0.4 Testing for the operating system

(/usr/share/texlive/texmf-dist/tex/generic/oberdiek/catchfile.sty
Package: catchfile 2011/03/01 v1.6 Catch the contents of a file (HO)
)
runsystem(uname -s > "main.w18")...executed.

 (./main.w18)
runsystem(rm -- "main.w18")...executed.

) (/usr/share/texlive/texmf-dist/tex/latex/etoolbox/etoolbox.sty
Package: etoolbox 2011/01/03 v2.1 e-TeX tools for LaTeX

(/usr/share/texlive/texmf-dist/tex/latex/etex-pkg/etex.sty
Package: etex 1998/03/26 v2.0 eTeX basic definition package (PEB)
\et@xins=\count134
)
\etb@tempcnta=\count135
)
(/usr/share/texlive/texmf-dist/tex/generic/xstring/xstring.sty
(/usr/share/texlive/texmf-dist/tex/generic/xstring/xstring.tex
\@xs@message=\write4
\integerpart=\count136
\decimalpart=\count137
)
Package: xstring 2013/10/13  v1.7c  String manipulations (C Tellechea)
)
(/usr/share/texlive/texmf-dist/tex/latex/lineno/lineno.sty
Package: lineno 2005/11/02 line numbers on paragraphs v4.41
\linenopenalty=\count138
\output=\toks35
\linenoprevgraf=\count139
\linenumbersep=\dimen149
\linenumberwidth=\dimen150
\c@linenumber=\count140
\c@pagewiselinenumber=\count141
\c@LN@truepage=\count142
\c@internallinenumber=\count143
\c@internallinenumbers=\count144
\quotelinenumbersep=\dimen151
\bframerule=\dimen152
\bframesep=\dimen153
\bframebox=\box60
LaTeX Info: Redefining \\ on input line 3056.
)
\minted@appexistsfile=\read2
\FV@BreakIndent=\dimen154
\FV@BreakSymbolSepLeft=\dimen155
\FV@BreakSymbolSepRight=\dimen156
\FV@BreakSymbolIndentLeft=\dimen157
LaTeX Font Info:    Try loading font information for T1+cmtt on input line 677.


(/usr/share/texlive/texmf-dist/tex/latex/base/t1cmtt.fd
File: t1cmtt.fd 1999/05/25 v2.5h Standard LaTeX font definitions
)
\FV@BreakSymbolIndentRight=\dimen158
\c@FancyVerbLineBreakLast=\count145
\FV@LineBox=\box61
\FV@LineIndentBox=\box62
\minted@bgbox=\box63
\minted@code=\write5
\c@minted@FancyVerbLineTemp=\count146
\@float@every@listing=\toks36
\c@listing=\count147
)
runsystem(mkdir -p "".temp"/_minted-main")...executed.

runsystem(which "pygmentize" && touch "main.aex")...executed.

runsystem(rm "main.aex")...executed.


(./.temp/_minted-main/default.pygstyle)
(/usr/share/texlive/texmf-dist/tex/latex/hyperref/hyperref.sty
Package: hyperref 2012/11/06 v6.83m Hypertext links for LaTeX

(/usr/share/texlive/texmf-dist/tex/generic/oberdiek/hobsub-hyperref.sty
Package: hobsub-hyperref 2012/05/28 v1.13 Bundle oberdiek, subset hyperref (HO)


(/usr/share/texlive/texmf-dist/tex/generic/oberdiek/hobsub-generic.sty
Package: hobsub-generic 2012/05/28 v1.13 Bundle oberdiek, subset generic (HO)
Package: hobsub 2012/05/28 v1.13 Construct package bundles (HO)
Package hobsub Info: Skipping package `infwarerr' (already loaded).
Package hobsub Info: Skipping package `ltxcmds' (already loaded).
Package hobsub Info: Skipping package `ifluatex' (already loaded).
Package hobsub Info: Skipping package `ifvtex' (already loaded).
Package: intcalc 2007/09/27 v1.1 Expandable calculations with integers (HO)
Package hobsub Info: Skipping package `ifpdf' (already loaded).
Package hobsub Info: Skipping package `etexcmds' (already loaded).
Package hobsub Info: Skipping package `kvsetkeys' (already loaded).
Package hobsub Info: Skipping package `kvdefinekeys' (already loaded).
Package hobsub Info: Skipping package `pdftexcmds' (already loaded).
Package: pdfescape 2011/11/25 v1.13 Implements pdfTeX's escape features (HO)
Package: bigintcalc 2012/04/08 v1.3 Expandable calculations on big integers (HO
)
Package: bitset 2011/01/30 v1.1 Handle bit-vector datatype (HO)
Package: uniquecounter 2011/01/30 v1.2 Provide unlimited unique counter (HO)
)
Package hobsub Info: Skipping package `hobsub' (already loaded).
Package: letltxmacro 2010/09/02 v1.4 Let assignment for LaTeX macros (HO)
Package: hopatch 2012/05/28 v1.2 Wrapper for package hooks (HO)
Package: xcolor-patch 2011/01/30 xcolor patch
Package: atveryend 2011/06/30 v1.8 Hooks at the very end of document (HO)
Package hobsub Info: Skipping package `atbegshi' (already loaded).
Package: refcount 2011/10/16 v3.4 Data extraction from label references (HO)
Package: hycolor 2011/01/30 v1.7 Color options for hyperref/bookmark (HO)
)
(/usr/share/texlive/texmf-dist/tex/latex/oberdiek/auxhook.sty
Package: auxhook 2011/03/04 v1.3 Hooks for auxiliary files (HO)
)
\@linkdim=\dimen159
\Hy@linkcounter=\count148
\Hy@pagecounter=\count149

(/usr/share/texlive/texmf-dist/tex/latex/hyperref/pd1enc.def
File: pd1enc.def 2012/11/06 v6.83m Hyperref: PDFDocEncoding definition (HO)
Now handling font encoding PD1 ...
... no UTF-8 mapping file for font encoding PD1
)
\Hy@SavedSpaceFactor=\count150

(/usr/share/texlive/texmf-dist/tex/latex/latexconfig/hyperref.cfg
File: hyperref.cfg 2002/06/06 v1.2 hyperref configuration of TeXLive
)
Package hyperref Info: Hyper figures OFF on input line 4443.
Package hyperref Info: Link nesting OFF on input line 4448.
Package hyperref Info: Hyper index ON on input line 4451.
Package hyperref Info: Plain pages OFF on input line 4458.
Package hyperref Info: Backreferencing OFF on input line 4463.
Package hyperref Info: Implicit mode ON; LaTeX internals redefined.
Package hyperref Info: Bookmarks ON on input line 4688.
\c@Hy@tempcnt=\count151
LaTeX Info: Redefining \url on input line 5041.
\XeTeXLinkMargin=\dimen160
\Fld@menulength=\count152
\Field@Width=\dimen161
\Fld@charsize=\dimen162
Package hyperref Info: Hyper figures OFF on input line 6295.
Package hyperref Info: Link nesting OFF on input line 6300.
Package hyperref Info: Hyper index ON on input line 6303.
Package hyperref Info: backreferencing OFF on input line 6310.
Package hyperref Info: Link coloring OFF on input line 6315.
Package hyperref Info: Link coloring with OCG OFF on input line 6320.
Package hyperref Info: PDF/A mode OFF on input line 6325.
LaTeX Info: Redefining \ref on input line 6365.
LaTeX Info: Redefining \pageref on input line 6369.
\Hy@abspage=\count153
\c@Item=\count154
\c@Hfootnote=\count155
)

Package hyperref Message: Driver (autodetected): hpdftex.

(/usr/share/texlive/texmf-dist/tex/latex/hyperref/hpdftex.def
File: hpdftex.def 2012/11/06 v6.83m Hyperref driver for pdfTeX
\Fld@listcount=\count156
\c@bookmark@seq@number=\count157

(/usr/share/texlive/texmf-dist/tex/latex/oberdiek/rerunfilecheck.sty
Package: rerunfilecheck 2011/04/15 v1.7 Rerun checks for auxiliary files (HO)
Package uniquecounter Info: New unique counter `rerunfilecheck' on input line 2
82.
)
\Hy@SectionHShift=\skip62
)
(/usr/share/texlive/texmf-dist/tex/latex/appendix/appendix.sty
Package: appendix 2009/09/02 v1.2b extra appendix facilities
\c@@pps=\count158
\c@@ppsavesec=\count159
\c@@ppsaveapp=\count160
)
(./includes/def.tex
   defining Unicode char U+00A0 (decimal 160)
\c@przyklad=\count161
\c@definicja=\count162
\c@twierdzenie=\count163
\c@lemat=\count164
\c@uwaga=\count165
\c@wniosek=\count166
) (.temp//main.aux

LaTeX Warning: Label `alg:pram_multiply_1' multiply defined.


LaTeX Warning: Label `alg:pram_multiply_2' multiply defined.

)
\openout1 = `main.aux'.

LaTeX Font Info:    Checking defaults for OML/cmm/m/it on input line 43.
LaTeX Font Info:    ... okay on input line 43.
LaTeX Font Info:    Checking defaults for T1/cmr/m/n on input line 43.
LaTeX Font Info:    ... okay on input line 43.
LaTeX Font Info:    Checking defaults for OT1/cmr/m/n on input line 43.
LaTeX Font Info:    ... okay on input line 43.
LaTeX Font Info:    Checking defaults for OMS/cmsy/m/n on input line 43.
LaTeX Font Info:    ... okay on input line 43.
LaTeX Font Info:    Checking defaults for OMX/cmex/m/n on input line 43.
LaTeX Font Info:    ... okay on input line 43.
LaTeX Font Info:    Checking defaults for U/cmr/m/n on input line 43.
LaTeX Font Info:    ... okay on input line 43.
LaTeX Font Info:    Checking defaults for PD1/pdf/m/n on input line 43.
LaTeX Font Info:    ... okay on input line 43.

*geometry* driver: auto-detecting
*geometry* detected driver: pdftex
*geometry* verbose mode - [ preamble ] result:
* driver: pdftex
* paper: a4paper
* layout: <same size as paper>
* layoutoffset:(h,v)=(0.0pt,0.0pt)
* modes: 
* h-part:(L,W,R)=(113.81102pt, 398.3386pt, 85.35826pt)
* v-part:(T,H,B)=(85.35826pt, 674.33032pt, 85.35826pt)
* \paperwidth=597.50787pt
* \paperheight=845.04684pt
* \textwidth=398.3386pt
* \textheight=674.33032pt
* \oddsidemargin=41.54103pt
* \evensidemargin=41.54103pt
* \topmargin=13.08827pt
* \headheight=0.0pt
* \headsep=0.0pt
* \topskip=12.0pt
* \footskip=30.0pt
* \marginparwidth=38.0pt
* \marginparsep=7.0pt
* \columnsep=10.0pt
* \skip\footins=10.8pt plus 4.0pt minus 2.0pt
* \hoffset=0.0pt
* \voffset=0.0pt
* \mag=1000
* \@twocolumnfalse
* \@twosidefalse
* \@mparswitchfalse
* \@reversemarginfalse
* (1in=72.27pt=25.4mm, 1cm=28.453pt)

(/usr/share/texlive/texmf-dist/tex/context/base/supp-pdf.mkii
[Loading MPS to PDF converter (version 2006.09.02).]
\scratchcounter=\count167
\scratchdimen=\dimen163
\scratchbox=\box64
\nofMPsegments=\count168
\nofMParguments=\count169
\everyMPshowfont=\toks37
\MPscratchCnt=\count170
\MPscratchDim=\dimen164
\MPnumerator=\count171
\makeMPintoPDFobject=\count172
\everyMPtoPDFconversion=\toks38
)
Package caption Info: Begin \AtBeginDocument code.
Package caption Info: hyperref package is loaded.
Package caption Info: End \AtBeginDocument code.
\AtBeginShipoutBox=\box65
Package hyperref Info: Link coloring OFF on input line 43.
 (/usr/share/texlive/texmf-dist/tex/latex/hyperref/nameref.sty
Package: nameref 2012/10/27 v2.43 Cross-referencing by name of section

(/usr/share/texlive/texmf-dist/tex/generic/oberdiek/gettitlestring.sty
Package: gettitlestring 2010/12/03 v1.4 Cleanup title references (HO)
)
\c@section@level=\count173
)
LaTeX Info: Redefining \ref on input line 43.
LaTeX Info: Redefining \pageref on input line 43.
LaTeX Info: Redefining \nameref on input line 43.

(.temp//main.out) (.temp//main.out)
\@outlinefile=\write6
\openout6 = `main.out'.

 (./includes/strona_tytulowa.tex
LaTeX Font Info:    Try loading font information for U+msa on input line 2.

(/usr/share/texlive/texmf-dist/tex/latex/amsfonts/umsa.fd
File: umsa.fd 2013/01/14 v3.01 AMS symbols A
)
LaTeX Font Info:    Try loading font information for U+msb on input line 2.

(/usr/share/texlive/texmf-dist/tex/latex/amsfonts/umsb.fd
File: umsb.fd 2013/01/14 v3.01 AMS symbols B
)
<includes/images/logoumcs.png, id=128, 1320.43312pt x 500.62032pt>
File: includes/images/logoumcs.png Graphic file (type png)

<use includes/images/logoumcs.png>
Package pdftex.def Info: includes/images/logoumcs.png used on input line 4.
(pdftex.def)             Requested size: 330.10747pt x 125.15477pt.

Overfull \hbox (60.4754pt too wide) in paragraph at lines 2--35
[][] 
 []

[1

{/var/lib/texmf/fonts/map/pdftex/updmap/pdftex.map} <./includes/images/logoumcs
.png>]) (.temp//main.toc [2

])
\tf@toc=\write7
\openout7 = `main.toc'.

 [3] (./includes/ch0_wstep.tex) [4

]
Rozdzia\PlPrIeC {\l } 1.
(./includes/ch1_ustalenia_wstepne.tex
(./includes/ch1s0_ustalenia_terminologiczne.tex [5

]) [6]
(./includes/ch1s1_klasyfikacja_algorytmow.tex
Package epstopdf Info: Source file: <includes/images/Rys2.eps>
(epstopdf)                    date: 2015-09-01 20:54:37
(epstopdf)                    size: 92536 bytes
(epstopdf)             Output file: <includes/images/Rys2-eps-converted-to.pdf>

(epstopdf)                    date: 2015-09-01 20:54:46
(epstopdf)                    size: 13440 bytes
(epstopdf)             Command: <epstopdf --outfile=includes/images/Rys2-eps-co
nverted-to.pdf includes/images/Rys2.eps>
(epstopdf)             \includegraphics on input line 34.
Package epstopdf Info: Output file is already uptodate.

<includes/images/Rys2-eps-converted-to.pdf, id=223, 793.96625pt x 158.5925pt>
File: includes/images/Rys2-eps-converted-to.pdf Graphic file (type pdf)

<use includes/images/Rys2-eps-converted-to.pdf>
Package pdftex.def Info: includes/images/Rys2-eps-converted-to.pdf used on inpu
t line 34.
(pdftex.def)             Requested size: 398.33858pt x 79.56949pt.

Underfull \hbox (badness 10000) in paragraph at lines 48--49

 []

[7 <./includes/images/Rys2-eps-converted-to.pdf>]
Package epstopdf Info: Source file: <includes/images/Rys1.eps>
(epstopdf)                    date: 2015-09-01 21:04:43
(epstopdf)                    size: 221804 bytes
(epstopdf)             Output file: <includes/images/Rys1-eps-converted-to.pdf>

(epstopdf)                    date: 2015-09-01 21:04:55
(epstopdf)                    size: 28052 bytes
(epstopdf)             Command: <epstopdf --outfile=includes/images/Rys1-eps-co
nverted-to.pdf includes/images/Rys1.eps>
(epstopdf)             \includegraphics on input line 53.
Package epstopdf Info: Output file is already uptodate.

<includes/images/Rys1-eps-converted-to.pdf, id=243, 537.00626pt x 245.91875pt>
File: includes/images/Rys1-eps-converted-to.pdf Graphic file (type pdf)

<use includes/images/Rys1-eps-converted-to.pdf>
Package pdftex.def Info: includes/images/Rys1-eps-converted-to.pdf used on inpu
t line 53.
(pdftex.def)             Requested size: 284.52756pt x 130.29878pt.
)
(./includes/ch1s2_architektury.tex [8 <./includes/images/Rys1-eps-converted-to.
pdf>]
Package epstopdf Info: Source file: <includes/images/flynn.eps>
(epstopdf)                    date: 2015-08-26 12:43:02
(epstopdf)                    size: 455524 bytes
(epstopdf)             Output file: <includes/images/flynn-eps-converted-to.pdf
>
(epstopdf)                    date: 2015-08-26 12:50:42
(epstopdf)                    size: 55121 bytes
(epstopdf)             Command: <epstopdf --outfile=includes/images/flynn-eps-c
onverted-to.pdf includes/images/flynn.eps>
(epstopdf)             \includegraphics on input line 23.
Package epstopdf Info: Output file is already uptodate.

<includes/images/flynn-eps-converted-to.pdf, id=262, 232.87pt x 200.75pt>
File: includes/images/flynn-eps-converted-to.pdf Graphic file (type pdf)

<use includes/images/flynn-eps-converted-to.pdf>
Package pdftex.def Info: includes/images/flynn-eps-converted-to.pdf used on inp
ut line 23.
(pdftex.def)             Requested size: 281.93115pt x 243.07059pt.
 [9 <./includes/images/flynn-eps-converted-to.pdf>]) (./includes/ch1s3_reprezen
tacja_algorytmow.tex
Underfull \hbox (badness 10000) in paragraph at lines 1--2

 []

[10]
Underfull \hbox (badness 10000) in paragraph at lines 19--20

 []

Package epstopdf Info: Source file: <includes/images/Rys3.eps>
(epstopdf)                    date: 2015-08-25 17:42:39
(epstopdf)                    size: 186554 bytes
(epstopdf)             Output file: <includes/images/Rys3-eps-converted-to.pdf>

(epstopdf)                    date: 2015-08-25 17:42:44
(epstopdf)                    size: 23253 bytes
(epstopdf)             Command: <epstopdf --outfile=includes/images/Rys3-eps-co
nverted-to.pdf includes/images/Rys3.eps>
(epstopdf)             \includegraphics on input line 32.
Package epstopdf Info: Output file is already uptodate.
<includes/images/Rys3-eps-converted-to.pdf, id=293, 863.225pt x 351.3125pt>
File: includes/images/Rys3-eps-converted-to.pdf Graphic file (type pdf)

<use includes/images/Rys3-eps-converted-to.pdf>
Package pdftex.def Info: includes/images/Rys3-eps-converted-to.pdf used on inpu
t line 32.
(pdftex.def)             Requested size: 399.40247pt x 162.54381pt.

Overfull \hbox (1.06387pt too wide) in paragraph at lines 32--33
 [][] 
 []

[11]) (./includes/ch1s4_ocena_algorytmow.tex
Underfull \hbox (badness 10000) in paragraph at lines 16--17

 []

[12 <./includes/images/Rys3-eps-converted-to.pdf>]
(./includes/ch1s4s0_przyspieszenie.tex [13]) (./includes/ch1s4s1_koszt.tex
[14]) (./includes/ch1s4s2_efektywnosc.tex)
(./includes/ch1s4s3_prawo_amdahla.tex [15] [16])
(./includes/ch1s4s4_gustafsona_barsisa.tex [17])
(./includes/ch1s4s5_miara_karpa_flatta.tex [18])) [19]
(./includes/ch1s5_teoretyczne_modele_obliczen.tex
(./includes/ch1s5s0_model_ram.tex
Package epstopdf Info: Source file: <includes/images/Rys_Neumann.eps>
(epstopdf)                    date: 2015-08-25 17:29:48
(epstopdf)                    size: 291525 bytes
(epstopdf)             Output file: <includes/images/Rys_Neumann-eps-converted-
to.pdf>
(epstopdf)                    date: 2015-08-25 17:38:12
(epstopdf)                    size: 37967 bytes
(epstopdf)             Command: <epstopdf --outfile=includes/images/Rys_Neumann
-eps-converted-to.pdf includes/images/Rys_Neumann.eps>
(epstopdf)             \includegraphics on input line 20.
Package epstopdf Info: Output file is already uptodate.

<includes/images/Rys_Neumann-eps-converted-to.pdf, id=427, 1210.5225pt x 929.47
25pt>
File: includes/images/Rys_Neumann-eps-converted-to.pdf Graphic file (type pdf)
 <use includes/images/Rys_Neumann-eps-converted-to.pdf>
Package pdftex.def Info: includes/images/Rys_Neumann-eps-converted-to.pdf used 
on input line 20.
(pdftex.def)             Requested size: 256.0748pt x 196.61325pt.

Overfull \hbox (31.00153pt too wide) in paragraph at lines 39--56
 [] 
 []

[20 <./includes/images/Rys_Neumann-eps-converted-to.pdf>])
(./includes/ch1s5s1_model_pram.tex
Package epstopdf Info: Source file: <includes/images/Rys4.eps>
(epstopdf)                    date: 2015-08-25 20:47:34
(epstopdf)                    size: 162899 bytes
(epstopdf)             Output file: <includes/images/Rys4-eps-converted-to.pdf>

(epstopdf)                    date: 2015-08-25 20:47:47
(epstopdf)                    size: 11758 bytes
(epstopdf)             Command: <epstopdf --outfile=includes/images/Rys4-eps-co
nverted-to.pdf includes/images/Rys4.eps>
(epstopdf)             \includegraphics on input line 11.
Package epstopdf Info: Output file is already uptodate.

<includes/images/Rys4-eps-converted-to.pdf, id=444, 1034.86626pt x 579.16376pt>
File: includes/images/Rys4-eps-converted-to.pdf Graphic file (type pdf)
<use includes/images/Rys4-eps-converted-to.pdf>
Package pdftex.def Info: includes/images/Rys4-eps-converted-to.pdf used on inpu
t line 11.
(pdftex.def)             Requested size: 234.94263pt x 131.48158pt.


LaTeX Warning: `h' float specifier changed to `ht'.

[21]
Underfull \hbox (badness 10000) in paragraph at lines 31--33

 []

[22 <./includes/images/Rys4-eps-converted-to.pdf>])
(./includes/ch1s5s2_model_sieciowy.tex
Package epstopdf Info: Source file: <includes/images/Rys_net.eps>
(epstopdf)                    date: 2015-08-25 20:46:20
(epstopdf)                    size: 123035 bytes
(epstopdf)             Output file: <includes/images/Rys_net-eps-converted-to.p
df>
(epstopdf)                    date: 2015-08-25 20:47:48
(epstopdf)                    size: 17562 bytes
(epstopdf)             Command: <epstopdf --outfile=includes/images/Rys_net-eps
-converted-to.pdf includes/images/Rys_net.eps>
(epstopdf)             \includegraphics on input line 12.
Package epstopdf Info: Output file is already uptodate.

<includes/images/Rys_net-eps-converted-to.pdf, id=462, 1029.8475pt x 622.325pt>
File: includes/images/Rys_net-eps-converted-to.pdf Graphic file (type pdf)
<use includes/images/Rys_net-eps-converted-to.pdf>
Package pdftex.def Info: includes/images/Rys_net-eps-converted-to.pdf used on i
nput line 12.
(pdftex.def)             Requested size: 258.43689pt x 156.1696pt.


LaTeX Warning: `h' float specifier changed to `ht'.

[23]
LaTeX Font Info:    Font shape `T1/cmtt/bx/n' in size <12> not available
(Font)              Font shape `T1/cmtt/m/n' tried instead on input line 30.
 [24 <./includes/images/Rys_net-eps-converted-to.pdf>]
Package epstopdf Info: Source file: <includes/images/mesh1d.eps>
(epstopdf)                    date: 2015-08-31 17:06:52
(epstopdf)                    size: 43735 bytes
(epstopdf)             Output file: <includes/images/mesh1d-eps-converted-to.pd
f>
(epstopdf)                    date: 2015-08-31 17:11:20
(epstopdf)                    size: 7096 bytes
(epstopdf)             Command: <epstopdf --outfile=includes/images/mesh1d-eps-
converted-to.pdf includes/images/mesh1d.eps>
(epstopdf)             \includegraphics on input line 62.
Package epstopdf Info: Output file is already uptodate.

<includes/images/mesh1d-eps-converted-to.pdf, id=491, 528.97626pt x 70.2625pt>
File: includes/images/mesh1d-eps-converted-to.pdf Graphic file (type pdf)

<use includes/images/mesh1d-eps-converted-to.pdf>
Package pdftex.def Info: includes/images/mesh1d-eps-converted-to.pdf used on in
put line 62.
(pdftex.def)             Requested size: 270.30118pt x 35.90308pt.

Underfull \hbox (badness 10000) in paragraph at lines 66--67

 []

Package epstopdf Info: Source file: <includes/images/torus1d.eps>
(epstopdf)                    date: 2015-08-31 16:38:28
(epstopdf)                    size: 44134 bytes
(epstopdf)             Output file: <includes/images/torus1d-eps-converted-to.p
df>
(epstopdf)                    date: 2015-08-31 16:38:35
(epstopdf)                    size: 7136 bytes
(epstopdf)             Command: <epstopdf --outfile=includes/images/torus1d-eps
-converted-to.pdf includes/images/torus1d.eps>
(epstopdf)             \includegraphics on input line 73.
Package epstopdf Info: Output file is already uptodate.

<includes/images/torus1d-eps-converted-to.pdf, id=494, 590.205pt x 107.40125pt>
File: includes/images/torus1d-eps-converted-to.pdf Graphic file (type pdf)
<use includes/images/torus1d-eps-converted-to.pdf>
Package pdftex.def Info: includes/images/torus1d-eps-converted-to.pdf used on i
nput line 73.
(pdftex.def)             Requested size: 298.75394pt x 54.36583pt.


LaTeX Warning: `h' float specifier changed to `ht'.


Overfull \hbox (5.33203pt too wide) in paragraph at lines 84--84
[]\T1/cmr/m/n/10 Maksymalny
 []


Underfull \hbox (badness 10000) in paragraph at lines 84--84
[]\T1/cmr/m/n/10 Szeroko±c
 []


Underfull \hbox (badness 10000) in paragraph at lines 84--84
[]\T1/cmr/m/n/10 Spójno±¢
 []


Underfull \hbox (badness 10000) in paragraph at lines 84--84
\T1/cmr/m/n/10 kra-w¦-
 []

[25 <./includes/images/mesh1d-eps-converted-to.pdf>]
Package epstopdf Info: Source file: <includes/images/mesh2d.eps>
(epstopdf)                    date: 2015-08-31 17:07:23
(epstopdf)                    size: 80698 bytes
(epstopdf)             Output file: <includes/images/mesh2d-eps-converted-to.pd
f>
(epstopdf)                    date: 2015-08-31 17:09:23
(epstopdf)                    size: 10813 bytes
(epstopdf)             Command: <epstopdf --outfile=includes/images/mesh2d-eps-
converted-to.pdf includes/images/mesh2d.eps>
(epstopdf)             \includegraphics on input line 99.
Package epstopdf Info: Output file is already uptodate.

<includes/images/mesh2d-eps-converted-to.pdf, id=512, 308.15125pt x 304.13625pt
>
File: includes/images/mesh2d-eps-converted-to.pdf Graphic file (type pdf)
 <use includes/images/mesh2d-eps-converted-to.pdf>
Package pdftex.def Info: includes/images/mesh2d-eps-converted-to.pdf used on in
put line 99.
(pdftex.def)             Requested size: 156.49014pt x 154.45308pt.
Package epstopdf Info: Source file: <includes/images/torus2d.eps>
(epstopdf)                    date: 2015-08-31 16:37:47
(epstopdf)                    size: 86843 bytes
(epstopdf)             Output file: <includes/images/torus2d-eps-converted-to.p
df>
(epstopdf)                    date: 2015-08-31 16:38:35
(epstopdf)                    size: 11007 bytes
(epstopdf)             Command: <epstopdf --outfile=includes/images/torus2d-eps
-converted-to.pdf includes/images/torus2d.eps>
(epstopdf)             \includegraphics on input line 109.
Package epstopdf Info: Output file is already uptodate.

<includes/images/torus2d-eps-converted-to.pdf, id=513, 396.48125pt x 391.4625pt
>
File: includes/images/torus2d-eps-converted-to.pdf Graphic file (type pdf)
 <use includes/images/torus2d-eps-converted-to.pdf>
Package pdftex.def Info: includes/images/torus2d-eps-converted-to.pdf used on i
nput line 109.
(pdftex.def)             Requested size: 199.16928pt x 196.65063pt.


LaTeX Warning: `h' float specifier changed to `ht'.


Underfull \hbox (badness 10000) in paragraph at lines 117--118

 []

[26 <./includes/images/torus1d-eps-converted-to.pdf> <./includes/images/mesh2d-
eps-converted-to.pdf>]
Package epstopdf Info: Source file: <includes/images/systolic.eps>
(epstopdf)                    date: 2015-04-20 15:35:55
(epstopdf)                    size: 306545 bytes
(epstopdf)             Output file: <includes/images/systolic-eps-converted-to.
pdf>
(epstopdf)                    date: 2015-08-09 23:54:17
(epstopdf)                    size: 28003 bytes
(epstopdf)             Command: <epstopdf --outfile=includes/images/systolic-ep
s-converted-to.pdf includes/images/systolic.eps>
(epstopdf)             \includegraphics on input line 129.
Package epstopdf Info: Output file is already uptodate.

<includes/images/systolic-eps-converted-to.pdf, id=533, 411.5375pt x 172.645pt>
File: includes/images/systolic-eps-converted-to.pdf Graphic file (type pdf)
<use includes/images/systolic-eps-converted-to.pdf>
Package pdftex.def Info: includes/images/systolic-eps-converted-to.pdf used on 
input line 129.
(pdftex.def)             Requested size: 375.9082pt x 157.6999pt.
))
(./includes/ch1s6_wybrane_typy_danych.tex [27 <./includes/images/torus2d-eps-co
nverted-to.pdf> <./includes/images/systolic-eps-converted-to.pdf>] [28]))
[29]
Rozdzia\PlPrIeC {\l } 2.
(./includes/ch2_algorytmy_rownolegle.tex
(./includes/ch2s0_przeglad_algorytmow_klasycznych.tex
Package hyperref Info: bookmark level for unknown algorithm defaults to 0 on in
put line 17.
 [30

] [31] [32])
Overfull \hbox (12.47897pt too wide) in paragraph at lines 146--3
[]\T1/cmr/m/n/12 W prak-ty-ce sto-su-je si¦ tyl-ko kil-ka kro-ków al-go-ryt-mu 
Strassena-Winegrada[[]].
 []

(./includes/ch2s1_algorytmy_pram.tex

LaTeX Warning: `h' float specifier changed to `ht'.

[33]
Overfull \hbox (27.15904pt too wide) in paragraph at lines 88--89
\OMS/cmsy/m/n/12 O\OT1/cmr/m/n/12 ([] \OML/cmm/m/it/12 n\OT1/cmr/m/n/12 )$\T1/c
mr/m/n/12 . Zªo-»o-no±¢, przy-spie-sze-nie, koszt i efek-tyw-no±¢ al-go-ryt-mu 
s¡ nast¦puj¡ce[[]]: 
 []

[34pdfTeX warning (ext4): destination with the same identifier (name{algorithm.
3}) has been already used, duplicate ignored

\AtBegShi@Output ...ipout \box \AtBeginShipoutBox 
                                                  \fi \fi 
l.145 
      ]) (./includes/ch2s2_algorytm_cannona.tex [35]

LaTeX Warning: `h' float specifier changed to `ht'.

[36] [37] [38] [39]

LaTeX Warning: Command \' invalid in math mode on input line 307.

Missing character: There is no ó in font cmti12!

LaTeX Warning: Command \' invalid in math mode on input line 308.


LaTeX Warning: Command \l invalid in math mode on input line 308.

Missing character: There is no ó in font cmti12!
Missing character: There is no ª in font cmti12!
[40] [41pdfTeX warning (ext4): destination with the same identifier (name{algor
ithm.8}) has been already used, duplicate ignored

\AtBegShi@Output ...ipout \box \AtBeginShipoutBox 
                                                  \fi \fi 
l.372 \begin{align}
                   \label{eq:communicationtime_cannon1}] [42]
Overfull \hbox (35.3736pt too wide) in paragraph at lines 430--548
 [][] 
 []


Overfull \hbox (35.3736pt too wide) in paragraph at lines 557--675
 [][] 
 []


Overfull \hbox (35.3736pt too wide) in paragraph at lines 683--800
 [][] 
 []

)) [43

]
Rozdzia\PlPrIeC {\l } 3.
(./includes/ch3_doswiadczalne.tex (./includes/plots/cannon_diff_n.tex
Package epstopdf Info: Source file: <includes/plots/cannon_diff_n.eps>
(epstopdf)                    date: 2015-09-09 12:45:14
(epstopdf)                    size: 20224 bytes
(epstopdf)             Output file: <includes/plots/cannon_diff_n-eps-converted
-to.pdf>
(epstopdf)                    date: 2015-09-09 14:14:05
(epstopdf)                    size: 10913 bytes
(epstopdf)             Command: <epstopdf --outfile=includes/plots/cannon_diff_
n-eps-converted-to.pdf includes/plots/cannon_diff_n.eps>
(epstopdf)             \includegraphics on input line 118.
Package epstopdf Info: Output file is already uptodate.

<includes/plots/cannon_diff_n-eps-converted-to.pdf, id=718, 369.38pt x 226.8475
pt>
File: includes/plots/cannon_diff_n-eps-converted-to.pdf Graphic file (type pdf)

 <use includes/plots/cannon_diff_n-eps-converted-to.pdf>
Package pdftex.def Info: includes/plots/cannon_diff_n-eps-converted-to.pdf used
 on input line 118.
(pdftex.def)             Requested size: 369.37909pt x 226.84694pt.
)
(./includes/plots/cannon_mkl_diff_n.tex
Package epstopdf Info: Source file: <includes/plots/cannon_mkl_diff_n.eps>
(epstopdf)                    date: 2015-09-09 12:45:14
(epstopdf)                    size: 29632 bytes
(epstopdf)             Output file: <includes/plots/cannon_mkl_diff_n-eps-conve
rted-to.pdf>
(epstopdf)                    date: 2015-09-09 14:14:06
(epstopdf)                    size: 16413 bytes
(epstopdf)             Command: <epstopdf --outfile=includes/plots/cannon_mkl_d
iff_n-eps-converted-to.pdf includes/plots/cannon_mkl_diff_n.eps>
(epstopdf)             \includegraphics on input line 192.
Package epstopdf Info: Output file is already uptodate.

<includes/plots/cannon_mkl_diff_n-eps-converted-to.pdf, id=719, 426.59375pt x 3
41.275pt>
File: includes/plots/cannon_mkl_diff_n-eps-converted-to.pdf Graphic file (type 
pdf)
 <use includes/plots/cannon_mkl_diff_n-eps-converted-to.pdf>
Package pdftex.def Info: includes/plots/cannon_mkl_diff_n-eps-converted-to.pdf 
used on input line 192.
(pdftex.def)             Requested size: 426.5927pt x 341.27415pt.
)
Overfull \hbox (28.34412pt too wide) in paragraph at lines 194--15
 [][] 
 []

(./includes/plots/cannon_dgemm.tex
Package epstopdf Info: Source file: <includes/plots/cannon_dgemm.eps>
(epstopdf)                    date: 2015-09-09 12:45:14
(epstopdf)                    size: 29945 bytes
(epstopdf)             Output file: <includes/plots/cannon_dgemm-eps-converted-
to.pdf>
(epstopdf)                    date: 2015-09-09 14:14:06
(epstopdf)                    size: 5439 bytes
(epstopdf)             Command: <epstopdf --outfile=includes/plots/cannon_dgemm
-eps-converted-to.pdf includes/plots/cannon_dgemm.eps>
(epstopdf)             \includegraphics on input line 196.
Package epstopdf Info: Output file is already uptodate.

<includes/plots/cannon_dgemm-eps-converted-to.pdf, id=720, 426.59375pt x 226.84
75pt>
File: includes/plots/cannon_dgemm-eps-converted-to.pdf Graphic file (type pdf)
 <use includes/plots/cannon_dgemm-eps-converted-to.pdf>
Package pdftex.def Info: includes/plots/cannon_dgemm-eps-converted-to.pdf used 
on input line 196.
(pdftex.def)             Requested size: 426.5927pt x 226.84694pt.
)
Overfull \hbox (28.34412pt too wide) in paragraph at lines 198--23
 [][] 
 []

(./includes/plots/cannon_omp.tex
Package epstopdf Info: Source file: <includes/plots/cannon_omp.eps>
(epstopdf)                    date: 2015-09-09 12:45:14
(epstopdf)                    size: 28791 bytes
(epstopdf)             Output file: <includes/plots/cannon_omp-eps-converted-to
.pdf>
(epstopdf)                    date: 2015-09-09 14:14:06
(epstopdf)                    size: 5303 bytes
(epstopdf)             Command: <epstopdf --outfile=includes/plots/cannon_omp-e
ps-converted-to.pdf includes/plots/cannon_omp.eps>
(epstopdf)             \includegraphics on input line 184.
Package epstopdf Info: Output file is already uptodate.

<includes/plots/cannon_omp-eps-converted-to.pdf, id=725, 426.59375pt x 226.8475
pt>
File: includes/plots/cannon_omp-eps-converted-to.pdf Graphic file (type pdf)
 <use includes/plots/cannon_omp-eps-converted-to.pdf>
Package pdftex.def Info: includes/plots/cannon_omp-eps-converted-to.pdf used on
 input line 184.
(pdftex.def)             Requested size: 426.5927pt x 226.84694pt.
)
Overfull \hbox (28.34412pt too wide) in paragraph at lines 186--31
 [][] 
 []

(./includes/plots/mono.tex
Package epstopdf Info: Source file: <includes/plots/mono.eps>
(epstopdf)                    date: 2015-09-09 12:45:14
(epstopdf)                    size: 23280 bytes
(epstopdf)             Output file: <includes/plots/mono-eps-converted-to.pdf>
(epstopdf)                    date: 2015-09-09 14:14:07
(epstopdf)                    size: 7714 bytes
(epstopdf)             Command: <epstopdf --outfile=includes/plots/mono-eps-con
verted-to.pdf includes/plots/mono.eps>
(epstopdf)             \includegraphics on input line 130.
Package epstopdf Info: Output file is already uptodate.

<includes/plots/mono-eps-converted-to.pdf, id=726, 369.38pt x 255.95625pt>
File: includes/plots/mono-eps-converted-to.pdf Graphic file (type pdf)

<use includes/plots/mono-eps-converted-to.pdf>
Package pdftex.def Info: includes/plots/mono-eps-converted-to.pdf used on input
 line 130.
(pdftex.def)             Requested size: 369.37909pt x 255.95561pt.
) [44

 <./includes/plots/cannon_diff_n-eps-converted-to.pdf>] [45 <./includes/plots/c
annon_mkl_diff_n-eps-converted-to.pdf> <./includes/plots/cannon_dgemm-eps-conve
rted-to.pdf>] [46 <./includes/plots/cannon_omp-eps-converted-to.pdf> <./include
s/plots/mono-eps-converted-to.pdf>] (./includes/plots/scal_cannon_dgemm.tex
Package epstopdf Info: Source file: <includes/plots/scal_cannon_dgemm.eps>
(epstopdf)                    date: 2015-09-09 12:45:14
(epstopdf)                    size: 22673 bytes
(epstopdf)             Output file: <includes/plots/scal_cannon_dgemm-eps-conve
rted-to.pdf>
(epstopdf)                    date: 2015-09-09 14:14:07
(epstopdf)                    size: 5435 bytes
(epstopdf)             Command: <epstopdf --outfile=includes/plots/scal_cannon_
dgemm-eps-converted-to.pdf includes/plots/scal_cannon_dgemm.eps>
(epstopdf)             \includegraphics on input line 135.
Package epstopdf Info: Output file is already uptodate.

<includes/plots/scal_cannon_dgemm-eps-converted-to.pdf, id=756, 397.485pt x 284
.06125pt>
File: includes/plots/scal_cannon_dgemm-eps-converted-to.pdf Graphic file (type 
pdf)
 <use includes/plots/scal_cannon_dgemm-eps-converted-to.pdf>
Package pdftex.def Info: includes/plots/scal_cannon_dgemm-eps-converted-to.pdf 
used on input line 135.
(pdftex.def)             Requested size: 397.48402pt x 284.06053pt.
)
(./includes/plots/scal_cannon_omp.tex
Package epstopdf Info: Source file: <includes/plots/scal_cannon_omp.eps>
(epstopdf)                    date: 2015-09-09 12:45:14
(epstopdf)                    size: 23589 bytes
(epstopdf)             Output file: <includes/plots/scal_cannon_omp-eps-convert
ed-to.pdf>
(epstopdf)                    date: 2015-09-09 14:14:07
(epstopdf)                    size: 6326 bytes
(epstopdf)             Command: <epstopdf --outfile=includes/plots/scal_cannon_
omp-eps-converted-to.pdf includes/plots/scal_cannon_omp.eps>
(epstopdf)             \includegraphics on input line 143.
Package epstopdf Info: Output file is already uptodate.

<includes/plots/scal_cannon_omp-eps-converted-to.pdf, id=757, 397.485pt x 284.0
6125pt>
File: includes/plots/scal_cannon_omp-eps-converted-to.pdf Graphic file (type pd
f)
 <use includes/plots/scal_cannon_omp-eps-converted-to.pdf>
Package pdftex.def Info: includes/plots/scal_cannon_omp-eps-converted-to.pdf us
ed on input line 143.
(pdftex.def)             Requested size: 397.48402pt x 284.06053pt.
)
Underfull \hbox (badness 1348) in paragraph at lines 60--60
[]\T1/cmr/m/n/12 Rysunek 3.7: |Przy-spie-sze-nie hy-bry-do-we-go al-go-ryt-mu C
an-no-na z ope-ra-
 []


Underfull \hbox (badness 1292) in paragraph at lines 60--60
\T1/cmr/m/n/12 mu ze wzl¦-du na wst¦p-ne ska-lo-wa-nie ma-cie-rzy jest zmien-ny
 i wy-no-si
 []

[47

 <./includes/plots/scal_cannon_dgemm-eps-converted-to.pdf>]) [48 <./includes/pl
ots/scal_cannon_omp-eps-converted-to.pdf>]
Dodatek A.
(./includes/app_opis_programu.tex
Overfull \hbox (0.99008pt too wide) in paragraph at lines 6--7
[]\T1/cmr/m/n/12 Mno»enia z wy-ko-rzy-sta-niem ope-ra-cji \T1/cmtt/m/n/12 cblas
_dgemm \T1/cmr/m/n/12 z bi-blio-te-ki In-tel MKL
 []

[49

] [50] (./.temp/_minted-main/bw.pygstyle)
\openout3 = `main.pyg'.


(./.temp/_minted-main/739248BCF8DF0DDD388D80D1F9E1967BFC2DD9750FFC39DE1B7642CA9
8DFFE87.pygtex
LaTeX Font Info:    Font shape `T1/cmtt/bx/n' in size <10> not available
(Font)              Font shape `T1/cmtt/m/n' tried instead on input line 2.
)
Package hyperref Info: bookmark level for unknown listing defaults to 0 on inpu
t line 99.
 [51]
\openout3 = `main.pyg'.


(./.temp/_minted-main/75D98342C7A5759AD534F8848D41350562643FEB57DCA41CF8992461D
F20E7DD.pygtex)) (./includes/app_przebieg_testow.tex
Overfull \hbox (11.86671pt too wide) in paragraph at lines 1--2
\T1/cmr/m/n/12 wych sys-te-mu ko-lej-ko-we-go To-rque zde-fi-nio-wa-nych w pli-
kach \T1/cmtt/m/n/12 job.sh \T1/cmr/m/n/12 i \T1/cmtt/m/n/12 job_seq.sh
 []


Underfull \hbox (badness 10000) in paragraph at lines 1--2

 []

[52]
\openout3 = `main.pyg'.


(./.temp/_minted-main/884C9DEE410E45D3CF24D958F97F0112DA7543A65D102F35576AD45B0
231EB71.pygtex)
\openout3 = `main.pyg'.


(./.temp/_minted-main/CB1D811240CA4535F688319D406DACE6DA7543A65D102F35576AD45B0
231EB71.pygtex)
\openout5 = `main.pyg'.


(./.temp/_minted-main/07564464730B9D09A986DA1B2BBD61B6DA7543A65D102F35576AD45B0
231EB71.pygtex)
\openout5 = `main.pyg'.


(./.temp/_minted-main/AD8039DC01A930165787F5A3DA9D2BA4DA7543A65D102F35576AD45B0
231EB71.pygtex)
(./.temp/_minted-main/1273FFC1795D27A653900CD888E84EBE4AFF4D7D7BC9EEF431B0262B3
5741A83.pygtex) [53]
(./.temp/_minted-main/C666E722EC50D88CD2D6EFDF61C7B32332B4880480ACBAF6B70701E28
168ADB0.pygtex)) (./includes/app_omowienie_kodu_zrodlowego.tex [54]
(./.temp/_minted-main/B12EBC8EB75A659A3D338D37DA93E853785E5AF7E730D780F1EBD6E73
E434212.pygtex) [55]
(./.temp/_minted-main/B12EBC8EB75A659A3D338D37DA93E853785E5AF7E730D780F1EBD6E73
E434212.pygtex) [56]
(./.temp/_minted-main/B12EBC8EB75A659A3D338D37DA93E853785E5AF7E730D780F1EBD6E73
E434212.pygtex) [57] [58] [59]
(./.temp/_minted-main/B12EBC8EB75A659A3D338D37DA93E853785E5AF7E730D780F1EBD6E73
E434212.pygtex)
(./.temp/_minted-main/B12EBC8EB75A659A3D338D37DA93E853785E5AF7E730D780F1EBD6E73
E434212.pygtex) [60] [61]
(./.temp/_minted-main/0C08F01E6E670D6B454E01CE520B670CCEE33E496F2064343F2B5FB5F
34E5FBA.pygtex)
(./.temp/_minted-main/52CF6C6B7E1BDE1A6504B9AD0380EFAFE6ABC26939A99B64C0297032F
755F978.pygtex) [62]
(./.temp/_minted-main/10E477ED0D0ECC26E8C31755932D98FDEE8D59E0BA48AC90FFC61060B
CCCD873.pygtex) [63]) [64]
Dodatek B.
(./includes/app_zalacznik.tex
Overfull \hbox (4.53354pt too wide) in paragraph at lines 4--5
\T1/cmr/m/n/12 (plik \T1/cmtt/m/n/12 ./paper/parallel_matrix_multiplication.pdf
\T1/cmr/m/n/12 ; kom-pi-la-cj¦ mo»-
 []


Overfull \hbox (7.77791pt too wide) in paragraph at lines 6--7
\T1/cmtt/m/n/12 makeplots.sh\T1/cmr/m/n/12 , \T1/cmtt/m/n/12 makeplots_seq.sh\T
1/cmr/m/n/12 , \T1/cmtt/m/n/12 job.sh\T1/cmr/m/n/12 , \T1/cmtt/m/n/12 job_seq.s
h \T1/cmr/m/n/12 w ka-ta-lo-gu gªów-
 []

) (.temp//main.bbl [65

] [66

])
runsystem(rm "".temp"//main.pyg")...executed.

Package atveryend Info: Empty hook `BeforeClearDocument' on input line 76.
 [67]
Package atveryend Info: Empty hook `AfterLastShipout' on input line 76.
 (.temp//main.aux)
Package atveryend Info: Executing hook `AtVeryEndDocument' on input line 76.
Package atveryend Info: Executing hook `AtEndAfterFileList' on input line 76.
Package rerunfilecheck Info: File `main.out' has not changed.
(rerunfilecheck)             Checksum: E180F2E987D57CF43B338BBBC38008F3;2123.


LaTeX Warning: There were multiply-defined labels.

 ) 
Here is how much of TeX's memory you used:
 13524 strings out of 493304
 216608 string characters out of 6139871
 369943 words of memory out of 5000000
 16195 multiletter control sequences out of 15000+600000
 28847 words of font info for 79 fonts, out of 8000000 for 9000
 957 hyphenation exceptions out of 8191
 42i,24n,47p,1443b,843s stack positions out of 5000i,500n,10000p,200000b,80000s
{/usr/share/texmf/fonts/enc/dvips/cm-super/cm-super-t1.enc}</usr/share/texliv
e/texmf-dist/fonts/type1/public/amsfonts/cm/cmbx12.pfb></usr/share/texlive/texm
f-dist/fonts/type1/public/amsfonts/cm/cmex10.pfb></usr/share/texlive/texmf-dist
/fonts/type1/public/amsfonts/cmextra/cmex8.pfb></usr/share/texlive/texmf-dist/f
onts/type1/public/amsfonts/cm/cmmi10.pfb></usr/share/texlive/texmf-dist/fonts/t
ype1/public/amsfonts/cm/cmmi12.pfb></usr/share/texlive/texmf-dist/fonts/type1/p
ublic/amsfonts/cm/cmmi6.pfb></usr/share/texlive/texmf-dist/fonts/type1/public/a
msfonts/cm/cmmi7.pfb></usr/share/texlive/texmf-dist/fonts/type1/public/amsfonts
/cm/cmmi8.pfb></usr/share/texlive/texmf-dist/fonts/type1/public/amsfonts/cm/cmr
10.pfb></usr/share/texlive/texmf-dist/fonts/type1/public/amsfonts/cm/cmr12.pfb>
</usr/share/texlive/texmf-dist/fonts/type1/public/amsfonts/cm/cmr6.pfb></usr/sh
are/texlive/texmf-dist/fonts/type1/public/amsfonts/cm/cmr7.pfb></usr/share/texl
ive/texmf-dist/fonts/type1/public/amsfonts/cm/cmr8.pfb></usr/share/texlive/texm
f-dist/fonts/type1/public/amsfonts/cm/cmsy10.pfb></usr/share/texlive/texmf-dist
/fonts/type1/public/amsfonts/cm/cmsy6.pfb></usr/share/texlive/texmf-dist/fonts/
type1/public/amsfonts/cm/cmsy8.pfb></usr/share/texlive/texmf-dist/fonts/type1/p
ublic/amsfonts/cm/cmti12.pfb></usr/share/texlive/texmf-dist/fonts/type1/public/
amsfonts/cm/cmtt12.pfb></usr/share/texlive/texmf-dist/fonts/type1/public/amsfon
ts/symbols/msbm10.pfb></usr/share/texmf/fonts/type1/public/cm-super/sfbx1200.pf
b></usr/share/texmf/fonts/type1/public/cm-super/sfbx1440.pfb></usr/share/texmf/
fonts/type1/public/cm-super/sfbx1728.pfb></usr/share/texmf/fonts/type1/public/c
m-super/sfbx2488.pfb></usr/share/texmf/fonts/type1/public/cm-super/sfcc1200.pfb
></usr/share/texmf/fonts/type1/public/cm-super/sfit1000.pfb></usr/share/texmf/f
onts/type1/public/cm-super/sfrm0600.pfb></usr/share/texmf/fonts/type1/public/cm
-super/sfrm0700.pfb></usr/share/texmf/fonts/type1/public/cm-super/sfrm0800.pfb>
</usr/share/texmf/fonts/type1/public/cm-super/sfrm1000.pfb></usr/share/texmf/fo
nts/type1/public/cm-super/sfrm1200.pfb></usr/share/texmf/fonts/type1/public/cm-
super/sfrm1728.pfb></usr/share/texmf/fonts/type1/public/cm-super/sfti1000.pfb><
/usr/share/texmf/fonts/type1/public/cm-super/sfti1200.pfb></usr/share/texmf/fon
ts/type1/public/cm-super/sftt1000.pfb></usr/share/texmf/fonts/type1/public/cm-s
uper/sftt1200.pfb>
Output written on .temp//main.pdf (67 pages, 1037623 bytes).
PDF statistics:
 1126 PDF objects out of 1200 (max. 8388607)
 979 compressed objects within 10 object streams
 335 named destinations out of 1000 (max. 500000)
 349 words of extra memory for PDF output out of 10000 (max. 10000000)

