

*******************************************************************************
Fri Sep 11 01:06:31 2015


FIT:    data read from 'data/2048_sequential.dat' u 5:1
        format = x:z
        #datapoints = 3
        residuals are weighted equally (unit weight)

function used for fitting: f(x)
fitted parameters initialized with current variable values



 Iteration 0
 WSSR        : 102.092           delta(WSSR)/WSSR   : 0
 delta(WSSR) : 0                 limit for stopping : 1e-05
 lambda	  : 1

initial set of free parameter values

mean_seq_2048   = 1

After 4 iterations the fit converged.
final sum of squares of residuals : 0.0020874
rel. change during last iteration : -3.74845e-11

degrees of freedom    (FIT_NDF)                        : 2
rms of residuals      (FIT_STDFIT) = sqrt(WSSR/ndf)    : 0.0323063
variance of residuals (reduced chisquare) = WSSR/ndf   : 0.0010437

Final set of parameters            Asymptotic Standard Error
=======================            ==========================

mean_seq_2048   = 6.83352          +/- 0.01865      (0.2729%)


correlation matrix of the fit parameters:

               mean_s 
mean_seq_2048   1.000 


*******************************************************************************
Fri Sep 11 01:06:31 2015


FIT:    data read from 'data/4096_sequential.dat' u 5:1
        format = x:z
        #datapoints = 3
        residuals are weighted equally (unit weight)

function used for fitting: g(x)
fitted parameters initialized with current variable values



 Iteration 0
 WSSR        : 12063.5           delta(WSSR)/WSSR   : 0
 delta(WSSR) : 0                 limit for stopping : 1e-05
 lambda	  : 1

initial set of free parameter values

mean_seq_4096   = 1

After 4 iterations the fit converged.
final sum of squares of residuals : 52.7253
rel. change during last iteration : -1.74518e-13

degrees of freedom    (FIT_NDF)                        : 2
rms of residuals      (FIT_STDFIT) = sqrt(WSSR/ndf)    : 5.13446
variance of residuals (reduced chisquare) = WSSR/ndf   : 26.3627

Final set of parameters            Asymptotic Standard Error
=======================            ==========================

mean_seq_4096   = 64.2739          +/- 2.964        (4.612%)


correlation matrix of the fit parameters:

               mean_s 
mean_seq_4096   1.000 


*******************************************************************************
Fri Sep 11 01:06:31 2015


FIT:    data read from 'data/8192_sequential.dat' u 5:1
        format = x:z
        #datapoints = 3
        residuals are weighted equally (unit weight)

function used for fitting: h(x)
fitted parameters initialized with current variable values



 Iteration 0
 WSSR        : 1.09819e+06       delta(WSSR)/WSSR   : 0
 delta(WSSR) : 0                 limit for stopping : 1e-05
 lambda	  : 1

initial set of free parameter values

mean_seq_8192   = 1

After 4 iterations the fit converged.
final sum of squares of residuals : 9253.33
rel. change during last iteration : -9.00321e-14

degrees of freedom    (FIT_NDF)                        : 2
rms of residuals      (FIT_STDFIT) = sqrt(WSSR/ndf)    : 68.0196
variance of residuals (reduced chisquare) = WSSR/ndf   : 4626.67

Final set of parameters            Asymptotic Standard Error
=======================            ==========================

mean_seq_8192   = 603.479          +/- 39.27        (6.507%)


correlation matrix of the fit parameters:

               mean_s 
mean_seq_8192   1.000 


*******************************************************************************
Fri Sep 11 01:06:31 2015


FIT:    data read from 'data/2048_sequential.dat' u 5:1
        format = x:z
        #datapoints = 3
        residuals are weighted equally (unit weight)

function used for fitting: f(x)
fitted parameters initialized with current variable values



 Iteration 0
 WSSR        : 102.092           delta(WSSR)/WSSR   : 0
 delta(WSSR) : 0                 limit for stopping : 1e-05
 lambda	  : 1

initial set of free parameter values

mean_seq_2048   = 1

After 4 iterations the fit converged.
final sum of squares of residuals : 0.0020874
rel. change during last iteration : -3.74845e-11

degrees of freedom    (FIT_NDF)                        : 2
rms of residuals      (FIT_STDFIT) = sqrt(WSSR/ndf)    : 0.0323063
variance of residuals (reduced chisquare) = WSSR/ndf   : 0.0010437

Final set of parameters            Asymptotic Standard Error
=======================            ==========================

mean_seq_2048   = 6.83352          +/- 0.01865      (0.2729%)


correlation matrix of the fit parameters:

               mean_s 
mean_seq_2048   1.000 


*******************************************************************************
Fri Sep 11 01:06:31 2015


FIT:    data read from 'data/4096_sequential.dat' u 5:1
        format = x:z
        #datapoints = 3
        residuals are weighted equally (unit weight)

function used for fitting: g(x)
fitted parameters initialized with current variable values



 Iteration 0
 WSSR        : 12063.5           delta(WSSR)/WSSR   : 0
 delta(WSSR) : 0                 limit for stopping : 1e-05
 lambda	  : 1

initial set of free parameter values

mean_seq_4096   = 1

After 4 iterations the fit converged.
final sum of squares of residuals : 52.7253
rel. change during last iteration : -1.74518e-13

degrees of freedom    (FIT_NDF)                        : 2
rms of residuals      (FIT_STDFIT) = sqrt(WSSR/ndf)    : 5.13446
variance of residuals (reduced chisquare) = WSSR/ndf   : 26.3627

Final set of parameters            Asymptotic Standard Error
=======================            ==========================

mean_seq_4096   = 64.2739          +/- 2.964        (4.612%)


correlation matrix of the fit parameters:

               mean_s 
mean_seq_4096   1.000 


*******************************************************************************
Fri Sep 11 01:06:31 2015


FIT:    data read from 'data/8192_sequential.dat' u 5:1
        format = x:z
        #datapoints = 3
        residuals are weighted equally (unit weight)

function used for fitting: h(x)
fitted parameters initialized with current variable values



 Iteration 0
 WSSR        : 1.09819e+06       delta(WSSR)/WSSR   : 0
 delta(WSSR) : 0                 limit for stopping : 1e-05
 lambda	  : 1

initial set of free parameter values

mean_seq_8192   = 1

After 4 iterations the fit converged.
final sum of squares of residuals : 9253.33
rel. change during last iteration : -9.00321e-14

degrees of freedom    (FIT_NDF)                        : 2
rms of residuals      (FIT_STDFIT) = sqrt(WSSR/ndf)    : 68.0196
variance of residuals (reduced chisquare) = WSSR/ndf   : 4626.67

Final set of parameters            Asymptotic Standard Error
=======================            ==========================

mean_seq_8192   = 603.479          +/- 39.27        (6.507%)


correlation matrix of the fit parameters:

               mean_s 
mean_seq_8192   1.000 


*******************************************************************************
Fri Sep 11 01:06:31 2015


FIT:    data read from 'data/8192_sequential.dat' u 5:1
        format = x:z
        #datapoints = 3
        residuals are weighted equally (unit weight)

function used for fitting: f(x)
fitted parameters initialized with current variable values



 Iteration 0
 WSSR        : 1.09819e+06       delta(WSSR)/WSSR   : 0
 delta(WSSR) : 0                 limit for stopping : 1e-05
 lambda	  : 1

initial set of free parameter values

mean_f          = 1

After 4 iterations the fit converged.
final sum of squares of residuals : 9253.33
rel. change during last iteration : -9.00321e-14

degrees of freedom    (FIT_NDF)                        : 2
rms of residuals      (FIT_STDFIT) = sqrt(WSSR/ndf)    : 68.0196
variance of residuals (reduced chisquare) = WSSR/ndf   : 4626.67

Final set of parameters            Asymptotic Standard Error
=======================            ==========================

mean_f          = 603.479          +/- 39.27        (6.507%)


correlation matrix of the fit parameters:

               mean_f 
mean_f          1.000 


*******************************************************************************
Fri Sep 11 01:06:31 2015


FIT:    data read from 'data/4096_sequential.dat' u 5:1
        format = x:z
        #datapoints = 3
        residuals are weighted equally (unit weight)

function used for fitting: g(x)
fitted parameters initialized with current variable values



 Iteration 0
 WSSR        : 12063.5           delta(WSSR)/WSSR   : 0
 delta(WSSR) : 0                 limit for stopping : 1e-05
 lambda	  : 1

initial set of free parameter values

mean_g          = 1

After 4 iterations the fit converged.
final sum of squares of residuals : 52.7253
rel. change during last iteration : -1.74518e-13

degrees of freedom    (FIT_NDF)                        : 2
rms of residuals      (FIT_STDFIT) = sqrt(WSSR/ndf)    : 5.13446
variance of residuals (reduced chisquare) = WSSR/ndf   : 26.3627

Final set of parameters            Asymptotic Standard Error
=======================            ==========================

mean_g          = 64.2739          +/- 2.964        (4.612%)


correlation matrix of the fit parameters:

               mean_g 
mean_g          1.000 


*******************************************************************************
Fri Sep 11 01:06:31 2015


FIT:    data read from 'data/2048_sequential.dat' u 5:1
        format = x:z
        #datapoints = 3
        residuals are weighted equally (unit weight)

function used for fitting: h(x)
fitted parameters initialized with current variable values



 Iteration 0
 WSSR        : 102.092           delta(WSSR)/WSSR   : 0
 delta(WSSR) : 0                 limit for stopping : 1e-05
 lambda	  : 1

initial set of free parameter values

mean_h          = 1

After 4 iterations the fit converged.
final sum of squares of residuals : 0.0020874
rel. change during last iteration : -3.74845e-11

degrees of freedom    (FIT_NDF)                        : 2
rms of residuals      (FIT_STDFIT) = sqrt(WSSR/ndf)    : 0.0323063
variance of residuals (reduced chisquare) = WSSR/ndf   : 0.0010437

Final set of parameters            Asymptotic Standard Error
=======================            ==========================

mean_h          = 6.83352          +/- 0.01865      (0.2729%)


correlation matrix of the fit parameters:

               mean_h 
mean_h          1.000 


*******************************************************************************
Fri Sep 11 01:06:31 2015


FIT:    data read from 'data/8192_sequential.dat' u 5:1
        format = x:z
        x range restricted to [1.00000 : 48.0000]
        #datapoints = 3
        residuals are weighted equally (unit weight)

function used for fitting: f(x)
fitted parameters initialized with current variable values



 Iteration 0
 WSSR        : 1.09819e+06       delta(WSSR)/WSSR   : 0
 delta(WSSR) : 0                 limit for stopping : 1e-05
 lambda	  : 1

initial set of free parameter values

mean_seq        = 1

After 4 iterations the fit converged.
final sum of squares of residuals : 9253.33
rel. change during last iteration : -9.00321e-14

degrees of freedom    (FIT_NDF)                        : 2
rms of residuals      (FIT_STDFIT) = sqrt(WSSR/ndf)    : 68.0196
variance of residuals (reduced chisquare) = WSSR/ndf   : 4626.67

Final set of parameters            Asymptotic Standard Error
=======================            ==========================

mean_seq        = 603.479          +/- 39.27        (6.507%)


correlation matrix of the fit parameters:

               mean_s 
mean_seq        1.000 


*******************************************************************************
Fri Sep 11 01:06:31 2015


FIT:    data read from 'data/8192_sequential.dat' u 5:1
        format = x:z
        #datapoints = 3
        residuals are weighted equally (unit weight)

function used for fitting: f(x)
fitted parameters initialized with current variable values



 Iteration 0
 WSSR        : 1.09819e+06       delta(WSSR)/WSSR   : 0
 delta(WSSR) : 0                 limit for stopping : 1e-05
 lambda	  : 1

initial set of free parameter values

mean_f          = 1

After 4 iterations the fit converged.
final sum of squares of residuals : 9253.33
rel. change during last iteration : -9.00321e-14

degrees of freedom    (FIT_NDF)                        : 2
rms of residuals      (FIT_STDFIT) = sqrt(WSSR/ndf)    : 68.0196
variance of residuals (reduced chisquare) = WSSR/ndf   : 4626.67

Final set of parameters            Asymptotic Standard Error
=======================            ==========================

mean_f          = 603.479          +/- 39.27        (6.507%)


correlation matrix of the fit parameters:

               mean_f 
mean_f          1.000 


*******************************************************************************
Fri Sep 11 01:06:31 2015


FIT:    data read from 'data/4096_sequential.dat' u 5:1
        format = x:z
        #datapoints = 3
        residuals are weighted equally (unit weight)

function used for fitting: g(x)
fitted parameters initialized with current variable values



 Iteration 0
 WSSR        : 12063.5           delta(WSSR)/WSSR   : 0
 delta(WSSR) : 0                 limit for stopping : 1e-05
 lambda	  : 1

initial set of free parameter values

mean_g          = 1

After 4 iterations the fit converged.
final sum of squares of residuals : 52.7253
rel. change during last iteration : -1.74518e-13

degrees of freedom    (FIT_NDF)                        : 2
rms of residuals      (FIT_STDFIT) = sqrt(WSSR/ndf)    : 5.13446
variance of residuals (reduced chisquare) = WSSR/ndf   : 26.3627

Final set of parameters            Asymptotic Standard Error
=======================            ==========================

mean_g          = 64.2739          +/- 2.964        (4.612%)


correlation matrix of the fit parameters:

               mean_g 
mean_g          1.000 


*******************************************************************************
Fri Sep 11 01:06:31 2015


FIT:    data read from 'data/2048_sequential.dat' u 5:1
        format = x:z
        #datapoints = 3
        residuals are weighted equally (unit weight)

function used for fitting: h(x)
fitted parameters initialized with current variable values



 Iteration 0
 WSSR        : 102.092           delta(WSSR)/WSSR   : 0
 delta(WSSR) : 0                 limit for stopping : 1e-05
 lambda	  : 1

initial set of free parameter values

mean_h          = 1

After 4 iterations the fit converged.
final sum of squares of residuals : 0.0020874
rel. change during last iteration : -3.74845e-11

degrees of freedom    (FIT_NDF)                        : 2
rms of residuals      (FIT_STDFIT) = sqrt(WSSR/ndf)    : 0.0323063
variance of residuals (reduced chisquare) = WSSR/ndf   : 0.0010437

Final set of parameters            Asymptotic Standard Error
=======================            ==========================

mean_h          = 6.83352          +/- 0.01865      (0.2729%)


correlation matrix of the fit parameters:

               mean_h 
mean_h          1.000 


*******************************************************************************
Fri Sep 11 01:06:31 2015


FIT:    data read from 'data/4096_sequential.dat' u 5:1
        format = x:z
        x range restricted to [* : 256.000]
        #datapoints = 3
        residuals are weighted equally (unit weight)

function used for fitting: f(x)
fitted parameters initialized with current variable values



 Iteration 0
 WSSR        : 12063.5           delta(WSSR)/WSSR   : 0
 delta(WSSR) : 0                 limit for stopping : 1e-05
 lambda	  : 1

initial set of free parameter values

mean_seq        = 1

After 4 iterations the fit converged.
final sum of squares of residuals : 52.7253
rel. change during last iteration : -1.74518e-13

degrees of freedom    (FIT_NDF)                        : 2
rms of residuals      (FIT_STDFIT) = sqrt(WSSR/ndf)    : 5.13446
variance of residuals (reduced chisquare) = WSSR/ndf   : 26.3627

Final set of parameters            Asymptotic Standard Error
=======================            ==========================

mean_seq        = 64.2739          +/- 2.964        (4.612%)


correlation matrix of the fit parameters:

               mean_s 
mean_seq        1.000 


*******************************************************************************
Fri Sep 11 01:06:31 2015


FIT:    data read from 'data/scal_sequential.dat' u 5:1
        format = x:z
        x range restricted to [* : 256.000]
        #datapoints = 3
        residuals are weighted equally (unit weight)

function used for fitting: f(x)
fitted parameters initialized with current variable values



 Iteration 0
 WSSR        : 38991.2           delta(WSSR)/WSSR   : 0
 delta(WSSR) : 0                 limit for stopping : 1e-05
 lambda	  : 1

initial set of free parameter values

mean_seq        = 1

After 4 iterations the fit converged.
final sum of squares of residuals : 0.286867
rel. change during last iteration : -1.04174e-10

degrees of freedom    (FIT_NDF)                        : 2
rms of residuals      (FIT_STDFIT) = sqrt(WSSR/ndf)    : 0.378726
variance of residuals (reduced chisquare) = WSSR/ndf   : 0.143434

Final set of parameters            Asymptotic Standard Error
=======================            ==========================

mean_seq        = 115.004          +/- 0.2187       (0.1901%)


correlation matrix of the fit parameters:

               mean_s 
mean_seq        1.000 
